#
# There is insufficient memory for the Java Runtime Environment to continue.
# Native memory allocation (malloc) failed to allocate 1411696 bytes for Chunk::new
# Possible reasons:
#   The system is out of physical RAM or swap space
#   The process is running with CompressedOops enabled, and the Java Heap may be blocking the growth of the native heap
# Possible solutions:
#   Reduce memory load on the system
#   Increase physical memory or swap space
#   Check if swap backing store is full
#   Decrease Java heap size (-Xmx/-Xms)
#   Decrease number of Java threads
#   Decrease Java thread stack sizes (-Xss)
#   Set larger code cache with -XX:ReservedCodeCacheSize=
#   JVM is running with Unscaled Compressed Oops mode in which the Java heap is
#     placed in the first 4GB address space. The Java Heap base address is the
#     maximum limit for the native heap growth. Please use -XX:HeapBaseMinAddress
#     to set the Java Heap base and to place the Java Heap above 4GB virtual address.
# This output file may be truncated or incomplete.
#
#  Out of Memory Error (arena.cpp:189), pid=10216, tid=9200
#
# JRE version: Java(TM) SE Runtime Environment (17.0.10+11) (build 17.0.10+11-LTS-240)
# Java VM: Java HotSpot(TM) 64-Bit Server VM (17.0.10+11-LTS-240, mixed mode, sharing, tiered, compressed oops, compressed class ptrs, g1 gc, windows-amd64)
# No core dump will be written. Minidumps are not enabled by default on client versions of Windows
#

---------------  S U M M A R Y ------------

Command Line: --add-opens=java.base/java.util=ALL-UNNAMED --add-opens=java.base/java.lang=ALL-UNNAMED --add-opens=java.base/java.lang.invoke=ALL-UNNAMED --add-opens=java.prefs/java.util.prefs=ALL-UNNAMED --add-opens=java.base/java.nio.charset=ALL-UNNAMED --add-opens=java.base/java.net=ALL-UNNAMED --add-opens=java.base/java.util.concurrent.atomic=ALL-UNNAMED -XX:MaxMetaspaceSize=384m -XX:+HeapDumpOnOutOfMemoryError -Xms256m -Xmx512m -Dfile.encoding=x-windows-949 -Duser.country=KR -Duser.language=ko -Duser.variant -javaagent:C:\Users\Administrator\.gradle\wrapper\dists\gradle-8.7-bin\bhs2wmbdwecv87pi65oeuq5iu\gradle-8.7\lib\agents\gradle-instrumentation-agent-8.7.jar org.gradle.launcher.daemon.bootstrap.GradleDaemon 8.7

Host: Intel(R) Core(TM) i5-2450M CPU @ 2.50GHz, 4 cores, 7G,  Windows 10 , 64 bit Build 19041 (10.0.19041.3636)
Time: Sat Jun  1 15:39:40 2024  Windows 10 , 64 bit Build 19041 (10.0.19041.3636) elapsed time: 18.179714 seconds (0d 0h 0m 18s)

---------------  T H R E A D  ---------------

Current thread (0x00000284c0078790):  JavaThread "C2 CompilerThread0" daemon [_thread_in_native, id=9200, stack(0x000000f3bea00000,0x000000f3beb00000)]


Current CompileTask:
C2:  18179 2925   !   4       java.net.URL::<init> (543 bytes)

Stack: [0x000000f3bea00000,0x000000f3beb00000]
Native frames: (J=compiled Java code, j=interpreted, Vv=VM code, C=native code)
V  [jvm.dll+0x677a5a]
V  [jvm.dll+0x7d8b2d]
V  [jvm.dll+0x7da48e]
V  [jvm.dll+0x7daaf3]
V  [jvm.dll+0x2455ff]
V  [jvm.dll+0xaaafb]
V  [jvm.dll+0xab09c]
V  [jvm.dll+0x361b5f]
V  [jvm.dll+0x32c211]
V  [jvm.dll+0x32b6aa]
V  [jvm.dll+0x21794f]
V  [jvm.dll+0x216d81]
V  [jvm.dll+0x1a3410]
V  [jvm.dll+0x226aeb]
V  [jvm.dll+0x224cab]
V  [jvm.dll+0x78e45c]
V  [jvm.dll+0x78888a]
V  [jvm.dll+0x676935]
C  [ucrtbase.dll+0x21bb2]
C  [KERNEL32.DLL+0x17344]
C  [ntdll.dll+0x526b1]


---------------  P R O C E S S  ---------------

Threads class SMR info:
_java_thread_list=0x00000284dbca75f0, length=33, elements={
0x00000284a5feee90, 0x00000284c00527e0, 0x00000284c0053660, 0x00000284c0072a30,
0x00000284c0073500, 0x00000284c00740c0, 0x00000284c0077aa0, 0x00000284c0078790,
0x00000284c0079240, 0x00000284c00e9700, 0x00000284c0188590, 0x00000284c0244d30,
0x00000284dac405b0, 0x00000284db35a7c0, 0x00000284dac97640, 0x00000284dad4c910,
0x00000284da2c98f0, 0x00000284dafc2860, 0x00000284dafc4bd0, 0x00000284dafc3280,
0x00000284dafc46c0, 0x00000284dafc50e0, 0x00000284dafc3790, 0x00000284dafc55f0,
0x00000284dafc3ca0, 0x00000284dafc1e40, 0x00000284db52b6f0, 0x00000284db52c110,
0x00000284db529380, 0x00000284db52e990, 0x00000284db528450, 0x00000284db52c620,
0x00000284db52cb30
}

Java Threads: ( => current thread )
  0x00000284a5feee90 JavaThread "main" [_thread_blocked, id=8528, stack(0x000000f3bdd00000,0x000000f3bde00000)]
  0x00000284c00527e0 JavaThread "Reference Handler" daemon [_thread_blocked, id=4100, stack(0x000000f3be400000,0x000000f3be500000)]
  0x00000284c0053660 JavaThread "Finalizer" daemon [_thread_blocked, id=3272, stack(0x000000f3be500000,0x000000f3be600000)]
  0x00000284c0072a30 JavaThread "Signal Dispatcher" daemon [_thread_blocked, id=1576, stack(0x000000f3be600000,0x000000f3be700000)]
  0x00000284c0073500 JavaThread "Attach Listener" daemon [_thread_blocked, id=10132, stack(0x000000f3be700000,0x000000f3be800000)]
  0x00000284c00740c0 JavaThread "Service Thread" daemon [_thread_blocked, id=5724, stack(0x000000f3be800000,0x000000f3be900000)]
  0x00000284c0077aa0 JavaThread "Monitor Deflation Thread" daemon [_thread_blocked, id=4456, stack(0x000000f3be900000,0x000000f3bea00000)]
=>0x00000284c0078790 JavaThread "C2 CompilerThread0" daemon [_thread_in_native, id=9200, stack(0x000000f3bea00000,0x000000f3beb00000)]
  0x00000284c0079240 JavaThread "C1 CompilerThread0" daemon [_thread_blocked, id=1092, stack(0x000000f3beb00000,0x000000f3bec00000)]
  0x00000284c00e9700 JavaThread "Sweeper thread" daemon [_thread_blocked, id=6596, stack(0x000000f3bec00000,0x000000f3bed00000)]
  0x00000284c0188590 JavaThread "Common-Cleaner" daemon [_thread_blocked, id=1760, stack(0x000000f3bed00000,0x000000f3bee00000)]
  0x00000284c0244d30 JavaThread "Notification Thread" daemon [_thread_blocked, id=4748, stack(0x000000f3bee00000,0x000000f3bef00000)]
  0x00000284dac405b0 JavaThread "Daemon health stats" [_thread_blocked, id=9368, stack(0x000000f3bf300000,0x000000f3bf400000)]
  0x00000284db35a7c0 JavaThread "Incoming local TCP Connector on port 55108" [_thread_in_native, id=3388, stack(0x000000f3bf400000,0x000000f3bf500000)]
  0x00000284dac97640 JavaThread "Daemon periodic checks" [_thread_blocked, id=2692, stack(0x000000f3bf500000,0x000000f3bf600000)]
  0x00000284dad4c910 JavaThread "Daemon" [_thread_blocked, id=2116, stack(0x000000f3bf600000,0x000000f3bf700000)]
  0x00000284da2c98f0 JavaThread "Handler for socket connection from /127.0.0.1:55108 to /127.0.0.1:55112" [_thread_in_native, id=5160, stack(0x000000f3bf700000,0x000000f3bf800000)]
  0x00000284dafc2860 JavaThread "Cancel handler" [_thread_blocked, id=9468, stack(0x000000f3bf800000,0x000000f3bf900000)]
  0x00000284dafc4bd0 JavaThread "Daemon worker" [_thread_in_Java, id=1892, stack(0x000000f3bf900000,0x000000f3bfa00000)]
  0x00000284dafc3280 JavaThread "Asynchronous log dispatcher for DefaultDaemonConnection: socket connection from /127.0.0.1:55108 to /127.0.0.1:55112" [_thread_blocked, id=6620, stack(0x000000f3bfa00000,0x000000f3bfb00000)]
  0x00000284dafc46c0 JavaThread "Stdin handler" [_thread_blocked, id=848, stack(0x000000f3bfb00000,0x000000f3bfc00000)]
  0x00000284dafc50e0 JavaThread "Daemon client event forwarder" [_thread_blocked, id=8980, stack(0x000000f3bfc00000,0x000000f3bfd00000)]
  0x00000284dafc3790 JavaThread "Cache worker for journal cache (C:\Users\Administrator\.gradle\caches\journal-1)" [_thread_blocked, id=3748, stack(0x000000f3bfd00000,0x000000f3bfe00000)]
  0x00000284dafc55f0 JavaThread "File lock request listener" [_thread_in_native, id=3976, stack(0x000000f3bfe00000,0x000000f3bff00000)]
  0x00000284dafc3ca0 JavaThread "Cache worker for file hash cache (C:\Users\Administrator\.gradle\caches\8.7\fileHashes)" [_thread_blocked, id=9028, stack(0x000000f3bff00000,0x000000f3c0000000)]
  0x00000284dafc1e40 JavaThread "File lock release action executor" [_thread_blocked, id=7764, stack(0x000000f3c0000000,0x000000f3c0100000)]
  0x00000284db52b6f0 JavaThread "Cache worker for file hash cache (C:\Users\Administrator\Desktop\찰래 프로젝트 종합\Project-CHALLAE\.gradle\8.7\fileHashes)" [_thread_blocked, id=6908, stack(0x000000f3c0100000,0x000000f3c0200000)]
  0x00000284db52c110 JavaThread "File watcher server" daemon [_thread_in_native, id=5272, stack(0x000000f3c0200000,0x000000f3c0300000)]
  0x00000284db529380 JavaThread "File watcher consumer" daemon [_thread_blocked, id=2084, stack(0x000000f3c0300000,0x000000f3c0400000)]
  0x00000284db52e990 JavaThread "Cache worker for checksums cache (C:\Users\Administrator\Desktop\찰래 프로젝트 종합\Project-CHALLAE\.gradle\8.7\checksums)" [_thread_blocked, id=4864, stack(0x000000f3c0400000,0x000000f3c0500000)]
  0x00000284db528450 JavaThread "Cache worker for cache directory md-supplier (C:\Users\Administrator\.gradle\caches\8.7\md-supplier)" [_thread_blocked, id=6628, stack(0x000000f3c0500000,0x000000f3c0600000)]
  0x00000284db52c620 JavaThread "Cache worker for cache directory md-rule (C:\Users\Administrator\.gradle\caches\8.7\md-rule)" [_thread_blocked, id=32, stack(0x000000f3c0600000,0x000000f3c0700000)]
  0x00000284db52cb30 JavaThread "Cache worker for file content cache (C:\Users\Administrator\.gradle\caches\8.7\fileContent)" [_thread_blocked, id=5012, stack(0x000000f3c0700000,0x000000f3c0800000)]

Other Threads:
  0x00000284c004d780 VMThread "VM Thread" [stack: 0x000000f3be300000,0x000000f3be400000] [id=6240]
  0x00000284a5fefe50 WatcherThread [stack: 0x000000f3bef00000,0x000000f3bf000000] [id=7728]
  0x00000284a601cb60 GCTaskThread "GC Thread#0" [stack: 0x000000f3bde00000,0x000000f3bdf00000] [id=1484]
  0x00000284c04f2d10 GCTaskThread "GC Thread#1" [stack: 0x000000f3bf000000,0x000000f3bf100000] [id=9124]
  0x00000284c0461760 GCTaskThread "GC Thread#2" [stack: 0x000000f3bf100000,0x000000f3bf200000] [id=8988]
  0x00000284c040ff20 GCTaskThread "GC Thread#3" [stack: 0x000000f3bf200000,0x000000f3bf300000] [id=884]
  0x00000284a6021ab0 ConcurrentGCThread "G1 Main Marker" [stack: 0x000000f3bdf00000,0x000000f3be000000] [id=9228]
  0x00000284a60224c0 ConcurrentGCThread "G1 Conc#0" [stack: 0x000000f3be000000,0x000000f3be100000] [id=2392]
  0x00000284bff104a0 ConcurrentGCThread "G1 Refine#0" [stack: 0x000000f3be100000,0x000000f3be200000] [id=2056]
  0x00000284bff10ed0 ConcurrentGCThread "G1 Service" [stack: 0x000000f3be200000,0x000000f3be300000] [id=5388]

Threads with active compile tasks:
C2 CompilerThread0    18218 2925   !   4       java.net.URL::<init> (543 bytes)

VM state: not at safepoint (normal execution)

VM Mutex/Monitor currently owned by a thread: None

Heap address: 0x00000000e0000000, size: 512 MB, Compressed Oops mode: 32-bit

CDS archive(s) mapped at: [0x00000284c1000000-0x00000284c1bd0000-0x00000284c1bd0000), size 12386304, SharedBaseAddress: 0x00000284c1000000, ArchiveRelocationMode: 1.
Compressed class space mapped at: 0x00000284c2000000-0x00000284d6000000, reserved size: 335544320
Narrow klass base: 0x00000284c1000000, Narrow klass shift: 0, Narrow klass range: 0x100000000

GC Precious Log:
 CPUs: 4 total, 4 available
 Memory: 8139M
 Large Page Support: Disabled
 NUMA Support: Disabled
 Compressed Oops: Enabled (32-bit)
 Heap Region Size: 1M
 Heap Min Capacity: 256M
 Heap Initial Capacity: 256M
 Heap Max Capacity: 512M
 Pre-touch: Disabled
 Parallel Workers: 4
 Concurrent Workers: 1
 Concurrent Refinement Workers: 4
 Periodic GC: Disabled

Heap:
 garbage-first heap   total 262144K, used 51437K [0x00000000e0000000, 0x0000000100000000)
  region size 1024K, 29 young (29696K), 1 survivors (1024K)
 Metaspace       used 24007K, committed 24384K, reserved 393216K
  class space    used 3568K, committed 3776K, reserved 327680K

Heap Regions: E=young(eden), S=young(survivor), O=old, HS=humongous(starts), HC=humongous(continues), CS=collection set, F=free, OA=open archive, CA=closed archive, TAMS=top-at-mark-start (previous, next)
|   0|0x00000000e0000000, 0x00000000e0100000, 0x00000000e0100000|100%| O|  |TAMS 0x00000000e0100000, 0x00000000e0000000| Untracked 
|   1|0x00000000e0100000, 0x00000000e0200000, 0x00000000e0200000|100%|HS|  |TAMS 0x00000000e0200000, 0x00000000e0100000| Complete 
|   2|0x00000000e0200000, 0x00000000e0300000, 0x00000000e0300000|100%|HC|  |TAMS 0x00000000e0300000, 0x00000000e0200000| Complete 
|   3|0x00000000e0300000, 0x00000000e0400000, 0x00000000e0400000|100%|HC|  |TAMS 0x00000000e0400000, 0x00000000e0300000| Complete 
|   4|0x00000000e0400000, 0x00000000e0500000, 0x00000000e0500000|100%|HC|  |TAMS 0x00000000e0500000, 0x00000000e0400000| Complete 
|   5|0x00000000e0500000, 0x00000000e0600000, 0x00000000e0600000|100%| O|  |TAMS 0x00000000e0600000, 0x00000000e0500000| Untracked 
|   6|0x00000000e0600000, 0x00000000e0700000, 0x00000000e0700000|100%| O|  |TAMS 0x00000000e0700000, 0x00000000e0600000| Untracked 
|   7|0x00000000e0700000, 0x00000000e0800000, 0x00000000e0800000|100%| O|  |TAMS 0x00000000e0800000, 0x00000000e0700000| Untracked 
|   8|0x00000000e0800000, 0x00000000e0900000, 0x00000000e0900000|100%| O|  |TAMS 0x00000000e0900000, 0x00000000e0800000| Untracked 
|   9|0x00000000e0900000, 0x00000000e0a00000, 0x00000000e0a00000|100%| O|  |TAMS 0x00000000e0a00000, 0x00000000e0900000| Untracked 
|  10|0x00000000e0a00000, 0x00000000e0b00000, 0x00000000e0b00000|100%| O|  |TAMS 0x00000000e0a9c600, 0x00000000e0a00000| Untracked 
|  11|0x00000000e0b00000, 0x00000000e0c00000, 0x00000000e0c00000|100%| O|  |TAMS 0x00000000e0b00000, 0x00000000e0b00000| Untracked 
|  12|0x00000000e0c00000, 0x00000000e0d00000, 0x00000000e0d00000|100%| O|  |TAMS 0x00000000e0c00000, 0x00000000e0c00000| Untracked 
|  13|0x00000000e0d00000, 0x00000000e0e00000, 0x00000000e0e00000|100%| O|  |TAMS 0x00000000e0d00000, 0x00000000e0d00000| Untracked 
|  14|0x00000000e0e00000, 0x00000000e0f00000, 0x00000000e0f00000|100%| O|  |TAMS 0x00000000e0e00000, 0x00000000e0e00000| Untracked 
|  15|0x00000000e0f00000, 0x00000000e1000000, 0x00000000e1000000|100%| O|  |TAMS 0x00000000e0f00000, 0x00000000e0f00000| Untracked 
|  16|0x00000000e1000000, 0x00000000e1100000, 0x00000000e1100000|100%| O|  |TAMS 0x00000000e1000000, 0x00000000e1000000| Untracked 
|  17|0x00000000e1100000, 0x00000000e1200000, 0x00000000e1200000|100%| O|  |TAMS 0x00000000e1100000, 0x00000000e1100000| Untracked 
|  18|0x00000000e1200000, 0x00000000e1300000, 0x00000000e1300000|100%| O|  |TAMS 0x00000000e1200000, 0x00000000e1200000| Untracked 
|  19|0x00000000e1300000, 0x00000000e1400000, 0x00000000e1400000|100%| O|  |TAMS 0x00000000e1300000, 0x00000000e1300000| Untracked 
|  20|0x00000000e1400000, 0x00000000e1500000, 0x00000000e1500000|100%| O|  |TAMS 0x00000000e1400000, 0x00000000e1400000| Untracked 
|  21|0x00000000e1500000, 0x00000000e1600000, 0x00000000e1600000|100%| O|  |TAMS 0x00000000e1500000, 0x00000000e1500000| Untracked 
|  22|0x00000000e1600000, 0x00000000e164bc00, 0x00000000e1700000| 29%| O|  |TAMS 0x00000000e1600000, 0x00000000e1600000| Untracked 
|  23|0x00000000e1700000, 0x00000000e1700000, 0x00000000e1800000|  0%| F|  |TAMS 0x00000000e1700000, 0x00000000e1700000| Untracked 
|  24|0x00000000e1800000, 0x00000000e1800000, 0x00000000e1900000|  0%| F|  |TAMS 0x00000000e1800000, 0x00000000e1800000| Untracked 
|  25|0x00000000e1900000, 0x00000000e1900000, 0x00000000e1a00000|  0%| F|  |TAMS 0x00000000e1900000, 0x00000000e1900000| Untracked 
|  26|0x00000000e1a00000, 0x00000000e1a00000, 0x00000000e1b00000|  0%| F|  |TAMS 0x00000000e1a00000, 0x00000000e1a00000| Untracked 
|  27|0x00000000e1b00000, 0x00000000e1b00000, 0x00000000e1c00000|  0%| F|  |TAMS 0x00000000e1b00000, 0x00000000e1b00000| Untracked 
|  28|0x00000000e1c00000, 0x00000000e1c00000, 0x00000000e1d00000|  0%| F|  |TAMS 0x00000000e1c00000, 0x00000000e1c00000| Untracked 
|  29|0x00000000e1d00000, 0x00000000e1d00000, 0x00000000e1e00000|  0%| F|  |TAMS 0x00000000e1d00000, 0x00000000e1d00000| Untracked 
|  30|0x00000000e1e00000, 0x00000000e1e00000, 0x00000000e1f00000|  0%| F|  |TAMS 0x00000000e1e00000, 0x00000000e1e00000| Untracked 
|  31|0x00000000e1f00000, 0x00000000e1f00000, 0x00000000e2000000|  0%| F|  |TAMS 0x00000000e1f00000, 0x00000000e1f00000| Untracked 
|  32|0x00000000e2000000, 0x00000000e2000000, 0x00000000e2100000|  0%| F|  |TAMS 0x00000000e2000000, 0x00000000e2000000| Untracked 
|  33|0x00000000e2100000, 0x00000000e2100000, 0x00000000e2200000|  0%| F|  |TAMS 0x00000000e2100000, 0x00000000e2100000| Untracked 
|  34|0x00000000e2200000, 0x00000000e2200000, 0x00000000e2300000|  0%| F|  |TAMS 0x00000000e2200000, 0x00000000e2200000| Untracked 
|  35|0x00000000e2300000, 0x00000000e2300000, 0x00000000e2400000|  0%| F|  |TAMS 0x00000000e2300000, 0x00000000e2300000| Untracked 
|  36|0x00000000e2400000, 0x00000000e2400000, 0x00000000e2500000|  0%| F|  |TAMS 0x00000000e2400000, 0x00000000e2400000| Untracked 
|  37|0x00000000e2500000, 0x00000000e2500000, 0x00000000e2600000|  0%| F|  |TAMS 0x00000000e2500000, 0x00000000e2500000| Untracked 
|  38|0x00000000e2600000, 0x00000000e2600000, 0x00000000e2700000|  0%| F|  |TAMS 0x00000000e2600000, 0x00000000e2600000| Untracked 
|  39|0x00000000e2700000, 0x00000000e2700000, 0x00000000e2800000|  0%| F|  |TAMS 0x00000000e2700000, 0x00000000e2700000| Untracked 
|  40|0x00000000e2800000, 0x00000000e2800000, 0x00000000e2900000|  0%| F|  |TAMS 0x00000000e2800000, 0x00000000e2800000| Untracked 
|  41|0x00000000e2900000, 0x00000000e2900000, 0x00000000e2a00000|  0%| F|  |TAMS 0x00000000e2900000, 0x00000000e2900000| Untracked 
|  42|0x00000000e2a00000, 0x00000000e2a00000, 0x00000000e2b00000|  0%| F|  |TAMS 0x00000000e2a00000, 0x00000000e2a00000| Untracked 
|  43|0x00000000e2b00000, 0x00000000e2b00000, 0x00000000e2c00000|  0%| F|  |TAMS 0x00000000e2b00000, 0x00000000e2b00000| Untracked 
|  44|0x00000000e2c00000, 0x00000000e2c00000, 0x00000000e2d00000|  0%| F|  |TAMS 0x00000000e2c00000, 0x00000000e2c00000| Untracked 
|  45|0x00000000e2d00000, 0x00000000e2d00000, 0x00000000e2e00000|  0%| F|  |TAMS 0x00000000e2d00000, 0x00000000e2d00000| Untracked 
|  46|0x00000000e2e00000, 0x00000000e2e00000, 0x00000000e2f00000|  0%| F|  |TAMS 0x00000000e2e00000, 0x00000000e2e00000| Untracked 
|  47|0x00000000e2f00000, 0x00000000e2f00000, 0x00000000e3000000|  0%| F|  |TAMS 0x00000000e2f00000, 0x00000000e2f00000| Untracked 
|  48|0x00000000e3000000, 0x00000000e3000000, 0x00000000e3100000|  0%| F|  |TAMS 0x00000000e3000000, 0x00000000e3000000| Untracked 
|  49|0x00000000e3100000, 0x00000000e3100000, 0x00000000e3200000|  0%| F|  |TAMS 0x00000000e3100000, 0x00000000e3100000| Untracked 
|  50|0x00000000e3200000, 0x00000000e3200000, 0x00000000e3300000|  0%| F|  |TAMS 0x00000000e3200000, 0x00000000e3200000| Untracked 
|  51|0x00000000e3300000, 0x00000000e3300000, 0x00000000e3400000|  0%| F|  |TAMS 0x00000000e3300000, 0x00000000e3300000| Untracked 
|  52|0x00000000e3400000, 0x00000000e3400000, 0x00000000e3500000|  0%| F|  |TAMS 0x00000000e3400000, 0x00000000e3400000| Untracked 
|  53|0x00000000e3500000, 0x00000000e3500000, 0x00000000e3600000|  0%| F|  |TAMS 0x00000000e3500000, 0x00000000e3500000| Untracked 
|  54|0x00000000e3600000, 0x00000000e3600000, 0x00000000e3700000|  0%| F|  |TAMS 0x00000000e3600000, 0x00000000e3600000| Untracked 
|  55|0x00000000e3700000, 0x00000000e3700000, 0x00000000e3800000|  0%| F|  |TAMS 0x00000000e3700000, 0x00000000e3700000| Untracked 
|  56|0x00000000e3800000, 0x00000000e3800000, 0x00000000e3900000|  0%| F|  |TAMS 0x00000000e3800000, 0x00000000e3800000| Untracked 
|  57|0x00000000e3900000, 0x00000000e3900000, 0x00000000e3a00000|  0%| F|  |TAMS 0x00000000e3900000, 0x00000000e3900000| Untracked 
|  58|0x00000000e3a00000, 0x00000000e3a00000, 0x00000000e3b00000|  0%| F|  |TAMS 0x00000000e3a00000, 0x00000000e3a00000| Untracked 
|  59|0x00000000e3b00000, 0x00000000e3b00000, 0x00000000e3c00000|  0%| F|  |TAMS 0x00000000e3b00000, 0x00000000e3b00000| Untracked 
|  60|0x00000000e3c00000, 0x00000000e3c00000, 0x00000000e3d00000|  0%| F|  |TAMS 0x00000000e3c00000, 0x00000000e3c00000| Untracked 
|  61|0x00000000e3d00000, 0x00000000e3d00000, 0x00000000e3e00000|  0%| F|  |TAMS 0x00000000e3d00000, 0x00000000e3d00000| Untracked 
|  62|0x00000000e3e00000, 0x00000000e3e00000, 0x00000000e3f00000|  0%| F|  |TAMS 0x00000000e3e00000, 0x00000000e3e00000| Untracked 
|  63|0x00000000e3f00000, 0x00000000e3f00000, 0x00000000e4000000|  0%| F|  |TAMS 0x00000000e3f00000, 0x00000000e3f00000| Untracked 
|  64|0x00000000e4000000, 0x00000000e4000000, 0x00000000e4100000|  0%| F|  |TAMS 0x00000000e4000000, 0x00000000e4000000| Untracked 
|  65|0x00000000e4100000, 0x00000000e4100000, 0x00000000e4200000|  0%| F|  |TAMS 0x00000000e4100000, 0x00000000e4100000| Untracked 
|  66|0x00000000e4200000, 0x00000000e4200000, 0x00000000e4300000|  0%| F|  |TAMS 0x00000000e4200000, 0x00000000e4200000| Untracked 
|  67|0x00000000e4300000, 0x00000000e4300000, 0x00000000e4400000|  0%| F|  |TAMS 0x00000000e4300000, 0x00000000e4300000| Untracked 
|  68|0x00000000e4400000, 0x00000000e4400000, 0x00000000e4500000|  0%| F|  |TAMS 0x00000000e4400000, 0x00000000e4400000| Untracked 
|  69|0x00000000e4500000, 0x00000000e4500000, 0x00000000e4600000|  0%| F|  |TAMS 0x00000000e4500000, 0x00000000e4500000| Untracked 
|  70|0x00000000e4600000, 0x00000000e4600000, 0x00000000e4700000|  0%| F|  |TAMS 0x00000000e4600000, 0x00000000e4600000| Untracked 
|  71|0x00000000e4700000, 0x00000000e4700000, 0x00000000e4800000|  0%| F|  |TAMS 0x00000000e4700000, 0x00000000e4700000| Untracked 
|  72|0x00000000e4800000, 0x00000000e4800000, 0x00000000e4900000|  0%| F|  |TAMS 0x00000000e4800000, 0x00000000e4800000| Untracked 
|  73|0x00000000e4900000, 0x00000000e4900000, 0x00000000e4a00000|  0%| F|  |TAMS 0x00000000e4900000, 0x00000000e4900000| Untracked 
|  74|0x00000000e4a00000, 0x00000000e4a00000, 0x00000000e4b00000|  0%| F|  |TAMS 0x00000000e4a00000, 0x00000000e4a00000| Untracked 
|  75|0x00000000e4b00000, 0x00000000e4b00000, 0x00000000e4c00000|  0%| F|  |TAMS 0x00000000e4b00000, 0x00000000e4b00000| Untracked 
|  76|0x00000000e4c00000, 0x00000000e4c00000, 0x00000000e4d00000|  0%| F|  |TAMS 0x00000000e4c00000, 0x00000000e4c00000| Untracked 
|  77|0x00000000e4d00000, 0x00000000e4d00000, 0x00000000e4e00000|  0%| F|  |TAMS 0x00000000e4d00000, 0x00000000e4d00000| Untracked 
|  78|0x00000000e4e00000, 0x00000000e4e00000, 0x00000000e4f00000|  0%| F|  |TAMS 0x00000000e4e00000, 0x00000000e4e00000| Untracked 
|  79|0x00000000e4f00000, 0x00000000e4f00000, 0x00000000e5000000|  0%| F|  |TAMS 0x00000000e4f00000, 0x00000000e4f00000| Untracked 
|  80|0x00000000e5000000, 0x00000000e5000000, 0x00000000e5100000|  0%| F|  |TAMS 0x00000000e5000000, 0x00000000e5000000| Untracked 
|  81|0x00000000e5100000, 0x00000000e5100000, 0x00000000e5200000|  0%| F|  |TAMS 0x00000000e5100000, 0x00000000e5100000| Untracked 
|  82|0x00000000e5200000, 0x00000000e5200000, 0x00000000e5300000|  0%| F|  |TAMS 0x00000000e5200000, 0x00000000e5200000| Untracked 
|  83|0x00000000e5300000, 0x00000000e5300000, 0x00000000e5400000|  0%| F|  |TAMS 0x00000000e5300000, 0x00000000e5300000| Untracked 
|  84|0x00000000e5400000, 0x00000000e5400000, 0x00000000e5500000|  0%| F|  |TAMS 0x00000000e5400000, 0x00000000e5400000| Untracked 
|  85|0x00000000e5500000, 0x00000000e5500000, 0x00000000e5600000|  0%| F|  |TAMS 0x00000000e5500000, 0x00000000e5500000| Untracked 
|  86|0x00000000e5600000, 0x00000000e5600000, 0x00000000e5700000|  0%| F|  |TAMS 0x00000000e5600000, 0x00000000e5600000| Untracked 
|  87|0x00000000e5700000, 0x00000000e5700000, 0x00000000e5800000|  0%| F|  |TAMS 0x00000000e5700000, 0x00000000e5700000| Untracked 
|  88|0x00000000e5800000, 0x00000000e5800000, 0x00000000e5900000|  0%| F|  |TAMS 0x00000000e5800000, 0x00000000e5800000| Untracked 
|  89|0x00000000e5900000, 0x00000000e5900000, 0x00000000e5a00000|  0%| F|  |TAMS 0x00000000e5900000, 0x00000000e5900000| Untracked 
|  90|0x00000000e5a00000, 0x00000000e5a00000, 0x00000000e5b00000|  0%| F|  |TAMS 0x00000000e5a00000, 0x00000000e5a00000| Untracked 
|  91|0x00000000e5b00000, 0x00000000e5b00000, 0x00000000e5c00000|  0%| F|  |TAMS 0x00000000e5b00000, 0x00000000e5b00000| Untracked 
|  92|0x00000000e5c00000, 0x00000000e5c00000, 0x00000000e5d00000|  0%| F|  |TAMS 0x00000000e5c00000, 0x00000000e5c00000| Untracked 
|  93|0x00000000e5d00000, 0x00000000e5d00000, 0x00000000e5e00000|  0%| F|  |TAMS 0x00000000e5d00000, 0x00000000e5d00000| Untracked 
|  94|0x00000000e5e00000, 0x00000000e5e00000, 0x00000000e5f00000|  0%| F|  |TAMS 0x00000000e5e00000, 0x00000000e5e00000| Untracked 
|  95|0x00000000e5f00000, 0x00000000e5f00000, 0x00000000e6000000|  0%| F|  |TAMS 0x00000000e5f00000, 0x00000000e5f00000| Untracked 
|  96|0x00000000e6000000, 0x00000000e6000000, 0x00000000e6100000|  0%| F|  |TAMS 0x00000000e6000000, 0x00000000e6000000| Untracked 
|  97|0x00000000e6100000, 0x00000000e6100000, 0x00000000e6200000|  0%| F|  |TAMS 0x00000000e6100000, 0x00000000e6100000| Untracked 
|  98|0x00000000e6200000, 0x00000000e6200000, 0x00000000e6300000|  0%| F|  |TAMS 0x00000000e6200000, 0x00000000e6200000| Untracked 
|  99|0x00000000e6300000, 0x00000000e6300000, 0x00000000e6400000|  0%| F|  |TAMS 0x00000000e6300000, 0x00000000e6300000| Untracked 
| 100|0x00000000e6400000, 0x00000000e6400000, 0x00000000e6500000|  0%| F|  |TAMS 0x00000000e6400000, 0x00000000e6400000| Untracked 
| 101|0x00000000e6500000, 0x00000000e6500000, 0x00000000e6600000|  0%| F|  |TAMS 0x00000000e6500000, 0x00000000e6500000| Untracked 
| 102|0x00000000e6600000, 0x00000000e6600000, 0x00000000e6700000|  0%| F|  |TAMS 0x00000000e6600000, 0x00000000e6600000| Untracked 
| 103|0x00000000e6700000, 0x00000000e6700000, 0x00000000e6800000|  0%| F|  |TAMS 0x00000000e6700000, 0x00000000e6700000| Untracked 
| 104|0x00000000e6800000, 0x00000000e6800000, 0x00000000e6900000|  0%| F|  |TAMS 0x00000000e6800000, 0x00000000e6800000| Untracked 
| 105|0x00000000e6900000, 0x00000000e6900000, 0x00000000e6a00000|  0%| F|  |TAMS 0x00000000e6900000, 0x00000000e6900000| Untracked 
| 106|0x00000000e6a00000, 0x00000000e6a00000, 0x00000000e6b00000|  0%| F|  |TAMS 0x00000000e6a00000, 0x00000000e6a00000| Untracked 
| 107|0x00000000e6b00000, 0x00000000e6b00000, 0x00000000e6c00000|  0%| F|  |TAMS 0x00000000e6b00000, 0x00000000e6b00000| Untracked 
| 108|0x00000000e6c00000, 0x00000000e6c00000, 0x00000000e6d00000|  0%| F|  |TAMS 0x00000000e6c00000, 0x00000000e6c00000| Untracked 
| 109|0x00000000e6d00000, 0x00000000e6d00000, 0x00000000e6e00000|  0%| F|  |TAMS 0x00000000e6d00000, 0x00000000e6d00000| Untracked 
| 110|0x00000000e6e00000, 0x00000000e6e00000, 0x00000000e6f00000|  0%| F|  |TAMS 0x00000000e6e00000, 0x00000000e6e00000| Untracked 
| 111|0x00000000e6f00000, 0x00000000e6f00000, 0x00000000e7000000|  0%| F|  |TAMS 0x00000000e6f00000, 0x00000000e6f00000| Untracked 
| 112|0x00000000e7000000, 0x00000000e7000000, 0x00000000e7100000|  0%| F|  |TAMS 0x00000000e7000000, 0x00000000e7000000| Untracked 
| 113|0x00000000e7100000, 0x00000000e7100000, 0x00000000e7200000|  0%| F|  |TAMS 0x00000000e7100000, 0x00000000e7100000| Untracked 
| 114|0x00000000e7200000, 0x00000000e7200000, 0x00000000e7300000|  0%| F|  |TAMS 0x00000000e7200000, 0x00000000e7200000| Untracked 
| 115|0x00000000e7300000, 0x00000000e7300000, 0x00000000e7400000|  0%| F|  |TAMS 0x00000000e7300000, 0x00000000e7300000| Untracked 
| 116|0x00000000e7400000, 0x00000000e7400000, 0x00000000e7500000|  0%| F|  |TAMS 0x00000000e7400000, 0x00000000e7400000| Untracked 
| 117|0x00000000e7500000, 0x00000000e7500000, 0x00000000e7600000|  0%| F|  |TAMS 0x00000000e7500000, 0x00000000e7500000| Untracked 
| 118|0x00000000e7600000, 0x00000000e7600000, 0x00000000e7700000|  0%| F|  |TAMS 0x00000000e7600000, 0x00000000e7600000| Untracked 
| 119|0x00000000e7700000, 0x00000000e7700000, 0x00000000e7800000|  0%| F|  |TAMS 0x00000000e7700000, 0x00000000e7700000| Untracked 
| 120|0x00000000e7800000, 0x00000000e7800000, 0x00000000e7900000|  0%| F|  |TAMS 0x00000000e7800000, 0x00000000e7800000| Untracked 
| 121|0x00000000e7900000, 0x00000000e7900000, 0x00000000e7a00000|  0%| F|  |TAMS 0x00000000e7900000, 0x00000000e7900000| Untracked 
| 122|0x00000000e7a00000, 0x00000000e7a00000, 0x00000000e7b00000|  0%| F|  |TAMS 0x00000000e7a00000, 0x00000000e7a00000| Untracked 
| 123|0x00000000e7b00000, 0x00000000e7b00000, 0x00000000e7c00000|  0%| F|  |TAMS 0x00000000e7b00000, 0x00000000e7b00000| Untracked 
| 124|0x00000000e7c00000, 0x00000000e7c00000, 0x00000000e7d00000|  0%| F|  |TAMS 0x00000000e7c00000, 0x00000000e7c00000| Untracked 
| 125|0x00000000e7d00000, 0x00000000e7d00000, 0x00000000e7e00000|  0%| F|  |TAMS 0x00000000e7d00000, 0x00000000e7d00000| Untracked 
| 126|0x00000000e7e00000, 0x00000000e7e00000, 0x00000000e7f00000|  0%| F|  |TAMS 0x00000000e7e00000, 0x00000000e7e00000| Untracked 
| 127|0x00000000e7f00000, 0x00000000e7f00000, 0x00000000e8000000|  0%| F|  |TAMS 0x00000000e7f00000, 0x00000000e7f00000| Untracked 
| 128|0x00000000e8000000, 0x00000000e8000000, 0x00000000e8100000|  0%| F|  |TAMS 0x00000000e8000000, 0x00000000e8000000| Untracked 
| 129|0x00000000e8100000, 0x00000000e8100000, 0x00000000e8200000|  0%| F|  |TAMS 0x00000000e8100000, 0x00000000e8100000| Untracked 
| 130|0x00000000e8200000, 0x00000000e8200000, 0x00000000e8300000|  0%| F|  |TAMS 0x00000000e8200000, 0x00000000e8200000| Untracked 
| 131|0x00000000e8300000, 0x00000000e8300000, 0x00000000e8400000|  0%| F|  |TAMS 0x00000000e8300000, 0x00000000e8300000| Untracked 
| 132|0x00000000e8400000, 0x00000000e8400000, 0x00000000e8500000|  0%| F|  |TAMS 0x00000000e8400000, 0x00000000e8400000| Untracked 
| 133|0x00000000e8500000, 0x00000000e8500000, 0x00000000e8600000|  0%| F|  |TAMS 0x00000000e8500000, 0x00000000e8500000| Untracked 
| 134|0x00000000e8600000, 0x00000000e8600000, 0x00000000e8700000|  0%| F|  |TAMS 0x00000000e8600000, 0x00000000e8600000| Untracked 
| 135|0x00000000e8700000, 0x00000000e8700000, 0x00000000e8800000|  0%| F|  |TAMS 0x00000000e8700000, 0x00000000e8700000| Untracked 
| 136|0x00000000e8800000, 0x00000000e8800000, 0x00000000e8900000|  0%| F|  |TAMS 0x00000000e8800000, 0x00000000e8800000| Untracked 
| 137|0x00000000e8900000, 0x00000000e8900000, 0x00000000e8a00000|  0%| F|  |TAMS 0x00000000e8900000, 0x00000000e8900000| Untracked 
| 138|0x00000000e8a00000, 0x00000000e8a00000, 0x00000000e8b00000|  0%| F|  |TAMS 0x00000000e8a00000, 0x00000000e8a00000| Untracked 
| 139|0x00000000e8b00000, 0x00000000e8b00000, 0x00000000e8c00000|  0%| F|  |TAMS 0x00000000e8b00000, 0x00000000e8b00000| Untracked 
| 140|0x00000000e8c00000, 0x00000000e8c00000, 0x00000000e8d00000|  0%| F|  |TAMS 0x00000000e8c00000, 0x00000000e8c00000| Untracked 
| 141|0x00000000e8d00000, 0x00000000e8d00000, 0x00000000e8e00000|  0%| F|  |TAMS 0x00000000e8d00000, 0x00000000e8d00000| Untracked 
| 142|0x00000000e8e00000, 0x00000000e8e00000, 0x00000000e8f00000|  0%| F|  |TAMS 0x00000000e8e00000, 0x00000000e8e00000| Untracked 
| 143|0x00000000e8f00000, 0x00000000e8f00000, 0x00000000e9000000|  0%| F|  |TAMS 0x00000000e8f00000, 0x00000000e8f00000| Untracked 
| 144|0x00000000e9000000, 0x00000000e9000000, 0x00000000e9100000|  0%| F|  |TAMS 0x00000000e9000000, 0x00000000e9000000| Untracked 
| 145|0x00000000e9100000, 0x00000000e9100000, 0x00000000e9200000|  0%| F|  |TAMS 0x00000000e9100000, 0x00000000e9100000| Untracked 
| 146|0x00000000e9200000, 0x00000000e9200000, 0x00000000e9300000|  0%| F|  |TAMS 0x00000000e9200000, 0x00000000e9200000| Untracked 
| 147|0x00000000e9300000, 0x00000000e9300000, 0x00000000e9400000|  0%| F|  |TAMS 0x00000000e9300000, 0x00000000e9300000| Untracked 
| 148|0x00000000e9400000, 0x00000000e9400000, 0x00000000e9500000|  0%| F|  |TAMS 0x00000000e9400000, 0x00000000e9400000| Untracked 
| 149|0x00000000e9500000, 0x00000000e9500000, 0x00000000e9600000|  0%| F|  |TAMS 0x00000000e9500000, 0x00000000e9500000| Untracked 
| 150|0x00000000e9600000, 0x00000000e9600000, 0x00000000e9700000|  0%| F|  |TAMS 0x00000000e9600000, 0x00000000e9600000| Untracked 
| 151|0x00000000e9700000, 0x00000000e9700000, 0x00000000e9800000|  0%| F|  |TAMS 0x00000000e9700000, 0x00000000e9700000| Untracked 
| 152|0x00000000e9800000, 0x00000000e9800000, 0x00000000e9900000|  0%| F|  |TAMS 0x00000000e9800000, 0x00000000e9800000| Untracked 
| 153|0x00000000e9900000, 0x00000000e9900000, 0x00000000e9a00000|  0%| F|  |TAMS 0x00000000e9900000, 0x00000000e9900000| Untracked 
| 154|0x00000000e9a00000, 0x00000000e9a00000, 0x00000000e9b00000|  0%| F|  |TAMS 0x00000000e9a00000, 0x00000000e9a00000| Untracked 
| 155|0x00000000e9b00000, 0x00000000e9b00000, 0x00000000e9c00000|  0%| F|  |TAMS 0x00000000e9b00000, 0x00000000e9b00000| Untracked 
| 156|0x00000000e9c00000, 0x00000000e9c00000, 0x00000000e9d00000|  0%| F|  |TAMS 0x00000000e9c00000, 0x00000000e9c00000| Untracked 
| 157|0x00000000e9d00000, 0x00000000e9d00000, 0x00000000e9e00000|  0%| F|  |TAMS 0x00000000e9d00000, 0x00000000e9d00000| Untracked 
| 158|0x00000000e9e00000, 0x00000000e9e00000, 0x00000000e9f00000|  0%| F|  |TAMS 0x00000000e9e00000, 0x00000000e9e00000| Untracked 
| 159|0x00000000e9f00000, 0x00000000e9f00000, 0x00000000ea000000|  0%| F|  |TAMS 0x00000000e9f00000, 0x00000000e9f00000| Untracked 
| 160|0x00000000ea000000, 0x00000000ea000000, 0x00000000ea100000|  0%| F|  |TAMS 0x00000000ea000000, 0x00000000ea000000| Untracked 
| 161|0x00000000ea100000, 0x00000000ea100000, 0x00000000ea200000|  0%| F|  |TAMS 0x00000000ea100000, 0x00000000ea100000| Untracked 
| 162|0x00000000ea200000, 0x00000000ea200000, 0x00000000ea300000|  0%| F|  |TAMS 0x00000000ea200000, 0x00000000ea200000| Untracked 
| 163|0x00000000ea300000, 0x00000000ea300000, 0x00000000ea400000|  0%| F|  |TAMS 0x00000000ea300000, 0x00000000ea300000| Untracked 
| 164|0x00000000ea400000, 0x00000000ea400000, 0x00000000ea500000|  0%| F|  |TAMS 0x00000000ea400000, 0x00000000ea400000| Untracked 
| 165|0x00000000ea500000, 0x00000000ea500000, 0x00000000ea600000|  0%| F|  |TAMS 0x00000000ea500000, 0x00000000ea500000| Untracked 
| 166|0x00000000ea600000, 0x00000000ea600000, 0x00000000ea700000|  0%| F|  |TAMS 0x00000000ea600000, 0x00000000ea600000| Untracked 
| 167|0x00000000ea700000, 0x00000000ea700000, 0x00000000ea800000|  0%| F|  |TAMS 0x00000000ea700000, 0x00000000ea700000| Untracked 
| 168|0x00000000ea800000, 0x00000000ea800000, 0x00000000ea900000|  0%| F|  |TAMS 0x00000000ea800000, 0x00000000ea800000| Untracked 
| 169|0x00000000ea900000, 0x00000000ea900000, 0x00000000eaa00000|  0%| F|  |TAMS 0x00000000ea900000, 0x00000000ea900000| Untracked 
| 170|0x00000000eaa00000, 0x00000000eaa00000, 0x00000000eab00000|  0%| F|  |TAMS 0x00000000eaa00000, 0x00000000eaa00000| Untracked 
| 171|0x00000000eab00000, 0x00000000eab00000, 0x00000000eac00000|  0%| F|  |TAMS 0x00000000eab00000, 0x00000000eab00000| Untracked 
| 172|0x00000000eac00000, 0x00000000eac00000, 0x00000000ead00000|  0%| F|  |TAMS 0x00000000eac00000, 0x00000000eac00000| Untracked 
| 173|0x00000000ead00000, 0x00000000ead00000, 0x00000000eae00000|  0%| F|  |TAMS 0x00000000ead00000, 0x00000000ead00000| Untracked 
| 174|0x00000000eae00000, 0x00000000eae00000, 0x00000000eaf00000|  0%| F|  |TAMS 0x00000000eae00000, 0x00000000eae00000| Untracked 
| 175|0x00000000eaf00000, 0x00000000eaf00000, 0x00000000eb000000|  0%| F|  |TAMS 0x00000000eaf00000, 0x00000000eaf00000| Untracked 
| 176|0x00000000eb000000, 0x00000000eb000000, 0x00000000eb100000|  0%| F|  |TAMS 0x00000000eb000000, 0x00000000eb000000| Untracked 
| 177|0x00000000eb100000, 0x00000000eb100000, 0x00000000eb200000|  0%| F|  |TAMS 0x00000000eb100000, 0x00000000eb100000| Untracked 
| 178|0x00000000eb200000, 0x00000000eb200000, 0x00000000eb300000|  0%| F|  |TAMS 0x00000000eb200000, 0x00000000eb200000| Untracked 
| 179|0x00000000eb300000, 0x00000000eb300000, 0x00000000eb400000|  0%| F|  |TAMS 0x00000000eb300000, 0x00000000eb300000| Untracked 
| 180|0x00000000eb400000, 0x00000000eb400000, 0x00000000eb500000|  0%| F|  |TAMS 0x00000000eb400000, 0x00000000eb400000| Untracked 
| 181|0x00000000eb500000, 0x00000000eb500000, 0x00000000eb600000|  0%| F|  |TAMS 0x00000000eb500000, 0x00000000eb500000| Untracked 
| 182|0x00000000eb600000, 0x00000000eb600000, 0x00000000eb700000|  0%| F|  |TAMS 0x00000000eb600000, 0x00000000eb600000| Untracked 
| 183|0x00000000eb700000, 0x00000000eb700000, 0x00000000eb800000|  0%| F|  |TAMS 0x00000000eb700000, 0x00000000eb700000| Untracked 
| 184|0x00000000eb800000, 0x00000000eb800000, 0x00000000eb900000|  0%| F|  |TAMS 0x00000000eb800000, 0x00000000eb800000| Untracked 
| 185|0x00000000eb900000, 0x00000000eb900000, 0x00000000eba00000|  0%| F|  |TAMS 0x00000000eb900000, 0x00000000eb900000| Untracked 
| 186|0x00000000eba00000, 0x00000000eba00000, 0x00000000ebb00000|  0%| F|  |TAMS 0x00000000eba00000, 0x00000000eba00000| Untracked 
| 187|0x00000000ebb00000, 0x00000000ebb00000, 0x00000000ebc00000|  0%| F|  |TAMS 0x00000000ebb00000, 0x00000000ebb00000| Untracked 
| 188|0x00000000ebc00000, 0x00000000ebc00000, 0x00000000ebd00000|  0%| F|  |TAMS 0x00000000ebc00000, 0x00000000ebc00000| Untracked 
| 189|0x00000000ebd00000, 0x00000000ebd00000, 0x00000000ebe00000|  0%| F|  |TAMS 0x00000000ebd00000, 0x00000000ebd00000| Untracked 
| 190|0x00000000ebe00000, 0x00000000ebe00000, 0x00000000ebf00000|  0%| F|  |TAMS 0x00000000ebe00000, 0x00000000ebe00000| Untracked 
| 191|0x00000000ebf00000, 0x00000000ebf00000, 0x00000000ec000000|  0%| F|  |TAMS 0x00000000ebf00000, 0x00000000ebf00000| Untracked 
| 192|0x00000000ec000000, 0x00000000ec000000, 0x00000000ec100000|  0%| F|  |TAMS 0x00000000ec000000, 0x00000000ec000000| Untracked 
| 193|0x00000000ec100000, 0x00000000ec100000, 0x00000000ec200000|  0%| F|  |TAMS 0x00000000ec100000, 0x00000000ec100000| Untracked 
| 194|0x00000000ec200000, 0x00000000ec200000, 0x00000000ec300000|  0%| F|  |TAMS 0x00000000ec200000, 0x00000000ec200000| Untracked 
| 195|0x00000000ec300000, 0x00000000ec300000, 0x00000000ec400000|  0%| F|  |TAMS 0x00000000ec300000, 0x00000000ec300000| Untracked 
| 196|0x00000000ec400000, 0x00000000ec400000, 0x00000000ec500000|  0%| F|  |TAMS 0x00000000ec400000, 0x00000000ec400000| Untracked 
| 197|0x00000000ec500000, 0x00000000ec500000, 0x00000000ec600000|  0%| F|  |TAMS 0x00000000ec500000, 0x00000000ec500000| Untracked 
| 198|0x00000000ec600000, 0x00000000ec600000, 0x00000000ec700000|  0%| F|  |TAMS 0x00000000ec600000, 0x00000000ec600000| Untracked 
| 199|0x00000000ec700000, 0x00000000ec700000, 0x00000000ec800000|  0%| F|  |TAMS 0x00000000ec700000, 0x00000000ec700000| Untracked 
| 200|0x00000000ec800000, 0x00000000ec800000, 0x00000000ec900000|  0%| F|  |TAMS 0x00000000ec800000, 0x00000000ec800000| Untracked 
| 201|0x00000000ec900000, 0x00000000ec900000, 0x00000000eca00000|  0%| F|  |TAMS 0x00000000ec900000, 0x00000000ec900000| Untracked 
| 202|0x00000000eca00000, 0x00000000eca00000, 0x00000000ecb00000|  0%| F|  |TAMS 0x00000000eca00000, 0x00000000eca00000| Untracked 
| 203|0x00000000ecb00000, 0x00000000ecb00000, 0x00000000ecc00000|  0%| F|  |TAMS 0x00000000ecb00000, 0x00000000ecb00000| Untracked 
| 204|0x00000000ecc00000, 0x00000000ecc00000, 0x00000000ecd00000|  0%| F|  |TAMS 0x00000000ecc00000, 0x00000000ecc00000| Untracked 
| 205|0x00000000ecd00000, 0x00000000ecd00000, 0x00000000ece00000|  0%| F|  |TAMS 0x00000000ecd00000, 0x00000000ecd00000| Untracked 
| 206|0x00000000ece00000, 0x00000000ece00000, 0x00000000ecf00000|  0%| F|  |TAMS 0x00000000ece00000, 0x00000000ece00000| Untracked 
| 207|0x00000000ecf00000, 0x00000000ecf00000, 0x00000000ed000000|  0%| F|  |TAMS 0x00000000ecf00000, 0x00000000ecf00000| Untracked 
| 208|0x00000000ed000000, 0x00000000ed000000, 0x00000000ed100000|  0%| F|  |TAMS 0x00000000ed000000, 0x00000000ed000000| Untracked 
| 209|0x00000000ed100000, 0x00000000ed100000, 0x00000000ed200000|  0%| F|  |TAMS 0x00000000ed100000, 0x00000000ed100000| Untracked 
| 210|0x00000000ed200000, 0x00000000ed200000, 0x00000000ed300000|  0%| F|  |TAMS 0x00000000ed200000, 0x00000000ed200000| Untracked 
| 211|0x00000000ed300000, 0x00000000ed300000, 0x00000000ed400000|  0%| F|  |TAMS 0x00000000ed300000, 0x00000000ed300000| Untracked 
| 212|0x00000000ed400000, 0x00000000ed400000, 0x00000000ed500000|  0%| F|  |TAMS 0x00000000ed400000, 0x00000000ed400000| Untracked 
| 213|0x00000000ed500000, 0x00000000ed500000, 0x00000000ed600000|  0%| F|  |TAMS 0x00000000ed500000, 0x00000000ed500000| Untracked 
| 214|0x00000000ed600000, 0x00000000ed600000, 0x00000000ed700000|  0%| F|  |TAMS 0x00000000ed600000, 0x00000000ed600000| Untracked 
| 215|0x00000000ed700000, 0x00000000ed700000, 0x00000000ed800000|  0%| F|  |TAMS 0x00000000ed700000, 0x00000000ed700000| Untracked 
| 216|0x00000000ed800000, 0x00000000ed800000, 0x00000000ed900000|  0%| F|  |TAMS 0x00000000ed800000, 0x00000000ed800000| Untracked 
| 217|0x00000000ed900000, 0x00000000ed900000, 0x00000000eda00000|  0%| F|  |TAMS 0x00000000ed900000, 0x00000000ed900000| Untracked 
| 218|0x00000000eda00000, 0x00000000eda00000, 0x00000000edb00000|  0%| F|  |TAMS 0x00000000eda00000, 0x00000000eda00000| Untracked 
| 219|0x00000000edb00000, 0x00000000edb00000, 0x00000000edc00000|  0%| F|  |TAMS 0x00000000edb00000, 0x00000000edb00000| Untracked 
| 220|0x00000000edc00000, 0x00000000edc00000, 0x00000000edd00000|  0%| F|  |TAMS 0x00000000edc00000, 0x00000000edc00000| Untracked 
| 221|0x00000000edd00000, 0x00000000edd00000, 0x00000000ede00000|  0%| F|  |TAMS 0x00000000edd00000, 0x00000000edd00000| Untracked 
| 222|0x00000000ede00000, 0x00000000ede00000, 0x00000000edf00000|  0%| F|  |TAMS 0x00000000ede00000, 0x00000000ede00000| Untracked 
| 223|0x00000000edf00000, 0x00000000edf00000, 0x00000000ee000000|  0%| F|  |TAMS 0x00000000edf00000, 0x00000000edf00000| Untracked 
| 224|0x00000000ee000000, 0x00000000ee000000, 0x00000000ee100000|  0%| F|  |TAMS 0x00000000ee000000, 0x00000000ee000000| Untracked 
| 225|0x00000000ee100000, 0x00000000ee100000, 0x00000000ee200000|  0%| F|  |TAMS 0x00000000ee100000, 0x00000000ee100000| Untracked 
| 226|0x00000000ee200000, 0x00000000ee200000, 0x00000000ee300000|  0%| F|  |TAMS 0x00000000ee200000, 0x00000000ee200000| Untracked 
| 227|0x00000000ee300000, 0x00000000ee380800, 0x00000000ee400000| 50%| E|  |TAMS 0x00000000ee300000, 0x00000000ee300000| Complete 
| 228|0x00000000ee400000, 0x00000000ee500000, 0x00000000ee500000|100%| E|CS|TAMS 0x00000000ee400000, 0x00000000ee400000| Complete 
| 229|0x00000000ee500000, 0x00000000ee600000, 0x00000000ee600000|100%| E|CS|TAMS 0x00000000ee500000, 0x00000000ee500000| Complete 
| 230|0x00000000ee600000, 0x00000000ee700000, 0x00000000ee700000|100%| E|CS|TAMS 0x00000000ee600000, 0x00000000ee600000| Complete 
| 231|0x00000000ee700000, 0x00000000ee800000, 0x00000000ee800000|100%| E|CS|TAMS 0x00000000ee700000, 0x00000000ee700000| Complete 
| 232|0x00000000ee800000, 0x00000000ee900000, 0x00000000ee900000|100%| E|CS|TAMS 0x00000000ee800000, 0x00000000ee800000| Complete 
| 233|0x00000000ee900000, 0x00000000eea00000, 0x00000000eea00000|100%| E|CS|TAMS 0x00000000ee900000, 0x00000000ee900000| Complete 
| 234|0x00000000eea00000, 0x00000000eeb00000, 0x00000000eeb00000|100%| E|CS|TAMS 0x00000000eea00000, 0x00000000eea00000| Complete 
| 235|0x00000000eeb00000, 0x00000000eec00000, 0x00000000eec00000|100%| E|CS|TAMS 0x00000000eeb00000, 0x00000000eeb00000| Complete 
| 236|0x00000000eec00000, 0x00000000eed00000, 0x00000000eed00000|100%| E|CS|TAMS 0x00000000eec00000, 0x00000000eec00000| Complete 
| 237|0x00000000eed00000, 0x00000000eee00000, 0x00000000eee00000|100%| E|CS|TAMS 0x00000000eed00000, 0x00000000eed00000| Complete 
| 238|0x00000000eee00000, 0x00000000eef00000, 0x00000000eef00000|100%| E|CS|TAMS 0x00000000eee00000, 0x00000000eee00000| Complete 
| 239|0x00000000eef00000, 0x00000000ef000000, 0x00000000ef000000|100%| E|CS|TAMS 0x00000000eef00000, 0x00000000eef00000| Complete 
| 240|0x00000000ef000000, 0x00000000ef100000, 0x00000000ef100000|100%| E|CS|TAMS 0x00000000ef000000, 0x00000000ef000000| Complete 
| 241|0x00000000ef100000, 0x00000000ef200000, 0x00000000ef200000|100%| E|CS|TAMS 0x00000000ef100000, 0x00000000ef100000| Complete 
| 242|0x00000000ef200000, 0x00000000ef300000, 0x00000000ef300000|100%| E|CS|TAMS 0x00000000ef200000, 0x00000000ef200000| Complete 
| 243|0x00000000ef300000, 0x00000000ef400000, 0x00000000ef400000|100%| E|CS|TAMS 0x00000000ef300000, 0x00000000ef300000| Complete 
| 244|0x00000000ef400000, 0x00000000ef500000, 0x00000000ef500000|100%| E|CS|TAMS 0x00000000ef400000, 0x00000000ef400000| Complete 
| 245|0x00000000ef500000, 0x00000000ef600000, 0x00000000ef600000|100%| E|CS|TAMS 0x00000000ef500000, 0x00000000ef500000| Complete 
| 246|0x00000000ef600000, 0x00000000ef700000, 0x00000000ef700000|100%| E|CS|TAMS 0x00000000ef600000, 0x00000000ef600000| Complete 
| 247|0x00000000ef700000, 0x00000000ef7ef928, 0x00000000ef800000| 93%| S|CS|TAMS 0x00000000ef700000, 0x00000000ef700000| Complete 
| 248|0x00000000ef800000, 0x00000000ef900000, 0x00000000ef900000|100%| E|CS|TAMS 0x00000000ef800000, 0x00000000ef800000| Complete 
| 249|0x00000000ef900000, 0x00000000efa00000, 0x00000000efa00000|100%| E|CS|TAMS 0x00000000ef900000, 0x00000000ef900000| Complete 
| 250|0x00000000efa00000, 0x00000000efb00000, 0x00000000efb00000|100%| E|CS|TAMS 0x00000000efa00000, 0x00000000efa00000| Complete 
| 251|0x00000000efb00000, 0x00000000efc00000, 0x00000000efc00000|100%| E|CS|TAMS 0x00000000efb00000, 0x00000000efb00000| Complete 
| 252|0x00000000efc00000, 0x00000000efd00000, 0x00000000efd00000|100%| E|CS|TAMS 0x00000000efc00000, 0x00000000efc00000| Complete 
| 253|0x00000000efd00000, 0x00000000efe00000, 0x00000000efe00000|100%| E|CS|TAMS 0x00000000efd00000, 0x00000000efd00000| Complete 
| 254|0x00000000efe00000, 0x00000000eff00000, 0x00000000eff00000|100%| E|CS|TAMS 0x00000000efe00000, 0x00000000efe00000| Complete 
| 255|0x00000000eff00000, 0x00000000f0000000, 0x00000000f0000000|100%| E|CS|TAMS 0x00000000eff00000, 0x00000000eff00000| Complete 

Card table byte_map: [0x00000284bc8b0000,0x00000284bc9b0000] _byte_map_base: 0x00000284bc1b0000

Marking Bits (Prev, Next): (CMBitMap*) 0x00000284a601d1c0, (CMBitMap*) 0x00000284a601d180
 Prev Bits: [0x00000284bd2b0000, 0x00000284bdab0000)
 Next Bits: [0x00000284bcab0000, 0x00000284bd2b0000)

Polling page: 0x00000284a41a0000

Metaspace:

Usage:
  Non-class:     19.96 MB used.
      Class:      3.49 MB used.
       Both:     23.44 MB used.

Virtual space:
  Non-class space:       64.00 MB reserved,      20.12 MB ( 31%) committed,  1 nodes.
      Class space:      320.00 MB reserved,       3.69 MB (  1%) committed,  1 nodes.
             Both:      384.00 MB reserved,      23.81 MB (  6%) committed. 

Chunk freelists:
   Non-Class:  11.88 MB
       Class:  12.36 MB
        Both:  24.23 MB

MaxMetaspaceSize: 384.00 MB
CompressedClassSpaceSize: 320.00 MB
Initial GC threshold: 21.00 MB
Current GC threshold: 35.44 MB
CDS: on
MetaspaceReclaimPolicy: balanced
 - commit_granule_bytes: 65536.
 - commit_granule_words: 8192.
 - virtual_space_node_default_size: 8388608.
 - enlarge_chunks_in_place: 1.
 - new_chunks_are_fully_committed: 0.
 - uncommit_free_chunks: 1.
 - use_allocation_guard: 0.
 - handle_deallocations: 1.


Internal statistics:

num_allocs_failed_limit: 3.
num_arena_births: 268.
num_arena_deaths: 0.
num_vsnodes_births: 2.
num_vsnodes_deaths: 0.
num_space_committed: 381.
num_space_uncommitted: 0.
num_chunks_returned_to_freelist: 3.
num_chunks_taken_from_freelist: 1166.
num_chunk_merges: 3.
num_chunk_splits: 762.
num_chunks_enlarged: 537.
num_inconsistent_stats: 0.

CodeHeap 'non-profiled nmethods': size=120000Kb used=1712Kb max_used=1712Kb free=118287Kb
 bounds [0x00000284b5380000, 0x00000284b55f0000, 0x00000284bc8b0000]
CodeHeap 'profiled nmethods': size=120000Kb used=6494Kb max_used=6494Kb free=113505Kb
 bounds [0x00000284ad8b0000, 0x00000284adf10000, 0x00000284b4de0000]
CodeHeap 'non-nmethods': size=5760Kb used=1242Kb max_used=1284Kb free=4517Kb
 bounds [0x00000284b4de0000, 0x00000284b5050000, 0x00000284b5380000]
 total_blobs=3583 nmethods=3032 adapters=463
 compilation: enabled
              stopped_count=0, restarted_count=0
 full_count=0

Compilation events (20 events):
Event: 18.083 Thread 0x00000284c0079240 3032       3       org.objectweb.asm.Label::put (83 bytes)
Event: 18.083 Thread 0x00000284c0079240 nmethod 3032 0x00000284adf03d90 code [0x00000284adf03fa0, 0x00000284adf043d8]
Event: 18.083 Thread 0x00000284c0079240 3033       3       org.objectweb.asm.MethodVisitor::visitLabel (16 bytes)
Event: 18.084 Thread 0x00000284c0079240 nmethod 3033 0x00000284adf04590 code [0x00000284adf04740, 0x00000284adf04948]
Event: 18.086 Thread 0x00000284c0079240 3034       1       org.gradle.internal.instantiation.generator.AbstractClassGenerator$PropertyMetadata::access$600 (5 bytes)
Event: 18.086 Thread 0x00000284c0079240 nmethod 3034 0x00000284b552bd90 code [0x00000284b552bf20, 0x00000284b552bfd8]
Event: 18.086 Thread 0x00000284c0079240 3035       3       org.gradle.internal.instantiation.generator.AsmBackedClassGenerator$ClassBuilderImpl$LocalMethodVisitorScope::<init> (11 bytes)
Event: 18.087 Thread 0x00000284c0079240 nmethod 3035 0x00000284adf04a10 code [0x00000284adf04bc0, 0x00000284adf04dc8]
Event: 18.087 Thread 0x00000284c0079240 3036       3       org.gradle.model.internal.asm.ClassVisitorScope::addField (11 bytes)
Event: 18.087 Thread 0x00000284c0079240 nmethod 3036 0x00000284adf04e90 code [0x00000284adf05040, 0x00000284adf05208]
Event: 18.087 Thread 0x00000284c0079240 3037       3       org.objectweb.asm.ClassVisitor::visitField (24 bytes)
Event: 18.087 Thread 0x00000284c0079240 nmethod 3037 0x00000284adf05310 code [0x00000284adf054c0, 0x00000284adf05708]
Event: 18.087 Thread 0x00000284c0079240 3038       3       org.objectweb.asm.MethodVisitor::visitTypeInsn (17 bytes)
Event: 18.087 Thread 0x00000284c0079240 nmethod 3038 0x00000284adf05810 code [0x00000284adf059c0, 0x00000284adf05bc8]
Event: 18.087 Thread 0x00000284c0079240 3039       3       org.objectweb.asm.MethodWriter::visitTypeInsn (116 bytes)
Event: 18.088 Thread 0x00000284c0079240 nmethod 3039 0x00000284adf05c90 code [0x00000284adf05e80, 0x00000284adf06308]
Event: 18.088 Thread 0x00000284c0079240 3040       3       org.objectweb.asm.FieldWriter::computeFieldInfoSize (86 bytes)
Event: 18.088 Thread 0x00000284c0079240 nmethod 3040 0x00000284adf06510 code [0x00000284adf066e0, 0x00000284adf069b8]
Event: 18.088 Thread 0x00000284c0079240 3041       3       org.objectweb.asm.FieldWriter::putFieldInfo (269 bytes)
Event: 18.090 Thread 0x00000284c0079240 nmethod 3041 0x00000284adf06b10 code [0x00000284adf06da0, 0x00000284adf07728]

GC Heap History (10 events):
Event: 1.882 GC heap before
{Heap before GC invocations=0 (full 0):
 garbage-first heap   total 262144K, used 13312K [0x00000000e0000000, 0x0000000100000000)
  region size 1024K, 13 young (13312K), 0 survivors (0K)
 Metaspace       used 1025K, committed 1152K, reserved 393216K
  class space    used 79K, committed 128K, reserved 327680K
}
Event: 1.986 GC heap after
{Heap after GC invocations=1 (full 0):
 garbage-first heap   total 262144K, used 2760K [0x00000000e0000000, 0x0000000100000000)
  region size 1024K, 2 young (2048K), 2 survivors (2048K)
 Metaspace       used 1025K, committed 1152K, reserved 393216K
  class space    used 79K, committed 128K, reserved 327680K
}
Event: 5.044 GC heap before
{Heap before GC invocations=1 (full 0):
 garbage-first heap   total 262144K, used 23240K [0x00000000e0000000, 0x0000000100000000)
  region size 1024K, 18 young (18432K), 2 survivors (2048K)
 Metaspace       used 3813K, committed 3968K, reserved 393216K
  class space    used 477K, committed 576K, reserved 327680K
}
Event: 5.052 GC heap after
{Heap after GC invocations=2 (full 0):
 garbage-first heap   total 262144K, used 10757K [0x00000000e0000000, 0x0000000100000000)
  region size 1024K, 3 young (3072K), 3 survivors (3072K)
 Metaspace       used 3813K, committed 3968K, reserved 393216K
  class space    used 477K, committed 576K, reserved 327680K
}
Event: 5.915 GC heap before
{Heap before GC invocations=2 (full 0):
 garbage-first heap   total 262144K, used 33285K [0x00000000e0000000, 0x0000000100000000)
  region size 1024K, 25 young (25600K), 3 survivors (3072K)
 Metaspace       used 4038K, committed 4224K, reserved 393216K
  class space    used 495K, committed 576K, reserved 327680K
}
Event: 5.919 GC heap after
{Heap after GC invocations=3 (full 0):
 garbage-first heap   total 262144K, used 11430K [0x00000000e0000000, 0x0000000100000000)
  region size 1024K, 1 young (1024K), 1 survivors (1024K)
 Metaspace       used 4038K, committed 4224K, reserved 393216K
  class space    used 495K, committed 576K, reserved 327680K
}
Event: 15.745 GC heap before
{Heap before GC invocations=3 (full 0):
 garbage-first heap   total 262144K, used 126118K [0x00000000e0000000, 0x0000000100000000)
  region size 1024K, 112 young (114688K), 1 survivors (1024K)
 Metaspace       used 20384K, committed 20736K, reserved 393216K
  class space    used 2967K, committed 3136K, reserved 327680K
}
Event: 15.762 GC heap after
{Heap after GC invocations=4 (full 0):
 garbage-first heap   total 262144K, used 22427K [0x00000000e0000000, 0x0000000100000000)
  region size 1024K, 12 young (12288K), 12 survivors (12288K)
 Metaspace       used 20384K, committed 20736K, reserved 393216K
  class space    used 2967K, committed 3136K, reserved 327680K
}
Event: 16.454 GC heap before
{Heap before GC invocations=4 (full 0):
 garbage-first heap   total 262144K, used 29595K [0x00000000e0000000, 0x0000000100000000)
  region size 1024K, 20 young (20480K), 12 survivors (12288K)
 Metaspace       used 21261K, committed 21504K, reserved 393216K
  class space    used 3118K, committed 3264K, reserved 327680K
}
Event: 16.472 GC heap after
{Heap after GC invocations=5 (full 0):
 garbage-first heap   total 262144K, used 23789K [0x00000000e0000000, 0x0000000100000000)
  region size 1024K, 1 young (1024K), 1 survivors (1024K)
 Metaspace       used 21261K, committed 21504K, reserved 393216K
  class space    used 3118K, committed 3264K, reserved 327680K
}

Deoptimization events (20 events):
Event: 15.984 Thread 0x00000284dafc4bd0 DEOPT PACKING pc=0x00000284b5397d34 sp=0x000000f3bf9fbdb0
Event: 15.984 Thread 0x00000284dafc4bd0 DEOPT UNPACKING pc=0x00000284b4e323a3 sp=0x000000f3bf9fbcf8 mode 2
Event: 16.197 Thread 0x00000284dafc4bd0 DEOPT PACKING pc=0x00000284addfb370 sp=0x000000f3bf9fb8a0
Event: 16.197 Thread 0x00000284dafc4bd0 DEOPT UNPACKING pc=0x00000284b4e32b43 sp=0x000000f3bf9facf0 mode 0
Event: 16.302 Thread 0x00000284dafc4bd0 Uncommon trap: trap_request=0xffffff45 fr.pc=0x00000284b538ba00 relative=0x0000000000000180
Event: 16.302 Thread 0x00000284dafc4bd0 Uncommon trap: reason=unstable_if action=reinterpret pc=0x00000284b538ba00 method=java.lang.String.equals(Ljava/lang/Object;)Z @ 33 c2
Event: 16.302 Thread 0x00000284dafc4bd0 DEOPT PACKING pc=0x00000284b538ba00 sp=0x000000f3bf9fc5a0
Event: 16.302 Thread 0x00000284dafc4bd0 DEOPT UNPACKING pc=0x00000284b4e323a3 sp=0x000000f3bf9fc540 mode 2
Event: 16.302 Thread 0x00000284dafc4bd0 Uncommon trap: trap_request=0xffffff45 fr.pc=0x00000284b53eb668 relative=0x0000000000000248
Event: 16.302 Thread 0x00000284dafc4bd0 Uncommon trap: reason=unstable_if action=reinterpret pc=0x00000284b53eb668 method=java.lang.String.startsWith(Ljava/lang/String;I)Z @ 50 c2
Event: 16.302 Thread 0x00000284dafc4bd0 DEOPT PACKING pc=0x00000284b53eb668 sp=0x000000f3bf9fc530
Event: 16.302 Thread 0x00000284dafc4bd0 DEOPT UNPACKING pc=0x00000284b4e323a3 sp=0x000000f3bf9fc490 mode 2
Event: 16.648 Thread 0x00000284dafc4bd0 DEOPT PACKING pc=0x00000284adc9807e sp=0x000000f3bf9fa590
Event: 16.648 Thread 0x00000284dafc4bd0 DEOPT UNPACKING pc=0x00000284b4e32b43 sp=0x000000f3bf9f9a00 mode 0
Event: 17.313 Thread 0x00000284dafc4bd0 Uncommon trap: trap_request=0xffffff45 fr.pc=0x00000284b53e9154 relative=0x0000000000000594
Event: 17.313 Thread 0x00000284dafc4bd0 Uncommon trap: reason=unstable_if action=reinterpret pc=0x00000284b53e9154 method=java.util.HashMap.hash(Ljava/lang/Object;)I @ 1 c2
Event: 17.313 Thread 0x00000284dafc4bd0 DEOPT PACKING pc=0x00000284b53e9154 sp=0x000000f3bf9f6e20
Event: 17.313 Thread 0x00000284dafc4bd0 DEOPT UNPACKING pc=0x00000284b4e323a3 sp=0x000000f3bf9f6cc8 mode 2
Event: 17.706 Thread 0x00000284dafc4bd0 DEOPT PACKING pc=0x00000284adc97388 sp=0x000000f3bf9f4090
Event: 17.706 Thread 0x00000284dafc4bd0 DEOPT UNPACKING pc=0x00000284b4e32b43 sp=0x000000f3bf9f3598 mode 0

Classes unloaded (0 events):
No events

Classes redefined (0 events):
No events

Internal exceptions (20 events):
Event: 12.783 Thread 0x00000284dafc4bd0 Exception <a 'java/lang/NoSuchMethodError'{0x00000000eb978de8}: 'java.lang.Object java.lang.invoke.Invokers$Holder.invokeExact_MT(java.lang.Object, java.lang.Object, java.lang.Object, java.lang.Object, java.lang.Object, java.lang.Object)'> (0x00000000eb978de8) 
thrown [s\open\src\hotspot\share\interpreter\linkResolver.cpp, line 759]
Event: 12.995 Thread 0x00000284dafc4bd0 Exception <a 'java/lang/IncompatibleClassChangeError'{0x00000000eb6e3028}: Found class java.lang.Object, but interface was expected> (0x00000000eb6e3028) 
thrown [s\open\src\hotspot\share\interpreter\linkResolver.cpp, line 826]
Event: 14.165 Thread 0x00000284dafc4bd0 Exception <a 'java/lang/NoSuchMethodError'{0x00000000ea0aa7e0}: 'java.lang.Object java.lang.invoke.DirectMethodHandle$Holder.invokeVirtual(java.lang.Object, java.lang.Object, java.lang.Object, java.lang.Object)'> (0x00000000ea0aa7e0) 
thrown [s\open\src\hotspot\share\interpreter\linkResolver.cpp, line 759]
Event: 14.368 Thread 0x00000284dafc4bd0 Exception <a 'java/lang/NoSuchMethodError'{0x00000000e9ff8108}: 'java.lang.Object java.lang.invoke.DirectMethodHandle$Holder.newInvokeSpecial(java.lang.Object, java.lang.Object, java.lang.Object, java.lang.Object, java.lang.Object, java.lang.Object, java.lang.Object)'> (0x00000000e9ff8108) 
thrown [s\open\src\hotspot\share\interpreter\linkResolver.cpp, line 759]
Event: 14.369 Thread 0x00000284dafc4bd0 Exception <a 'java/lang/NoSuchMethodError'{0x00000000e9ffcdd8}: 'java.lang.Object java.lang.invoke.Invokers$Holder.linkToTargetMethod(java.lang.Object, java.lang.Object, java.lang.Object, java.lang.Object, java.lang.Object, java.lang.Object, java.lang.Object)'> (0x00000000e9ffcdd8) 
thrown [s\open\src\hotspot\share\interpreter\linkResolver.cpp, line 759]
Event: 15.125 Thread 0x00000284dafc4bd0 Exception <a 'java/lang/NoSuchMethodError'{0x00000000e9443ed8}: 'java.lang.Object java.lang.invoke.DirectMethodHandle$Holder.invokeStaticInit(java.lang.Object, java.lang.Object, java.lang.Object, java.lang.Object)'> (0x00000000e9443ed8) 
thrown [s\open\src\hotspot\share\interpreter\linkResolver.cpp, line 759]
Event: 15.205 Thread 0x00000284dafc4bd0 Exception <a 'java/lang/NoSuchMethodError'{0x00000000e9332e90}: 'java.lang.Object java.lang.invoke.DirectMethodHandle$Holder.newInvokeSpecial(java.lang.Object, java.lang.Object, java.lang.Object, java.lang.Object, java.lang.Object, java.lang.Object, java.lang.Object, java.lang.Object)'> (0x00000000e9332e90) 
thrown [s\open\src\hotspot\share\interpreter\linkResolver.cpp, line 759]
Event: 15.206 Thread 0x00000284dafc4bd0 Exception <a 'java/lang/NoSuchMethodError'{0x00000000e9338898}: 'java.lang.Object java.lang.invoke.DirectMethodHandle$Holder.invokeSpecial(java.lang.Object, java.lang.Object, java.lang.Object, java.lang.Object, java.lang.Object, java.lang.Object, java.lang.Object, java.lang.Object, java.lang.Object)'> (0x00000000e9338898) 
thrown [s\open\src\hotspot\share\interpreter\linkResolver.cpp, line 759]
Event: 15.208 Thread 0x00000284dafc4bd0 Exception <a 'java/lang/NoSuchMethodError'{0x00000000e933dc48}: 'java.lang.Object java.lang.invoke.Invokers$Holder.linkToTargetMethod(java.lang.Object, java.lang.Object, java.lang.Object, java.lang.Object, java.lang.Object, java.lang.Object, java.lang.Object, java.lang.Object)'> (0x00000000e933dc48) 
thrown [s\open\src\hotspot\share\interpreter\linkResolver.cpp, line 759]
Event: 15.232 Thread 0x00000284dafc4bd0 Exception <a 'java/lang/NoSuchMethodError'{0x00000000e9387860}: 'void java.lang.invoke.DirectMethodHandle$Holder.invokeStatic(java.lang.Object, java.lang.Object, java.lang.Object, java.lang.Object)'> (0x00000000e9387860) 
thrown [s\open\src\hotspot\share\interpreter\linkResolver.cpp, line 759]
Event: 16.277 Thread 0x00000284dafc4bd0 Exception <a 'java/lang/NoSuchMethodError'{0x00000000efb65908}: 'int java.lang.invoke.DirectMethodHandle$Holder.invokeVirtual(java.lang.Object, java.lang.Object)'> (0x00000000efb65908) 
thrown [s\open\src\hotspot\share\interpreter\linkResolver.cpp, line 759]
Event: 16.284 Thread 0x00000284dafc4bd0 Exception <a 'java/lang/NoSuchMethodError'{0x00000000efb78098}: 'java.lang.Object java.lang.invoke.DirectMethodHandle$Holder.invokeStaticInit(java.lang.Object, java.lang.Object, java.lang.Object)'> (0x00000000efb78098) 
thrown [s\open\src\hotspot\share\interpreter\linkResolver.cpp, line 759]
Event: 16.920 Thread 0x00000284dafc4bd0 Exception <a 'java/lang/NoSuchMethodError'{0x00000000ef87d740}: 'java.lang.Object java.lang.invoke.DirectMethodHandle$Holder.invokeSpecialIFC(java.lang.Object, java.lang.Object, java.lang.Object, java.lang.Object)'> (0x00000000ef87d740) 
thrown [s\open\src\hotspot\share\interpreter\linkResolver.cpp, line 759]
Event: 16.968 Thread 0x00000284dafc4bd0 Exception <a 'java/lang/NoSuchMethodError'{0x00000000ef67ec70}: 'java.lang.Object java.lang.invoke.DirectMethodHandle$Holder.newInvokeSpecial(java.lang.Object, java.lang.Object, java.lang.Object, java.lang.Object, java.lang.Object, java.lang.Object, java.lang.Object, java.lang.Object, java.lang.Object, java.lang.Object)'> (0x00000000ef67ec70) 
thrown [s\open\src\hotspot\share\interpreter\linkResolver.cpp, line 759]
Event: 16.969 Thread 0x00000284dafc4bd0 Exception <a 'java/lang/NoSuchMethodError'{0x00000000ef6dbba0}: 'java.lang.Object java.lang.invoke.Invokers$Holder.linkToTargetMethod(java.lang.Object, java.lang.Object, java.lang.Object, java.lang.Object, java.lang.Object, java.lang.Object, java.lang.Object, java.lang.Object, java.lang.Object, java.lang.Object)'> (0x00000000ef6dbba0) 
thrown [s\open\src\hotspot\share\interpreter\linkResolver.cpp, line 759]
Event: 16.989 Thread 0x00000284dafc4bd0 Exception <a 'java/lang/NoSuchMethodError'{0x00000000ef54fd00}: 'java.lang.Object java.lang.invoke.DirectMethodHandle$Holder.newInvokeSpecial(java.lang.Object, java.lang.Object, java.lang.Object, java.lang.Object, java.lang.Object, java.lang.Object, java.lang.Object, java.lang.Object, java.lang.Object, java.lang.Object, java.lang.Object)'> (0x00000000ef54fd00) 
thrown [s\open\src\hotspot\share\interpreter\linkResolver.cpp, line 759]
Event: 16.994 Thread 0x00000284dafc4bd0 Exception <a 'java/lang/NoSuchMethodError'{0x00000000ef555838}: 'java.lang.Object java.lang.invoke.DirectMethodHandle$Holder.invokeSpecial(java.lang.Object, java.lang.Object, java.lang.Object, java.lang.Object, java.lang.Object, java.lang.Object, java.lang.Object, java.lang.Object, java.lang.Object, java.lang.Object, java.lang.Object, java.lang.Object)'> (0x00000000ef555838) 
thrown [s\open\src\hotspot\share\interpreter\linkResolver.cpp, line 759]
Event: 16.997 Thread 0x00000284dafc4bd0 Exception <a 'java/lang/NoSuchMethodError'{0x00000000ef55aed0}: 'java.lang.Object java.lang.invoke.Invokers$Holder.linkToTargetMethod(java.lang.Object, java.lang.Object, java.lang.Object, java.lang.Object, java.lang.Object, java.lang.Object, java.lang.Object, java.lang.Object, java.lang.Object, java.lang.Object, java.lang.Object)'> (0x00000000ef55aed0) 
thrown [s\open\src\hotspot\share\interpreter\linkResolver.cpp, line 759]
Event: 17.313 Thread 0x00000284dafc4bd0 Implicit null exception at 0x00000284b53e8c0f to 0x00000284b53e9134
Event: 17.469 Thread 0x00000284dafc4bd0 Exception <a 'java/lang/NoSuchMethodError'{0x00000000eec8e5e8}: 'java.lang.Object java.lang.invoke.DirectMethodHandle$Holder.newInvokeSpecial(java.lang.Object, java.lang.Object, int, int)'> (0x00000000eec8e5e8) 
thrown [s\open\src\hotspot\share\interpreter\linkResolver.cpp, line 759]

VM Operations (20 events):
Event: 12.978 Executing VM operation: HandshakeAllThreads
Event: 12.978 Executing VM operation: HandshakeAllThreads done
Event: 13.983 Executing VM operation: Cleanup
Event: 14.002 Executing VM operation: Cleanup done
Event: 15.013 Executing VM operation: Cleanup
Event: 15.075 Executing VM operation: Cleanup done
Event: 15.745 Executing VM operation: G1CollectForAllocation
Event: 15.762 Executing VM operation: G1CollectForAllocation done
Event: 16.424 Executing VM operation: HandshakeAllThreads
Event: 16.434 Executing VM operation: HandshakeAllThreads done
Event: 16.454 Executing VM operation: CollectForMetadataAllocation
Event: 16.473 Executing VM operation: CollectForMetadataAllocation done
Event: 16.492 Executing VM operation: G1Concurrent
Event: 16.500 Executing VM operation: G1Concurrent done
Event: 16.515 Executing VM operation: G1Concurrent
Event: 16.519 Executing VM operation: G1Concurrent done
Event: 17.044 Executing VM operation: HandshakeAllThreads
Event: 17.046 Executing VM operation: HandshakeAllThreads done
Event: 17.341 Executing VM operation: HandshakeAllThreads
Event: 17.342 Executing VM operation: HandshakeAllThreads done

Events (20 events):
Event: 16.894 Thread 0x00000284db52e990 Thread added: 0x00000284db52e990
Event: 17.110 Thread 0x00000284db528450 Thread added: 0x00000284db528450
Event: 17.166 Thread 0x00000284db52c620 Thread added: 0x00000284db52c620
Event: 17.262 loading class java/lang/invoke/SerializedLambda
Event: 17.263 loading class java/lang/invoke/SerializedLambda done
Event: 17.297 loading class java/lang/reflect/AnnotatedType
Event: 17.297 loading class java/lang/reflect/AnnotatedType done
Event: 17.307 loading class sun/reflect/misc/ReflectUtil
Event: 17.307 loading class sun/reflect/misc/ReflectUtil done
Event: 17.345 loading class java/lang/Class$EnclosingMethodInfo
Event: 17.345 loading class java/lang/Class$EnclosingMethodInfo done
Event: 17.348 loading class sun/reflect/generics/tree/IntSignature
Event: 17.348 loading class sun/reflect/generics/tree/IntSignature done
Event: 17.348 loading class sun/reflect/generics/tree/ArrayTypeSignature
Event: 17.348 loading class sun/reflect/generics/tree/ArrayTypeSignature done
Event: 17.355 loading class java/lang/SafeVarargs
Event: 17.355 loading class java/lang/SafeVarargs done
Event: 17.511 loading class jdk/internal/reflect/UnsafeStaticIntegerFieldAccessorImpl
Event: 17.511 loading class jdk/internal/reflect/UnsafeStaticIntegerFieldAccessorImpl done
Event: 17.798 Thread 0x00000284db52cb30 Thread added: 0x00000284db52cb30


Dynamic libraries:
0x00007ff611ae0000 - 0x00007ff611af0000 	C:\Program Files\Java\jdk-17\bin\java.exe
0x00007ff9fbb70000 - 0x00007ff9fbd68000 	C:\Windows\SYSTEM32\ntdll.dll
0x00007ff9fa0a0000 - 0x00007ff9fa15d000 	C:\Windows\System32\KERNEL32.DLL
0x00007ff9f9830000 - 0x00007ff9f9b26000 	C:\Windows\System32\KERNELBASE.dll
0x00007ff9f9450000 - 0x00007ff9f9550000 	C:\Windows\System32\ucrtbase.dll
0x00007ff9f3870000 - 0x00007ff9f3889000 	C:\Program Files\Java\jdk-17\bin\jli.dll
0x00007ff9f3850000 - 0x00007ff9f386b000 	C:\Program Files\Java\jdk-17\bin\VCRUNTIME140.dll
0x00007ff9fb690000 - 0x00007ff9fb73f000 	C:\Windows\System32\ADVAPI32.dll
0x00007ff9fb840000 - 0x00007ff9fb8de000 	C:\Windows\System32\msvcrt.dll
0x00007ff9fa2e0000 - 0x00007ff9fa37c000 	C:\Windows\System32\sechost.dll
0x00007ff9fb8e0000 - 0x00007ff9fba06000 	C:\Windows\System32\RPCRT4.dll
0x00007ff9fb4f0000 - 0x00007ff9fb68e000 	C:\Windows\System32\USER32.dll
0x00007ff9ea5a0000 - 0x00007ff9ea83a000 	C:\Windows\WinSxS\amd64_microsoft.windows.common-controls_6595b64144ccf1df_6.0.19041.3636_none_60b6a03d71f818d5\COMCTL32.dll
0x00007ff9f9550000 - 0x00007ff9f9572000 	C:\Windows\System32\win32u.dll
0x00007ff9fa820000 - 0x00007ff9fa84c000 	C:\Windows\System32\GDI32.dll
0x00007ff9f95d0000 - 0x00007ff9f96ea000 	C:\Windows\System32\gdi32full.dll
0x00007ff9f9b30000 - 0x00007ff9f9bcd000 	C:\Windows\System32\msvcp_win.dll
0x00007ff9e8ae0000 - 0x00007ff9e8aea000 	C:\Windows\SYSTEM32\VERSION.dll
0x00007ff9fa1e0000 - 0x00007ff9fa210000 	C:\Windows\System32\IMM32.DLL
0x00007ff9f4030000 - 0x00007ff9f403c000 	C:\Program Files\Java\jdk-17\bin\vcruntime140_1.dll
0x00007ff9d5330000 - 0x00007ff9d53be000 	C:\Program Files\Java\jdk-17\bin\msvcp140.dll
0x00007ff9a1350000 - 0x00007ff9a1f2f000 	C:\Program Files\Java\jdk-17\bin\server\jvm.dll
0x00007ff9fb7c0000 - 0x00007ff9fb7c8000 	C:\Windows\System32\PSAPI.DLL
0x00007ff9e6990000 - 0x00007ff9e6999000 	C:\Windows\SYSTEM32\WSOCK32.dll
0x00007ff9fb7d0000 - 0x00007ff9fb83b000 	C:\Windows\System32\WS2_32.dll
0x00007ff9e8100000 - 0x00007ff9e8127000 	C:\Windows\SYSTEM32\WINMM.dll
0x00007ff9f7110000 - 0x00007ff9f7122000 	C:\Windows\SYSTEM32\kernel.appcore.dll
0x00007ff9f3b70000 - 0x00007ff9f3b7a000 	C:\Program Files\Java\jdk-17\bin\jimage.dll
0x00007ff9e4830000 - 0x00007ff9e4a14000 	C:\Windows\SYSTEM32\DBGHELP.DLL
0x00007ff9e1530000 - 0x00007ff9e1564000 	C:\Windows\SYSTEM32\dbgcore.DLL
0x00007ff9f96f0000 - 0x00007ff9f9772000 	C:\Windows\System32\bcryptPrimitives.dll
0x00007ff9f3840000 - 0x00007ff9f384e000 	C:\Program Files\Java\jdk-17\bin\instrument.dll
0x00007ff9f3760000 - 0x00007ff9f3785000 	C:\Program Files\Java\jdk-17\bin\java.dll
0x00007ff9d30a0000 - 0x00007ff9d3177000 	C:\Program Files\Java\jdk-17\bin\jsvml.dll
0x00007ff9fada0000 - 0x00007ff9fb4e5000 	C:\Windows\System32\SHELL32.dll
0x00007ff9f7310000 - 0x00007ff9f7aab000 	C:\Windows\SYSTEM32\windows.storage.dll
0x00007ff9f9d40000 - 0x00007ff9fa094000 	C:\Windows\System32\combase.dll
0x00007ff9f8bc0000 - 0x00007ff9f8bed000 	C:\Windows\SYSTEM32\Wldp.dll
0x00007ff9fa430000 - 0x00007ff9fa4dd000 	C:\Windows\System32\SHCORE.dll
0x00007ff9fa860000 - 0x00007ff9fa8b5000 	C:\Windows\System32\shlwapi.dll
0x00007ff9f9180000 - 0x00007ff9f91a5000 	C:\Windows\SYSTEM32\profapi.dll
0x00007ff9f36b0000 - 0x00007ff9f36c8000 	C:\Program Files\Java\jdk-17\bin\zip.dll
0x00007ff9f3820000 - 0x00007ff9f3839000 	C:\Program Files\Java\jdk-17\bin\net.dll
0x00007ff9edc40000 - 0x00007ff9edd4a000 	C:\Windows\SYSTEM32\WINHTTP.dll
0x00007ff9f8920000 - 0x00007ff9f898a000 	C:\Windows\system32\mswsock.dll
0x00007ff9f3740000 - 0x00007ff9f3756000 	C:\Program Files\Java\jdk-17\bin\nio.dll
0x00007ff9f3730000 - 0x00007ff9f3740000 	C:\Program Files\Java\jdk-17\bin\verify.dll
0x00007ff9bb270000 - 0x00007ff9bb297000 	C:\Users\Administrator\.gradle\native\c067742578af261105cb4f569cf0c3c89f3d7b1fecec35dd04571415982c5e48\windows-amd64\native-platform.dll
0x00007ff9d2e30000 - 0x00007ff9d2f74000 	C:\Users\Administrator\.gradle\native\38dada09dfb8b06ba9b0570ebf7e218e3eb74d4ef43ca46872605cf95ebc2f47\windows-amd64\native-platform-file-events.dll
0x00007ff9f2140000 - 0x00007ff9f214a000 	C:\Program Files\Java\jdk-17\bin\management.dll
0x00007ff9f1fb0000 - 0x00007ff9f1fbb000 	C:\Program Files\Java\jdk-17\bin\management_ext.dll
0x00007ff9f8b10000 - 0x00007ff9f8b28000 	C:\Windows\SYSTEM32\CRYPTSP.dll
0x00007ff9f8250000 - 0x00007ff9f8284000 	C:\Windows\system32\rsaenh.dll
0x00007ff9f9420000 - 0x00007ff9f9447000 	C:\Windows\System32\bcrypt.dll
0x00007ff9f9140000 - 0x00007ff9f916e000 	C:\Windows\SYSTEM32\USERENV.dll
0x00007ff9f8b30000 - 0x00007ff9f8b3c000 	C:\Windows\SYSTEM32\CRYPTBASE.dll
0x00007ff9f8610000 - 0x00007ff9f864b000 	C:\Windows\SYSTEM32\IPHLPAPI.DLL
0x00007ff9fad90000 - 0x00007ff9fad98000 	C:\Windows\System32\NSI.dll
0x00007ff9efb50000 - 0x00007ff9efb67000 	C:\Windows\SYSTEM32\dhcpcsvc6.DLL
0x00007ff9f0ba0000 - 0x00007ff9f0bbd000 	C:\Windows\SYSTEM32\dhcpcsvc.DLL
0x00007ff9f8650000 - 0x00007ff9f871a000 	C:\Windows\SYSTEM32\DNSAPI.dll
0x00007ff9f1f60000 - 0x00007ff9f1f6e000 	C:\Program Files\Java\jdk-17\bin\sunmscapi.dll
0x00007ff9f9250000 - 0x00007ff9f93ad000 	C:\Windows\System32\CRYPT32.dll
0x00007ff9f8c30000 - 0x00007ff9f8c57000 	C:\Windows\SYSTEM32\ncrypt.dll
0x00007ff9f8bf0000 - 0x00007ff9f8c2b000 	C:\Windows\SYSTEM32\NTASN1.dll
0x00007ff9b1720000 - 0x00007ff9b1727000 	C:\Windows\system32\wshunix.dll

dbghelp: loaded successfully - version: 4.0.5 - missing functions: none
symbol engine: initialized successfully - sym options: 0x614 - pdb path: .;C:\Program Files\Java\jdk-17\bin;C:\Windows\SYSTEM32;C:\Windows\WinSxS\amd64_microsoft.windows.common-controls_6595b64144ccf1df_6.0.19041.3636_none_60b6a03d71f818d5;C:\Program Files\Java\jdk-17\bin\server;C:\Users\Administrator\.gradle\native\c067742578af261105cb4f569cf0c3c89f3d7b1fecec35dd04571415982c5e48\windows-amd64;C:\Users\Administrator\.gradle\native\38dada09dfb8b06ba9b0570ebf7e218e3eb74d4ef43ca46872605cf95ebc2f47\windows-amd64

VM Arguments:
jvm_args: --add-opens=java.base/java.util=ALL-UNNAMED --add-opens=java.base/java.lang=ALL-UNNAMED --add-opens=java.base/java.lang.invoke=ALL-UNNAMED --add-opens=java.prefs/java.util.prefs=ALL-UNNAMED --add-opens=java.base/java.nio.charset=ALL-UNNAMED --add-opens=java.base/java.net=ALL-UNNAMED --add-opens=java.base/java.util.concurrent.atomic=ALL-UNNAMED -XX:MaxMetaspaceSize=384m -XX:+HeapDumpOnOutOfMemoryError -Xms256m -Xmx512m -Dfile.encoding=x-windows-949 -Duser.country=KR -Duser.language=ko -Duser.variant -javaagent:C:\Users\Administrator\.gradle\wrapper\dists\gradle-8.7-bin\bhs2wmbdwecv87pi65oeuq5iu\gradle-8.7\lib\agents\gradle-instrumentation-agent-8.7.jar 
java_command: org.gradle.launcher.daemon.bootstrap.GradleDaemon 8.7
java_class_path (initial): C:\Users\Administrator\.gradle\wrapper\dists\gradle-8.7-bin\bhs2wmbdwecv87pi65oeuq5iu\gradle-8.7\lib\gradle-launcher-8.7.jar
Launcher Type: SUN_STANDARD

[Global flags]
     intx CICompilerCount                          = 3                                         {product} {ergonomic}
   size_t CompressedClassSpaceSize                 = 335544320                                 {product} {ergonomic}
     uint ConcGCThreads                            = 1                                         {product} {ergonomic}
     uint G1ConcRefinementThreads                  = 4                                         {product} {ergonomic}
   size_t G1HeapRegionSize                         = 1048576                                   {product} {ergonomic}
    uintx GCDrainStackTargetSize                   = 64                                        {product} {ergonomic}
     bool HeapDumpOnOutOfMemoryError               = true                                   {manageable} {command line}
   size_t InitialHeapSize                          = 268435456                                 {product} {command line}
   size_t MarkStackSize                            = 4194304                                   {product} {ergonomic}
   size_t MaxHeapSize                              = 536870912                                 {product} {command line}
   size_t MaxMetaspaceSize                         = 402653184                                 {product} {command line}
   size_t MaxNewSize                               = 321912832                                 {product} {ergonomic}
   size_t MinHeapDeltaBytes                        = 1048576                                   {product} {ergonomic}
   size_t MinHeapSize                              = 268435456                                 {product} {command line}
    uintx NonNMethodCodeHeapSize                   = 5832780                                {pd product} {ergonomic}
    uintx NonProfiledCodeHeapSize                  = 122912730                              {pd product} {ergonomic}
    uintx ProfiledCodeHeapSize                     = 122912730                              {pd product} {ergonomic}
    uintx ReservedCodeCacheSize                    = 251658240                              {pd product} {ergonomic}
     bool SegmentedCodeCache                       = true                                      {product} {ergonomic}
   size_t SoftMaxHeapSize                          = 536870912                              {manageable} {ergonomic}
     bool UseCompressedClassPointers               = true                           {product lp64_product} {ergonomic}
     bool UseCompressedOops                        = true                           {product lp64_product} {ergonomic}
     bool UseG1GC                                  = true                                      {product} {ergonomic}
     bool UseLargePagesIndividualAllocation        = false                                  {pd product} {ergonomic}

Logging:
Log output configuration:
 #0: stdout all=warning uptime,level,tags
 #1: stderr all=off uptime,level,tags

Environment Variables:
JAVA_HOME=C:\ Program Files\ Java\ jdk-17
PATH=C:\oraclexe\app\oracle\product\11.2.0\server\bin;;C:\oraclexe\app\oracle\product\11.2.0\server\bin;C:\Program Files\Common Files\Oracle\Java\javapath;C:\Windows\system32;C:\Windows;C:\Windows\System32\Wbem;C:\Windows\System32\WindowsPowerShell\v1.0\;C:\Windows\System32\OpenSSH\;C:\Program Files\Git\cmd;C:\ Program Files\ Java\ jdk-17\ bin;C:\Users\Administrator\AppData\Local\Microsoft\WindowsApps;C:\Program Files\JetBrains\IntelliJ IDEA Community Edition 2023.3.6\bin;;C:\Users\Administrator\AppData\Local\Programs\Microsoft VS Code\bin;;C:\Program Files\JetBrains\IntelliJ IDEA 2024.1.1\bin;
USERNAME=Administrator
OS=Windows_NT
PROCESSOR_IDENTIFIER=Intel64 Family 6 Model 42 Stepping 7, GenuineIntel



---------------  S Y S T E M  ---------------

OS:
 Windows 10 , 64 bit Build 19041 (10.0.19041.3636)
OS uptime: 0 days 1:32 hours

CPU: total 4 (initial active 4) (2 cores per cpu, 2 threads per core) family 6 model 42 stepping 7 microcode 0x2f, cx8, cmov, fxsr, ht, mmx, sse, sse2, sse3, ssse3, sse4.1, sse4.2, popcnt, tsc, tscinvbit, avx, aes, clmul, vzeroupper, clflush

Memory: 4k page, system-wide physical 8139M (215M free)
TotalPageFile size 10039M (AvailPageFile size 2M)
current process WorkingSet (physical memory assigned to process): 258M, peak: 261M
current process commit charge ("private bytes"): 412M, peak: 416M

vm_info: Java HotSpot(TM) 64-Bit Server VM (17.0.10+11-LTS-240) for windows-amd64 JRE (17.0.10+11-LTS-240), built on Dec 19 2023 21:47:25 by "mach5one" with MS VC++ 17.1 (VS2022)

END.
