#
# There is insufficient memory for the Java Runtime Environment to continue.
# Native memory allocation (malloc) failed to allocate 1064176 bytes for Chunk::new
# Possible reasons:
#   The system is out of physical RAM or swap space
#   The process is running with CompressedOops enabled, and the Java Heap may be blocking the growth of the native heap
# Possible solutions:
#   Reduce memory load on the system
#   Increase physical memory or swap space
#   Check if swap backing store is full
#   Decrease Java heap size (-Xmx/-Xms)
#   Decrease number of Java threads
#   Decrease Java thread stack sizes (-Xss)
#   Set larger code cache with -XX:ReservedCodeCacheSize=
#     to set the Java Heap base and to place the Java Heap above 4GB virtual address.
# This output file may be truncated or incomplete.
#
#  Out of Memory Error (arena.cpp:189), pid=5916, tid=1208
#
# JRE version: Java(TM) SE Runtime Environment (17.0.10+11) (build 17.0.10+11-LTS-240)
# Java VM: Java HotSpot(TM) 64-Bit Server VM (17.0.10+11-LTS-240, mixed mode, sharing, tiered, compressed oops, compressed class ptrs, g1 gc, windows-amd64)
# No core dump will be written. Minidumps are not enabled by default on client versions of Windows
#

---------------  S U M M A R Y ------------

Command Line: --add-opens=java.base/java.util=ALL-UNNAMED --add-opens=java.base/java.lang=ALL-UNNAMED --add-opens=java.base/java.lang.invoke=ALL-UNNAMED --add-opens=java.prefs/java.util.prefs=ALL-UNNAMED --add-opens=java.base/java.nio.charset=ALL-UNNAMED --add-opens=java.base/java.net=ALL-UNNAMED --add-opens=java.base/java.util.concurrent.atomic=ALL-UNNAMED -XX:MaxMetaspaceSize=384m -XX:+HeapDumpOnOutOfMemoryError -Xms256m -Xmx512m -Dfile.encoding=x-windows-949 -Duser.country=KR -Duser.language=ko -Duser.variant -javaagent:C:\Users\Administrator\.gradle\wrapper\dists\gradle-8.7-bin\bhs2wmbdwecv87pi65oeuq5iu\gradle-8.7\lib\agents\gradle-instrumentation-agent-8.7.jar org.gradle.launcher.daemon.bootstrap.GradleDaemon 8.7

Host: Intel(R) Core(TM) i5-2450M CPU @ 2.50GHz, 4 cores, 7G,  Windows 10 , 64 bit Build 19041 (10.0.19041.3636)
Time: Sat Jun  1 15:39:41 2024  Windows 10 , 64 bit Build 19041 (10.0.19041.3636) elapsed time: 28.098211 seconds (0d 0h 0m 28s)

---------------  T H R E A D  ---------------

Current thread (0x000001a43c96dcf0):  JavaThread "C2 CompilerThread0" daemon [_thread_in_native, id=1208, stack(0x00000022e7e00000,0x00000022e7f00000)]


Current CompileTask:
C2:  28098 5471       4       groovy.lang.MetaClassImpl$1MOPIter::methodNameAction (325 bytes)

Stack: [0x00000022e7e00000,0x00000022e7f00000]
Native frames: (J=compiled Java code, j=interpreted, Vv=VM code, C=native code)
V  [jvm.dll+0x677a5a]
V  [jvm.dll+0x7d8b2d]
V  [jvm.dll+0x7da48e]
V  [jvm.dll+0x7daaf3]
V  [jvm.dll+0x2455ff]
V  [jvm.dll+0xaaafb]
V  [jvm.dll+0xab09c]
V  [jvm.dll+0x2aafef]
V  [jvm.dll+0x57fd55]
V  [jvm.dll+0x220472]
V  [jvm.dll+0x22084f]
V  [jvm.dll+0x2197a6]
V  [jvm.dll+0x216c79]
V  [jvm.dll+0x1a3410]
V  [jvm.dll+0x226aeb]
V  [jvm.dll+0x224cab]
V  [jvm.dll+0x78e45c]
V  [jvm.dll+0x78888a]
V  [jvm.dll+0x676935]
C  [ucrtbase.dll+0x21bb2]
C  [KERNEL32.DLL+0x17344]
C  [ntdll.dll+0x526b1]


---------------  P R O C E S S  ---------------

Threads class SMR info:
_java_thread_list=0x000001a456941bd0, length=45, elements={
0x000001a4228f0ad0, 0x000001a43c950e70, 0x000001a43c951c00, 0x000001a43c968660,
0x000001a43c96af40, 0x000001a43c96b810, 0x000001a43c96d0f0, 0x000001a43c96dcf0,
0x000001a43c96f610, 0x000001a43c973270, 0x000001a43c93c600, 0x000001a43caa7310,
0x000001a4570a6ff0, 0x000001a4579907f0, 0x000001a457cb74c0, 0x000001a457856410,
0x000001a456114920, 0x000001a456c77470, 0x000001a456c76a50, 0x000001a456c77980,
0x000001a456c77e90, 0x000001a456c783a0, 0x000001a456c76f60, 0x000001a456c797e0,
0x000001a456c788b0, 0x000001a457d2ad00, 0x000001a457d27f70, 0x000001a457d2d580,
0x000001a457d28480, 0x000001a457d293b0, 0x000001a457d2da90, 0x000001a457d28990,
0x000001a457d28ea0, 0x000001a457d298c0, 0x000001a457d2bc30, 0x000001a457d2c140,
0x000001a457d2e4b0, 0x000001a457d27a60, 0x000001a457d2c650, 0x000001a457d2cb60,
0x000001a457d2dfa0, 0x000001a457d27040, 0x000001a457d27550, 0x000001a43c9d4020,
0x000001a43c9d17a0
}

Java Threads: ( => current thread )
  0x000001a4228f0ad0 JavaThread "main" [_thread_blocked, id=7276, stack(0x00000022e7100000,0x00000022e7200000)]
  0x000001a43c950e70 JavaThread "Reference Handler" daemon [_thread_blocked, id=808, stack(0x00000022e7800000,0x00000022e7900000)]
  0x000001a43c951c00 JavaThread "Finalizer" daemon [_thread_blocked, id=1168, stack(0x00000022e7900000,0x00000022e7a00000)]
  0x000001a43c968660 JavaThread "Signal Dispatcher" daemon [_thread_blocked, id=8344, stack(0x00000022e7a00000,0x00000022e7b00000)]
  0x000001a43c96af40 JavaThread "Attach Listener" daemon [_thread_blocked, id=3472, stack(0x00000022e7b00000,0x00000022e7c00000)]
  0x000001a43c96b810 JavaThread "Service Thread" daemon [_thread_blocked, id=5864, stack(0x00000022e7c00000,0x00000022e7d00000)]
  0x000001a43c96d0f0 JavaThread "Monitor Deflation Thread" daemon [_thread_blocked, id=4064, stack(0x00000022e7d00000,0x00000022e7e00000)]
=>0x000001a43c96dcf0 JavaThread "C2 CompilerThread0" daemon [_thread_in_native, id=1208, stack(0x00000022e7e00000,0x00000022e7f00000)]
  0x000001a43c96f610 JavaThread "C1 CompilerThread0" daemon [_thread_blocked, id=2736, stack(0x00000022e7f00000,0x00000022e8000000)]
  0x000001a43c973270 JavaThread "Sweeper thread" daemon [_thread_blocked, id=7576, stack(0x00000022e8000000,0x00000022e8100000)]
  0x000001a43c93c600 JavaThread "Common-Cleaner" daemon [_thread_blocked, id=7844, stack(0x00000022e8100000,0x00000022e8200000)]
  0x000001a43caa7310 JavaThread "Notification Thread" daemon [_thread_blocked, id=3644, stack(0x00000022e8200000,0x00000022e8300000)]
  0x000001a4570a6ff0 JavaThread "Daemon health stats" [_thread_blocked, id=9428, stack(0x00000022e8400000,0x00000022e8500000)]
  0x000001a4579907f0 JavaThread "Incoming local TCP Connector on port 55061" [_thread_in_native, id=5840, stack(0x00000022e8800000,0x00000022e8900000)]
  0x000001a457cb74c0 JavaThread "Daemon periodic checks" [_thread_blocked, id=1732, stack(0x00000022e8900000,0x00000022e8a00000)]
  0x000001a457856410 JavaThread "Daemon" [_thread_blocked, id=7828, stack(0x00000022e8b00000,0x00000022e8c00000)]
  0x000001a456114920 JavaThread "Handler for socket connection from /127.0.0.1:55061 to /127.0.0.1:55062" [_thread_in_native, id=6960, stack(0x00000022e8c00000,0x00000022e8d00000)]
  0x000001a456c77470 JavaThread "Cancel handler" [_thread_blocked, id=8596, stack(0x00000022e8d00000,0x00000022e8e00000)]
  0x000001a456c76a50 JavaThread "Daemon worker" [_thread_in_vm, id=1724, stack(0x00000022e8e00000,0x00000022e8f00000)]
  0x000001a456c77980 JavaThread "Asynchronous log dispatcher for DefaultDaemonConnection: socket connection from /127.0.0.1:55061 to /127.0.0.1:55062" [_thread_blocked, id=3884, stack(0x00000022e8f00000,0x00000022e9000000)]
  0x000001a456c77e90 JavaThread "Stdin handler" [_thread_blocked, id=1840, stack(0x00000022e9000000,0x00000022e9100000)]
  0x000001a456c783a0 JavaThread "Daemon client event forwarder" [_thread_blocked, id=4896, stack(0x00000022e9100000,0x00000022e9200000)]
  0x000001a456c76f60 JavaThread "Cache worker for journal cache (C:\Users\Administrator\.gradle\caches\journal-1)" [_thread_blocked, id=9824, stack(0x00000022e9200000,0x00000022e9300000)]
  0x000001a456c797e0 JavaThread "File lock request listener" [_thread_in_native, id=4964, stack(0x00000022e9300000,0x00000022e9400000)]
  0x000001a456c788b0 JavaThread "Cache worker for file hash cache (C:\Users\Administrator\.gradle\caches\8.7\fileHashes)" [_thread_in_vm, id=2296, stack(0x00000022e9400000,0x00000022e9500000)]
  0x000001a457d2ad00 JavaThread "Cache worker for file hash cache (C:\Users\Administrator\Desktop\찰래 프로젝트 종합\Project-CHALLAE\.gradle\8.7\fileHashes)" [_thread_blocked, id=7860, stack(0x00000022e8a00000,0x00000022e8b00000)]
  0x000001a457d27f70 JavaThread "File watcher server" daemon [_thread_in_native, id=5168, stack(0x00000022e9500000,0x00000022e9600000)]
  0x000001a457d2d580 JavaThread "File watcher consumer" daemon [_thread_blocked, id=8700, stack(0x00000022e9600000,0x00000022e9700000)]
  0x000001a457d28480 JavaThread "Cache worker for checksums cache (C:\Users\Administrator\Desktop\찰래 프로젝트 종합\Project-CHALLAE\.gradle\8.7\checksums)" [_thread_blocked, id=4436, stack(0x00000022e9700000,0x00000022e9800000)]
  0x000001a457d293b0 JavaThread "Cache worker for cache directory md-supplier (C:\Users\Administrator\.gradle\caches\8.7\md-supplier)" [_thread_blocked, id=2908, stack(0x00000022e9800000,0x00000022e9900000)]
  0x000001a457d2da90 JavaThread "Cache worker for cache directory md-rule (C:\Users\Administrator\.gradle\caches\8.7\md-rule)" [_thread_blocked, id=9436, stack(0x00000022e9900000,0x00000022e9a00000)]
  0x000001a457d28990 JavaThread "Cache worker for file content cache (C:\Users\Administrator\.gradle\caches\8.7\fileContent)" [_thread_blocked, id=3260, stack(0x00000022e9a00000,0x00000022e9b00000)]
  0x000001a457d28ea0 JavaThread "jar transforms" [_thread_blocked, id=8440, stack(0x00000022e9b00000,0x00000022e9c00000)]
  0x000001a457d298c0 JavaThread "jar transforms Thread 2" [_thread_blocked, id=4420, stack(0x00000022e9c00000,0x00000022e9d00000)]
  0x000001a457d2bc30 JavaThread "jar transforms Thread 3" [_thread_blocked, id=7816, stack(0x00000022e9d00000,0x00000022e9e00000)]
  0x000001a457d2c140 JavaThread "jar transforms Thread 4" [_thread_blocked, id=8372, stack(0x00000022e9e00000,0x00000022e9f00000)]
  0x000001a457d2e4b0 JavaThread "Cache worker for Build Output Cleanup Cache (C:\Users\Administrator\Desktop\찰래 프로젝트 종합\Project-CHALLAE\.gradle\buildOutputCleanup)" [_thread_blocked, id=5996, stack(0x00000022ea000000,0x00000022ea100000)]
  0x000001a457d27a60 JavaThread "File lock release action executor" [_thread_blocked, id=216, stack(0x00000022ea100000,0x00000022ea200000)]
  0x000001a457d2c650 JavaThread "Unconstrained build operations" [_thread_blocked, id=1844, stack(0x00000022ea200000,0x00000022ea300000)]
  0x000001a457d2cb60 JavaThread "Unconstrained build operations Thread 2" [_thread_blocked, id=9476, stack(0x00000022ea300000,0x00000022ea400000)]
  0x000001a457d2dfa0 JavaThread "Unconstrained build operations Thread 3" [_thread_blocked, id=7580, stack(0x00000022ea400000,0x00000022ea500000)]
  0x000001a457d27040 JavaThread "Unconstrained build operations Thread 4" [_thread_blocked, id=6124, stack(0x00000022ea500000,0x00000022ea600000)]
  0x000001a457d27550 JavaThread "Unconstrained build operations Thread 5" [_thread_blocked, id=7988, stack(0x00000022ea600000,0x00000022ea700000)]
  0x000001a43c9d4020 JavaThread "Unconstrained build operations Thread 6" [_thread_blocked, id=8476, stack(0x00000022ea700000,0x00000022ea800000)]
  0x000001a43c9d17a0 JavaThread "Memory manager" [_thread_blocked, id=468, stack(0x00000022ea800000,0x00000022ea900000)]

Other Threads:
  0x000001a43c94a7b0 VMThread "VM Thread" [stack: 0x00000022e7700000,0x00000022e7800000] [id=10160]
  0x000001a43caa77f0 WatcherThread [stack: 0x00000022e8300000,0x00000022e8400000] [id=9060]
  0x000001a42291dc50 GCTaskThread "GC Thread#0" [stack: 0x00000022e7200000,0x00000022e7300000] [id=5512]
  0x000001a4560bd7f0 GCTaskThread "GC Thread#1" [stack: 0x00000022e8500000,0x00000022e8600000] [id=7700]
  0x000001a43cccca00 GCTaskThread "GC Thread#2" [stack: 0x00000022e8600000,0x00000022e8700000] [id=10016]
  0x000001a4560bd030 GCTaskThread "GC Thread#3" [stack: 0x00000022e8700000,0x00000022e8800000] [id=3660]
  0x000001a422923ac0 ConcurrentGCThread "G1 Main Marker" [stack: 0x00000022e7300000,0x00000022e7400000] [id=9224]
  0x000001a4229243e0 ConcurrentGCThread "G1 Conc#0" [stack: 0x00000022e7400000,0x00000022e7500000] [id=9732]
  0x000001a4229ce670 ConcurrentGCThread "G1 Refine#0" [stack: 0x00000022e7500000,0x00000022e7600000] [id=9208]
  0x000001a459763ef0 ConcurrentGCThread "G1 Refine#1" [stack: 0x00000022e9f00000,0x00000022ea000000] [id=8936]
  0x000001a43c8100a0 ConcurrentGCThread "G1 Service" [stack: 0x00000022e7600000,0x00000022e7700000] [id=10080]

Threads with active compile tasks:
C2 CompilerThread0    28129 5471       4       groovy.lang.MetaClassImpl$1MOPIter::methodNameAction (325 bytes)

VM state: not at safepoint (normal execution)

VM Mutex/Monitor currently owned by a thread: None

Heap address: 0x00000000e0000000, size: 512 MB, Compressed Oops mode: 32-bit

CDS archive(s) mapped at: [0x000001a43d000000-0x000001a43dbd0000-0x000001a43dbd0000), size 12386304, SharedBaseAddress: 0x000001a43d000000, ArchiveRelocationMode: 1.
Compressed class space mapped at: 0x000001a43e000000-0x000001a452000000, reserved size: 335544320
Narrow klass base: 0x000001a43d000000, Narrow klass shift: 0, Narrow klass range: 0x100000000

GC Precious Log:
 CPUs: 4 total, 4 available
 Memory: 8139M
 Large Page Support: Disabled
 NUMA Support: Disabled
 Compressed Oops: Enabled (32-bit)
 Heap Region Size: 1M
 Heap Min Capacity: 256M
 Heap Initial Capacity: 256M
 Heap Max Capacity: 512M
 Pre-touch: Disabled
 Parallel Workers: 4
 Concurrent Workers: 1
 Concurrent Refinement Workers: 4
 Periodic GC: Disabled

Heap:
 garbage-first heap   total 262144K, used 148006K [0x00000000e0000000, 0x0000000100000000)
  region size 1024K, 122 young (124928K), 9 survivors (9216K)
 Metaspace       used 47575K, committed 48128K, reserved 393216K
  class space    used 6780K, committed 7040K, reserved 327680K

Heap Regions: E=young(eden), S=young(survivor), O=old, HS=humongous(starts), HC=humongous(continues), CS=collection set, F=free, OA=open archive, CA=closed archive, TAMS=top-at-mark-start (previous, next)
|   0|0x00000000e0000000, 0x00000000e0100000, 0x00000000e0100000|100%| O|  |TAMS 0x00000000e0100000, 0x00000000e0000000| Untracked 
|   1|0x00000000e0100000, 0x00000000e0200000, 0x00000000e0200000|100%|HS|  |TAMS 0x00000000e0200000, 0x00000000e0100000| Complete 
|   2|0x00000000e0200000, 0x00000000e0300000, 0x00000000e0300000|100%|HC|  |TAMS 0x00000000e0300000, 0x00000000e0200000| Complete 
|   3|0x00000000e0300000, 0x00000000e0400000, 0x00000000e0400000|100%|HC|  |TAMS 0x00000000e0400000, 0x00000000e0300000| Complete 
|   4|0x00000000e0400000, 0x00000000e0500000, 0x00000000e0500000|100%|HC|  |TAMS 0x00000000e0500000, 0x00000000e0400000| Complete 
|   5|0x00000000e0500000, 0x00000000e0600000, 0x00000000e0600000|100%| O|  |TAMS 0x00000000e0600000, 0x00000000e0500000| Untracked 
|   6|0x00000000e0600000, 0x00000000e0700000, 0x00000000e0700000|100%| O|  |TAMS 0x00000000e0700000, 0x00000000e0600000| Untracked 
|   7|0x00000000e0700000, 0x00000000e0800000, 0x00000000e0800000|100%| O|  |TAMS 0x00000000e0800000, 0x00000000e0700000| Untracked 
|   8|0x00000000e0800000, 0x00000000e0900000, 0x00000000e0900000|100%| O|  |TAMS 0x00000000e0900000, 0x00000000e0800000| Untracked 
|   9|0x00000000e0900000, 0x00000000e0a00000, 0x00000000e0a00000|100%| O|  |TAMS 0x00000000e0a00000, 0x00000000e0900000| Untracked 
|  10|0x00000000e0a00000, 0x00000000e0b00000, 0x00000000e0b00000|100%| O|  |TAMS 0x00000000e0b00000, 0x00000000e0a00000| Untracked 
|  11|0x00000000e0b00000, 0x00000000e0c00000, 0x00000000e0c00000|100%| O|  |TAMS 0x00000000e0c00000, 0x00000000e0b00000| Untracked 
|  12|0x00000000e0c00000, 0x00000000e0d00000, 0x00000000e0d00000|100%| O|  |TAMS 0x00000000e0d00000, 0x00000000e0c00000| Untracked 
|  13|0x00000000e0d00000, 0x00000000e0e00000, 0x00000000e0e00000|100%| O|  |TAMS 0x00000000e0e00000, 0x00000000e0d00000| Untracked 
|  14|0x00000000e0e00000, 0x00000000e0f00000, 0x00000000e0f00000|100%| O|  |TAMS 0x00000000e0f00000, 0x00000000e0e00000| Untracked 
|  15|0x00000000e0f00000, 0x00000000e1000000, 0x00000000e1000000|100%| O|  |TAMS 0x00000000e1000000, 0x00000000e0f00000| Untracked 
|  16|0x00000000e1000000, 0x00000000e1100000, 0x00000000e1100000|100%| O|  |TAMS 0x00000000e1100000, 0x00000000e1000000| Untracked 
|  17|0x00000000e1100000, 0x00000000e1200000, 0x00000000e1200000|100%| O|  |TAMS 0x00000000e1200000, 0x00000000e1100000| Untracked 
|  18|0x00000000e1200000, 0x00000000e1300000, 0x00000000e1300000|100%| O|  |TAMS 0x00000000e1300000, 0x00000000e1200000| Untracked 
|  19|0x00000000e1300000, 0x00000000e1400000, 0x00000000e1400000|100%| O|  |TAMS 0x00000000e1400000, 0x00000000e1300000| Untracked 
|  20|0x00000000e1400000, 0x00000000e1500000, 0x00000000e1500000|100%| O|  |TAMS 0x00000000e1500000, 0x00000000e1400000| Untracked 
|  21|0x00000000e1500000, 0x00000000e1600000, 0x00000000e1600000|100%| O|  |TAMS 0x00000000e1600000, 0x00000000e1500000| Untracked 
|  22|0x00000000e1600000, 0x00000000e16a5c00, 0x00000000e1700000| 64%| O|  |TAMS 0x00000000e16a5c00, 0x00000000e1600000| Untracked 
|  23|0x00000000e1700000, 0x00000000e1800000, 0x00000000e1800000|100%|HS|  |TAMS 0x00000000e1700000, 0x00000000e1700000| Complete 
|  24|0x00000000e1800000, 0x00000000e1900000, 0x00000000e1900000|100%|HS|  |TAMS 0x00000000e1800000, 0x00000000e1800000| Complete 
|  25|0x00000000e1900000, 0x00000000e1900000, 0x00000000e1a00000|  0%| F|  |TAMS 0x00000000e1900000, 0x00000000e1900000| Untracked 
|  26|0x00000000e1a00000, 0x00000000e1a00000, 0x00000000e1b00000|  0%| F|  |TAMS 0x00000000e1a00000, 0x00000000e1a00000| Untracked 
|  27|0x00000000e1b00000, 0x00000000e1b00000, 0x00000000e1c00000|  0%| F|  |TAMS 0x00000000e1b00000, 0x00000000e1b00000| Untracked 
|  28|0x00000000e1c00000, 0x00000000e1c00000, 0x00000000e1d00000|  0%| F|  |TAMS 0x00000000e1c00000, 0x00000000e1c00000| Untracked 
|  29|0x00000000e1d00000, 0x00000000e1d00000, 0x00000000e1e00000|  0%| F|  |TAMS 0x00000000e1d00000, 0x00000000e1d00000| Untracked 
|  30|0x00000000e1e00000, 0x00000000e1e00000, 0x00000000e1f00000|  0%| F|  |TAMS 0x00000000e1e00000, 0x00000000e1e00000| Untracked 
|  31|0x00000000e1f00000, 0x00000000e1f00000, 0x00000000e2000000|  0%| F|  |TAMS 0x00000000e1f00000, 0x00000000e1f00000| Untracked 
|  32|0x00000000e2000000, 0x00000000e2000000, 0x00000000e2100000|  0%| F|  |TAMS 0x00000000e2000000, 0x00000000e2000000| Untracked 
|  33|0x00000000e2100000, 0x00000000e2100000, 0x00000000e2200000|  0%| F|  |TAMS 0x00000000e2100000, 0x00000000e2100000| Untracked 
|  34|0x00000000e2200000, 0x00000000e2200000, 0x00000000e2300000|  0%| F|  |TAMS 0x00000000e2200000, 0x00000000e2200000| Untracked 
|  35|0x00000000e2300000, 0x00000000e2300000, 0x00000000e2400000|  0%| F|  |TAMS 0x00000000e2300000, 0x00000000e2300000| Untracked 
|  36|0x00000000e2400000, 0x00000000e2400000, 0x00000000e2500000|  0%| F|  |TAMS 0x00000000e2400000, 0x00000000e2400000| Untracked 
|  37|0x00000000e2500000, 0x00000000e2500000, 0x00000000e2600000|  0%| F|  |TAMS 0x00000000e2500000, 0x00000000e2500000| Untracked 
|  38|0x00000000e2600000, 0x00000000e2600000, 0x00000000e2700000|  0%| F|  |TAMS 0x00000000e2600000, 0x00000000e2600000| Untracked 
|  39|0x00000000e2700000, 0x00000000e2700000, 0x00000000e2800000|  0%| F|  |TAMS 0x00000000e2700000, 0x00000000e2700000| Untracked 
|  40|0x00000000e2800000, 0x00000000e2800000, 0x00000000e2900000|  0%| F|  |TAMS 0x00000000e2800000, 0x00000000e2800000| Untracked 
|  41|0x00000000e2900000, 0x00000000e2900000, 0x00000000e2a00000|  0%| F|  |TAMS 0x00000000e2900000, 0x00000000e2900000| Untracked 
|  42|0x00000000e2a00000, 0x00000000e2a00000, 0x00000000e2b00000|  0%| F|  |TAMS 0x00000000e2a00000, 0x00000000e2a00000| Untracked 
|  43|0x00000000e2b00000, 0x00000000e2b00000, 0x00000000e2c00000|  0%| F|  |TAMS 0x00000000e2b00000, 0x00000000e2b00000| Untracked 
|  44|0x00000000e2c00000, 0x00000000e2c00000, 0x00000000e2d00000|  0%| F|  |TAMS 0x00000000e2c00000, 0x00000000e2c00000| Untracked 
|  45|0x00000000e2d00000, 0x00000000e2d00000, 0x00000000e2e00000|  0%| F|  |TAMS 0x00000000e2d00000, 0x00000000e2d00000| Untracked 
|  46|0x00000000e2e00000, 0x00000000e2e00000, 0x00000000e2f00000|  0%| F|  |TAMS 0x00000000e2e00000, 0x00000000e2e00000| Untracked 
|  47|0x00000000e2f00000, 0x00000000e2f00000, 0x00000000e3000000|  0%| F|  |TAMS 0x00000000e2f00000, 0x00000000e2f00000| Untracked 
|  48|0x00000000e3000000, 0x00000000e3000000, 0x00000000e3100000|  0%| F|  |TAMS 0x00000000e3000000, 0x00000000e3000000| Untracked 
|  49|0x00000000e3100000, 0x00000000e3100000, 0x00000000e3200000|  0%| F|  |TAMS 0x00000000e3100000, 0x00000000e3100000| Untracked 
|  50|0x00000000e3200000, 0x00000000e3200000, 0x00000000e3300000|  0%| F|  |TAMS 0x00000000e3200000, 0x00000000e3200000| Untracked 
|  51|0x00000000e3300000, 0x00000000e3300000, 0x00000000e3400000|  0%| F|  |TAMS 0x00000000e3300000, 0x00000000e3300000| Untracked 
|  52|0x00000000e3400000, 0x00000000e3400000, 0x00000000e3500000|  0%| F|  |TAMS 0x00000000e3400000, 0x00000000e3400000| Untracked 
|  53|0x00000000e3500000, 0x00000000e3500000, 0x00000000e3600000|  0%| F|  |TAMS 0x00000000e3500000, 0x00000000e3500000| Untracked 
|  54|0x00000000e3600000, 0x00000000e3600000, 0x00000000e3700000|  0%| F|  |TAMS 0x00000000e3600000, 0x00000000e3600000| Untracked 
|  55|0x00000000e3700000, 0x00000000e3700000, 0x00000000e3800000|  0%| F|  |TAMS 0x00000000e3700000, 0x00000000e3700000| Untracked 
|  56|0x00000000e3800000, 0x00000000e3800000, 0x00000000e3900000|  0%| F|  |TAMS 0x00000000e3800000, 0x00000000e3800000| Untracked 
|  57|0x00000000e3900000, 0x00000000e3900000, 0x00000000e3a00000|  0%| F|  |TAMS 0x00000000e3900000, 0x00000000e3900000| Untracked 
|  58|0x00000000e3a00000, 0x00000000e3a00000, 0x00000000e3b00000|  0%| F|  |TAMS 0x00000000e3a00000, 0x00000000e3a00000| Untracked 
|  59|0x00000000e3b00000, 0x00000000e3b00000, 0x00000000e3c00000|  0%| F|  |TAMS 0x00000000e3b00000, 0x00000000e3b00000| Untracked 
|  60|0x00000000e3c00000, 0x00000000e3c00000, 0x00000000e3d00000|  0%| F|  |TAMS 0x00000000e3c00000, 0x00000000e3c00000| Untracked 
|  61|0x00000000e3d00000, 0x00000000e3d00000, 0x00000000e3e00000|  0%| F|  |TAMS 0x00000000e3d00000, 0x00000000e3d00000| Untracked 
|  62|0x00000000e3e00000, 0x00000000e3e00000, 0x00000000e3f00000|  0%| F|  |TAMS 0x00000000e3e00000, 0x00000000e3e00000| Untracked 
|  63|0x00000000e3f00000, 0x00000000e3f00000, 0x00000000e4000000|  0%| F|  |TAMS 0x00000000e3f00000, 0x00000000e3f00000| Untracked 
|  64|0x00000000e4000000, 0x00000000e4000000, 0x00000000e4100000|  0%| F|  |TAMS 0x00000000e4000000, 0x00000000e4000000| Untracked 
|  65|0x00000000e4100000, 0x00000000e4100000, 0x00000000e4200000|  0%| F|  |TAMS 0x00000000e4100000, 0x00000000e4100000| Untracked 
|  66|0x00000000e4200000, 0x00000000e4200000, 0x00000000e4300000|  0%| F|  |TAMS 0x00000000e4200000, 0x00000000e4200000| Untracked 
|  67|0x00000000e4300000, 0x00000000e4300000, 0x00000000e4400000|  0%| F|  |TAMS 0x00000000e4300000, 0x00000000e4300000| Untracked 
|  68|0x00000000e4400000, 0x00000000e4400000, 0x00000000e4500000|  0%| F|  |TAMS 0x00000000e4400000, 0x00000000e4400000| Untracked 
|  69|0x00000000e4500000, 0x00000000e4500000, 0x00000000e4600000|  0%| F|  |TAMS 0x00000000e4500000, 0x00000000e4500000| Untracked 
|  70|0x00000000e4600000, 0x00000000e4600000, 0x00000000e4700000|  0%| F|  |TAMS 0x00000000e4600000, 0x00000000e4600000| Untracked 
|  71|0x00000000e4700000, 0x00000000e4700000, 0x00000000e4800000|  0%| F|  |TAMS 0x00000000e4700000, 0x00000000e4700000| Untracked 
|  72|0x00000000e4800000, 0x00000000e4800000, 0x00000000e4900000|  0%| F|  |TAMS 0x00000000e4800000, 0x00000000e4800000| Untracked 
|  73|0x00000000e4900000, 0x00000000e4900000, 0x00000000e4a00000|  0%| F|  |TAMS 0x00000000e4900000, 0x00000000e4900000| Untracked 
|  74|0x00000000e4a00000, 0x00000000e4a00000, 0x00000000e4b00000|  0%| F|  |TAMS 0x00000000e4a00000, 0x00000000e4a00000| Untracked 
|  75|0x00000000e4b00000, 0x00000000e4b00000, 0x00000000e4c00000|  0%| F|  |TAMS 0x00000000e4b00000, 0x00000000e4b00000| Untracked 
|  76|0x00000000e4c00000, 0x00000000e4c00000, 0x00000000e4d00000|  0%| F|  |TAMS 0x00000000e4c00000, 0x00000000e4c00000| Untracked 
|  77|0x00000000e4d00000, 0x00000000e4d00000, 0x00000000e4e00000|  0%| F|  |TAMS 0x00000000e4d00000, 0x00000000e4d00000| Untracked 
|  78|0x00000000e4e00000, 0x00000000e4e00000, 0x00000000e4f00000|  0%| F|  |TAMS 0x00000000e4e00000, 0x00000000e4e00000| Untracked 
|  79|0x00000000e4f00000, 0x00000000e4f00000, 0x00000000e5000000|  0%| F|  |TAMS 0x00000000e4f00000, 0x00000000e4f00000| Untracked 
|  80|0x00000000e5000000, 0x00000000e5000000, 0x00000000e5100000|  0%| F|  |TAMS 0x00000000e5000000, 0x00000000e5000000| Untracked 
|  81|0x00000000e5100000, 0x00000000e5100000, 0x00000000e5200000|  0%| F|  |TAMS 0x00000000e5100000, 0x00000000e5100000| Untracked 
|  82|0x00000000e5200000, 0x00000000e5200000, 0x00000000e5300000|  0%| F|  |TAMS 0x00000000e5200000, 0x00000000e5200000| Untracked 
|  83|0x00000000e5300000, 0x00000000e5300000, 0x00000000e5400000|  0%| F|  |TAMS 0x00000000e5300000, 0x00000000e5300000| Untracked 
|  84|0x00000000e5400000, 0x00000000e5400000, 0x00000000e5500000|  0%| F|  |TAMS 0x00000000e5400000, 0x00000000e5400000| Untracked 
|  85|0x00000000e5500000, 0x00000000e5500000, 0x00000000e5600000|  0%| F|  |TAMS 0x00000000e5500000, 0x00000000e5500000| Untracked 
|  86|0x00000000e5600000, 0x00000000e5600000, 0x00000000e5700000|  0%| F|  |TAMS 0x00000000e5600000, 0x00000000e5600000| Untracked 
|  87|0x00000000e5700000, 0x00000000e5700000, 0x00000000e5800000|  0%| F|  |TAMS 0x00000000e5700000, 0x00000000e5700000| Untracked 
|  88|0x00000000e5800000, 0x00000000e5800000, 0x00000000e5900000|  0%| F|  |TAMS 0x00000000e5800000, 0x00000000e5800000| Untracked 
|  89|0x00000000e5900000, 0x00000000e5900000, 0x00000000e5a00000|  0%| F|  |TAMS 0x00000000e5900000, 0x00000000e5900000| Untracked 
|  90|0x00000000e5a00000, 0x00000000e5a00000, 0x00000000e5b00000|  0%| F|  |TAMS 0x00000000e5a00000, 0x00000000e5a00000| Untracked 
|  91|0x00000000e5b00000, 0x00000000e5b00000, 0x00000000e5c00000|  0%| F|  |TAMS 0x00000000e5b00000, 0x00000000e5b00000| Untracked 
|  92|0x00000000e5c00000, 0x00000000e5c00000, 0x00000000e5d00000|  0%| F|  |TAMS 0x00000000e5c00000, 0x00000000e5c00000| Untracked 
|  93|0x00000000e5d00000, 0x00000000e5d00000, 0x00000000e5e00000|  0%| F|  |TAMS 0x00000000e5d00000, 0x00000000e5d00000| Untracked 
|  94|0x00000000e5e00000, 0x00000000e5e00000, 0x00000000e5f00000|  0%| F|  |TAMS 0x00000000e5e00000, 0x00000000e5e00000| Untracked 
|  95|0x00000000e5f00000, 0x00000000e5f00000, 0x00000000e6000000|  0%| F|  |TAMS 0x00000000e5f00000, 0x00000000e5f00000| Untracked 
|  96|0x00000000e6000000, 0x00000000e6000000, 0x00000000e6100000|  0%| F|  |TAMS 0x00000000e6000000, 0x00000000e6000000| Untracked 
|  97|0x00000000e6100000, 0x00000000e6100000, 0x00000000e6200000|  0%| F|  |TAMS 0x00000000e6100000, 0x00000000e6100000| Untracked 
|  98|0x00000000e6200000, 0x00000000e6200000, 0x00000000e6300000|  0%| F|  |TAMS 0x00000000e6200000, 0x00000000e6200000| Untracked 
|  99|0x00000000e6300000, 0x00000000e6300000, 0x00000000e6400000|  0%| F|  |TAMS 0x00000000e6300000, 0x00000000e6300000| Untracked 
| 100|0x00000000e6400000, 0x00000000e6400000, 0x00000000e6500000|  0%| F|  |TAMS 0x00000000e6400000, 0x00000000e6400000| Untracked 
| 101|0x00000000e6500000, 0x00000000e6500000, 0x00000000e6600000|  0%| F|  |TAMS 0x00000000e6500000, 0x00000000e6500000| Untracked 
| 102|0x00000000e6600000, 0x00000000e6600000, 0x00000000e6700000|  0%| F|  |TAMS 0x00000000e6600000, 0x00000000e6600000| Untracked 
| 103|0x00000000e6700000, 0x00000000e6700000, 0x00000000e6800000|  0%| F|  |TAMS 0x00000000e6700000, 0x00000000e6700000| Untracked 
| 104|0x00000000e6800000, 0x00000000e6800000, 0x00000000e6900000|  0%| F|  |TAMS 0x00000000e6800000, 0x00000000e6800000| Untracked 
| 105|0x00000000e6900000, 0x00000000e6900000, 0x00000000e6a00000|  0%| F|  |TAMS 0x00000000e6900000, 0x00000000e6900000| Untracked 
| 106|0x00000000e6a00000, 0x00000000e6a00000, 0x00000000e6b00000|  0%| F|  |TAMS 0x00000000e6a00000, 0x00000000e6a00000| Untracked 
| 107|0x00000000e6b00000, 0x00000000e6b00000, 0x00000000e6c00000|  0%| F|  |TAMS 0x00000000e6b00000, 0x00000000e6b00000| Untracked 
| 108|0x00000000e6c00000, 0x00000000e6c00000, 0x00000000e6d00000|  0%| F|  |TAMS 0x00000000e6c00000, 0x00000000e6c00000| Untracked 
| 109|0x00000000e6d00000, 0x00000000e6d00000, 0x00000000e6e00000|  0%| F|  |TAMS 0x00000000e6d00000, 0x00000000e6d00000| Untracked 
| 110|0x00000000e6e00000, 0x00000000e6e00000, 0x00000000e6f00000|  0%| F|  |TAMS 0x00000000e6e00000, 0x00000000e6e00000| Untracked 
| 111|0x00000000e6f00000, 0x00000000e6f00000, 0x00000000e7000000|  0%| F|  |TAMS 0x00000000e6f00000, 0x00000000e6f00000| Untracked 
| 112|0x00000000e7000000, 0x00000000e7000000, 0x00000000e7100000|  0%| F|  |TAMS 0x00000000e7000000, 0x00000000e7000000| Untracked 
| 113|0x00000000e7100000, 0x00000000e7100000, 0x00000000e7200000|  0%| F|  |TAMS 0x00000000e7100000, 0x00000000e7100000| Untracked 
| 114|0x00000000e7200000, 0x00000000e7200000, 0x00000000e7300000|  0%| F|  |TAMS 0x00000000e7200000, 0x00000000e7200000| Untracked 
| 115|0x00000000e7300000, 0x00000000e7300000, 0x00000000e7400000|  0%| F|  |TAMS 0x00000000e7300000, 0x00000000e7300000| Untracked 
| 116|0x00000000e7400000, 0x00000000e7400000, 0x00000000e7500000|  0%| F|  |TAMS 0x00000000e7400000, 0x00000000e7400000| Untracked 
| 117|0x00000000e7500000, 0x00000000e7500000, 0x00000000e7600000|  0%| F|  |TAMS 0x00000000e7500000, 0x00000000e7500000| Untracked 
| 118|0x00000000e7600000, 0x00000000e7600000, 0x00000000e7700000|  0%| F|  |TAMS 0x00000000e7600000, 0x00000000e7600000| Untracked 
| 119|0x00000000e7700000, 0x00000000e7700000, 0x00000000e7800000|  0%| F|  |TAMS 0x00000000e7700000, 0x00000000e7700000| Untracked 
| 120|0x00000000e7800000, 0x00000000e7800000, 0x00000000e7900000|  0%| F|  |TAMS 0x00000000e7800000, 0x00000000e7800000| Untracked 
| 121|0x00000000e7900000, 0x00000000e7900000, 0x00000000e7a00000|  0%| F|  |TAMS 0x00000000e7900000, 0x00000000e7900000| Untracked 
| 122|0x00000000e7a00000, 0x00000000e7a00000, 0x00000000e7b00000|  0%| F|  |TAMS 0x00000000e7a00000, 0x00000000e7a00000| Untracked 
| 123|0x00000000e7b00000, 0x00000000e7b00000, 0x00000000e7c00000|  0%| F|  |TAMS 0x00000000e7b00000, 0x00000000e7b00000| Untracked 
| 124|0x00000000e7c00000, 0x00000000e7c00000, 0x00000000e7d00000|  0%| F|  |TAMS 0x00000000e7c00000, 0x00000000e7c00000| Untracked 
| 125|0x00000000e7d00000, 0x00000000e7d00000, 0x00000000e7e00000|  0%| F|  |TAMS 0x00000000e7d00000, 0x00000000e7d00000| Untracked 
| 126|0x00000000e7e00000, 0x00000000e7e00000, 0x00000000e7f00000|  0%| F|  |TAMS 0x00000000e7e00000, 0x00000000e7e00000| Untracked 
| 127|0x00000000e7f00000, 0x00000000e7f00000, 0x00000000e8000000|  0%| F|  |TAMS 0x00000000e7f00000, 0x00000000e7f00000| Untracked 
| 128|0x00000000e8000000, 0x00000000e8000000, 0x00000000e8100000|  0%| F|  |TAMS 0x00000000e8000000, 0x00000000e8000000| Untracked 
| 129|0x00000000e8100000, 0x00000000e8100000, 0x00000000e8200000|  0%| F|  |TAMS 0x00000000e8100000, 0x00000000e8100000| Untracked 
| 130|0x00000000e8200000, 0x00000000e8200000, 0x00000000e8300000|  0%| F|  |TAMS 0x00000000e8200000, 0x00000000e8200000| Untracked 
| 131|0x00000000e8300000, 0x00000000e8300000, 0x00000000e8400000|  0%| F|  |TAMS 0x00000000e8300000, 0x00000000e8300000| Untracked 
| 132|0x00000000e8400000, 0x00000000e8400000, 0x00000000e8500000|  0%| F|  |TAMS 0x00000000e8400000, 0x00000000e8400000| Untracked 
| 133|0x00000000e8500000, 0x00000000e8500000, 0x00000000e8600000|  0%| F|  |TAMS 0x00000000e8500000, 0x00000000e8500000| Untracked 
| 134|0x00000000e8600000, 0x00000000e86e3cc0, 0x00000000e8700000| 88%| S|CS|TAMS 0x00000000e8600000, 0x00000000e8600000| Complete 
| 135|0x00000000e8700000, 0x00000000e8800000, 0x00000000e8800000|100%| S|CS|TAMS 0x00000000e8700000, 0x00000000e8700000| Complete 
| 136|0x00000000e8800000, 0x00000000e8900000, 0x00000000e8900000|100%| S|CS|TAMS 0x00000000e8800000, 0x00000000e8800000| Complete 
| 137|0x00000000e8900000, 0x00000000e8a00000, 0x00000000e8a00000|100%| S|CS|TAMS 0x00000000e8900000, 0x00000000e8900000| Complete 
| 138|0x00000000e8a00000, 0x00000000e8b00000, 0x00000000e8b00000|100%| S|CS|TAMS 0x00000000e8a00000, 0x00000000e8a00000| Complete 
| 139|0x00000000e8b00000, 0x00000000e8c00000, 0x00000000e8c00000|100%| S|CS|TAMS 0x00000000e8b00000, 0x00000000e8b00000| Complete 
| 140|0x00000000e8c00000, 0x00000000e8d00000, 0x00000000e8d00000|100%| S|CS|TAMS 0x00000000e8c00000, 0x00000000e8c00000| Complete 
| 141|0x00000000e8d00000, 0x00000000e8e00000, 0x00000000e8e00000|100%| S|CS|TAMS 0x00000000e8d00000, 0x00000000e8d00000| Complete 
| 142|0x00000000e8e00000, 0x00000000e8f00000, 0x00000000e8f00000|100%| S|CS|TAMS 0x00000000e8e00000, 0x00000000e8e00000| Complete 
| 143|0x00000000e8f00000, 0x00000000e9000000, 0x00000000e9000000|100%| E|  |TAMS 0x00000000e8f00000, 0x00000000e8f00000| Complete 
| 144|0x00000000e9000000, 0x00000000e9100000, 0x00000000e9100000|100%| E|CS|TAMS 0x00000000e9000000, 0x00000000e9000000| Complete 
| 145|0x00000000e9100000, 0x00000000e9200000, 0x00000000e9200000|100%| E|CS|TAMS 0x00000000e9100000, 0x00000000e9100000| Complete 
| 146|0x00000000e9200000, 0x00000000e9300000, 0x00000000e9300000|100%| E|CS|TAMS 0x00000000e9200000, 0x00000000e9200000| Complete 
| 147|0x00000000e9300000, 0x00000000e9400000, 0x00000000e9400000|100%| E|CS|TAMS 0x00000000e9300000, 0x00000000e9300000| Complete 
| 148|0x00000000e9400000, 0x00000000e9500000, 0x00000000e9500000|100%| E|CS|TAMS 0x00000000e9400000, 0x00000000e9400000| Complete 
| 149|0x00000000e9500000, 0x00000000e9600000, 0x00000000e9600000|100%| E|CS|TAMS 0x00000000e9500000, 0x00000000e9500000| Complete 
| 150|0x00000000e9600000, 0x00000000e9700000, 0x00000000e9700000|100%| E|CS|TAMS 0x00000000e9600000, 0x00000000e9600000| Complete 
| 151|0x00000000e9700000, 0x00000000e9800000, 0x00000000e9800000|100%| E|CS|TAMS 0x00000000e9700000, 0x00000000e9700000| Complete 
| 152|0x00000000e9800000, 0x00000000e9900000, 0x00000000e9900000|100%| E|CS|TAMS 0x00000000e9800000, 0x00000000e9800000| Complete 
| 153|0x00000000e9900000, 0x00000000e9a00000, 0x00000000e9a00000|100%| E|CS|TAMS 0x00000000e9900000, 0x00000000e9900000| Complete 
| 154|0x00000000e9a00000, 0x00000000e9b00000, 0x00000000e9b00000|100%| E|CS|TAMS 0x00000000e9a00000, 0x00000000e9a00000| Complete 
| 155|0x00000000e9b00000, 0x00000000e9c00000, 0x00000000e9c00000|100%| E|CS|TAMS 0x00000000e9b00000, 0x00000000e9b00000| Complete 
| 156|0x00000000e9c00000, 0x00000000e9d00000, 0x00000000e9d00000|100%| E|CS|TAMS 0x00000000e9c00000, 0x00000000e9c00000| Complete 
| 157|0x00000000e9d00000, 0x00000000e9e00000, 0x00000000e9e00000|100%| E|CS|TAMS 0x00000000e9d00000, 0x00000000e9d00000| Complete 
| 158|0x00000000e9e00000, 0x00000000e9f00000, 0x00000000e9f00000|100%| E|CS|TAMS 0x00000000e9e00000, 0x00000000e9e00000| Complete 
| 159|0x00000000e9f00000, 0x00000000ea000000, 0x00000000ea000000|100%| E|CS|TAMS 0x00000000e9f00000, 0x00000000e9f00000| Complete 
| 160|0x00000000ea000000, 0x00000000ea100000, 0x00000000ea100000|100%| E|CS|TAMS 0x00000000ea000000, 0x00000000ea000000| Complete 
| 161|0x00000000ea100000, 0x00000000ea200000, 0x00000000ea200000|100%| E|CS|TAMS 0x00000000ea100000, 0x00000000ea100000| Complete 
| 162|0x00000000ea200000, 0x00000000ea300000, 0x00000000ea300000|100%| E|CS|TAMS 0x00000000ea200000, 0x00000000ea200000| Complete 
| 163|0x00000000ea300000, 0x00000000ea400000, 0x00000000ea400000|100%| E|CS|TAMS 0x00000000ea300000, 0x00000000ea300000| Complete 
| 164|0x00000000ea400000, 0x00000000ea500000, 0x00000000ea500000|100%| E|CS|TAMS 0x00000000ea400000, 0x00000000ea400000| Complete 
| 165|0x00000000ea500000, 0x00000000ea600000, 0x00000000ea600000|100%| E|CS|TAMS 0x00000000ea500000, 0x00000000ea500000| Complete 
| 166|0x00000000ea600000, 0x00000000ea700000, 0x00000000ea700000|100%| E|CS|TAMS 0x00000000ea600000, 0x00000000ea600000| Complete 
| 167|0x00000000ea700000, 0x00000000ea800000, 0x00000000ea800000|100%| E|CS|TAMS 0x00000000ea700000, 0x00000000ea700000| Complete 
| 168|0x00000000ea800000, 0x00000000ea900000, 0x00000000ea900000|100%| E|CS|TAMS 0x00000000ea800000, 0x00000000ea800000| Complete 
| 169|0x00000000ea900000, 0x00000000eaa00000, 0x00000000eaa00000|100%| E|CS|TAMS 0x00000000ea900000, 0x00000000ea900000| Complete 
| 170|0x00000000eaa00000, 0x00000000eab00000, 0x00000000eab00000|100%| E|CS|TAMS 0x00000000eaa00000, 0x00000000eaa00000| Complete 
| 171|0x00000000eab00000, 0x00000000eac00000, 0x00000000eac00000|100%| E|CS|TAMS 0x00000000eab00000, 0x00000000eab00000| Complete 
| 172|0x00000000eac00000, 0x00000000ead00000, 0x00000000ead00000|100%| E|CS|TAMS 0x00000000eac00000, 0x00000000eac00000| Complete 
| 173|0x00000000ead00000, 0x00000000eae00000, 0x00000000eae00000|100%| E|CS|TAMS 0x00000000ead00000, 0x00000000ead00000| Complete 
| 174|0x00000000eae00000, 0x00000000eaf00000, 0x00000000eaf00000|100%| E|CS|TAMS 0x00000000eae00000, 0x00000000eae00000| Complete 
| 175|0x00000000eaf00000, 0x00000000eb000000, 0x00000000eb000000|100%| E|CS|TAMS 0x00000000eaf00000, 0x00000000eaf00000| Complete 
| 176|0x00000000eb000000, 0x00000000eb100000, 0x00000000eb100000|100%| E|CS|TAMS 0x00000000eb000000, 0x00000000eb000000| Complete 
| 177|0x00000000eb100000, 0x00000000eb200000, 0x00000000eb200000|100%| E|CS|TAMS 0x00000000eb100000, 0x00000000eb100000| Complete 
| 178|0x00000000eb200000, 0x00000000eb300000, 0x00000000eb300000|100%| E|CS|TAMS 0x00000000eb200000, 0x00000000eb200000| Complete 
| 179|0x00000000eb300000, 0x00000000eb400000, 0x00000000eb400000|100%| E|CS|TAMS 0x00000000eb300000, 0x00000000eb300000| Complete 
| 180|0x00000000eb400000, 0x00000000eb500000, 0x00000000eb500000|100%| E|CS|TAMS 0x00000000eb400000, 0x00000000eb400000| Complete 
| 181|0x00000000eb500000, 0x00000000eb600000, 0x00000000eb600000|100%| E|CS|TAMS 0x00000000eb500000, 0x00000000eb500000| Complete 
| 182|0x00000000eb600000, 0x00000000eb700000, 0x00000000eb700000|100%| E|CS|TAMS 0x00000000eb600000, 0x00000000eb600000| Complete 
| 183|0x00000000eb700000, 0x00000000eb800000, 0x00000000eb800000|100%| E|CS|TAMS 0x00000000eb700000, 0x00000000eb700000| Complete 
| 184|0x00000000eb800000, 0x00000000eb900000, 0x00000000eb900000|100%| E|CS|TAMS 0x00000000eb800000, 0x00000000eb800000| Complete 
| 185|0x00000000eb900000, 0x00000000eba00000, 0x00000000eba00000|100%| E|CS|TAMS 0x00000000eb900000, 0x00000000eb900000| Complete 
| 186|0x00000000eba00000, 0x00000000ebb00000, 0x00000000ebb00000|100%| E|CS|TAMS 0x00000000eba00000, 0x00000000eba00000| Complete 
| 187|0x00000000ebb00000, 0x00000000ebc00000, 0x00000000ebc00000|100%| E|CS|TAMS 0x00000000ebb00000, 0x00000000ebb00000| Complete 
| 188|0x00000000ebc00000, 0x00000000ebd00000, 0x00000000ebd00000|100%| E|CS|TAMS 0x00000000ebc00000, 0x00000000ebc00000| Complete 
| 189|0x00000000ebd00000, 0x00000000ebe00000, 0x00000000ebe00000|100%| E|CS|TAMS 0x00000000ebd00000, 0x00000000ebd00000| Complete 
| 190|0x00000000ebe00000, 0x00000000ebf00000, 0x00000000ebf00000|100%| E|CS|TAMS 0x00000000ebe00000, 0x00000000ebe00000| Complete 
| 191|0x00000000ebf00000, 0x00000000ec000000, 0x00000000ec000000|100%| E|CS|TAMS 0x00000000ebf00000, 0x00000000ebf00000| Complete 
| 192|0x00000000ec000000, 0x00000000ec100000, 0x00000000ec100000|100%| E|CS|TAMS 0x00000000ec000000, 0x00000000ec000000| Complete 
| 193|0x00000000ec100000, 0x00000000ec200000, 0x00000000ec200000|100%| E|CS|TAMS 0x00000000ec100000, 0x00000000ec100000| Complete 
| 194|0x00000000ec200000, 0x00000000ec300000, 0x00000000ec300000|100%| E|CS|TAMS 0x00000000ec200000, 0x00000000ec200000| Complete 
| 195|0x00000000ec300000, 0x00000000ec400000, 0x00000000ec400000|100%| E|CS|TAMS 0x00000000ec300000, 0x00000000ec300000| Complete 
| 196|0x00000000ec400000, 0x00000000ec500000, 0x00000000ec500000|100%| E|CS|TAMS 0x00000000ec400000, 0x00000000ec400000| Complete 
| 197|0x00000000ec500000, 0x00000000ec600000, 0x00000000ec600000|100%| E|CS|TAMS 0x00000000ec500000, 0x00000000ec500000| Complete 
| 198|0x00000000ec600000, 0x00000000ec700000, 0x00000000ec700000|100%| E|CS|TAMS 0x00000000ec600000, 0x00000000ec600000| Complete 
| 199|0x00000000ec700000, 0x00000000ec800000, 0x00000000ec800000|100%| E|CS|TAMS 0x00000000ec700000, 0x00000000ec700000| Complete 
| 200|0x00000000ec800000, 0x00000000ec900000, 0x00000000ec900000|100%| E|CS|TAMS 0x00000000ec800000, 0x00000000ec800000| Complete 
| 201|0x00000000ec900000, 0x00000000eca00000, 0x00000000eca00000|100%| E|CS|TAMS 0x00000000ec900000, 0x00000000ec900000| Complete 
| 202|0x00000000eca00000, 0x00000000ecb00000, 0x00000000ecb00000|100%| E|CS|TAMS 0x00000000eca00000, 0x00000000eca00000| Complete 
| 203|0x00000000ecb00000, 0x00000000ecc00000, 0x00000000ecc00000|100%| E|CS|TAMS 0x00000000ecb00000, 0x00000000ecb00000| Complete 
| 204|0x00000000ecc00000, 0x00000000ecd00000, 0x00000000ecd00000|100%| E|CS|TAMS 0x00000000ecc00000, 0x00000000ecc00000| Complete 
| 205|0x00000000ecd00000, 0x00000000ece00000, 0x00000000ece00000|100%| E|CS|TAMS 0x00000000ecd00000, 0x00000000ecd00000| Complete 
| 206|0x00000000ece00000, 0x00000000ecf00000, 0x00000000ecf00000|100%| E|CS|TAMS 0x00000000ece00000, 0x00000000ece00000| Complete 
| 207|0x00000000ecf00000, 0x00000000ed000000, 0x00000000ed000000|100%| E|CS|TAMS 0x00000000ecf00000, 0x00000000ecf00000| Complete 
| 208|0x00000000ed000000, 0x00000000ed100000, 0x00000000ed100000|100%| E|CS|TAMS 0x00000000ed000000, 0x00000000ed000000| Complete 
| 209|0x00000000ed100000, 0x00000000ed200000, 0x00000000ed200000|100%| E|CS|TAMS 0x00000000ed100000, 0x00000000ed100000| Complete 
| 210|0x00000000ed200000, 0x00000000ed300000, 0x00000000ed300000|100%| E|CS|TAMS 0x00000000ed200000, 0x00000000ed200000| Complete 
| 211|0x00000000ed300000, 0x00000000ed400000, 0x00000000ed400000|100%| E|CS|TAMS 0x00000000ed300000, 0x00000000ed300000| Complete 
| 212|0x00000000ed400000, 0x00000000ed500000, 0x00000000ed500000|100%| E|CS|TAMS 0x00000000ed400000, 0x00000000ed400000| Complete 
| 213|0x00000000ed500000, 0x00000000ed600000, 0x00000000ed600000|100%| E|CS|TAMS 0x00000000ed500000, 0x00000000ed500000| Complete 
| 214|0x00000000ed600000, 0x00000000ed700000, 0x00000000ed700000|100%| E|CS|TAMS 0x00000000ed600000, 0x00000000ed600000| Complete 
| 215|0x00000000ed700000, 0x00000000ed800000, 0x00000000ed800000|100%| E|CS|TAMS 0x00000000ed700000, 0x00000000ed700000| Complete 
| 216|0x00000000ed800000, 0x00000000ed900000, 0x00000000ed900000|100%| E|CS|TAMS 0x00000000ed800000, 0x00000000ed800000| Complete 
| 217|0x00000000ed900000, 0x00000000eda00000, 0x00000000eda00000|100%| E|CS|TAMS 0x00000000ed900000, 0x00000000ed900000| Complete 
| 218|0x00000000eda00000, 0x00000000edb00000, 0x00000000edb00000|100%| E|CS|TAMS 0x00000000eda00000, 0x00000000eda00000| Complete 
| 219|0x00000000edb00000, 0x00000000edc00000, 0x00000000edc00000|100%| E|CS|TAMS 0x00000000edb00000, 0x00000000edb00000| Complete 
| 220|0x00000000edc00000, 0x00000000edd00000, 0x00000000edd00000|100%| E|CS|TAMS 0x00000000edc00000, 0x00000000edc00000| Complete 
| 221|0x00000000edd00000, 0x00000000ede00000, 0x00000000ede00000|100%| E|CS|TAMS 0x00000000edd00000, 0x00000000edd00000| Complete 
| 222|0x00000000ede00000, 0x00000000edf00000, 0x00000000edf00000|100%| E|CS|TAMS 0x00000000ede00000, 0x00000000ede00000| Complete 
| 223|0x00000000edf00000, 0x00000000ee000000, 0x00000000ee000000|100%| E|CS|TAMS 0x00000000edf00000, 0x00000000edf00000| Complete 
| 224|0x00000000ee000000, 0x00000000ee100000, 0x00000000ee100000|100%| E|CS|TAMS 0x00000000ee000000, 0x00000000ee000000| Complete 
| 225|0x00000000ee100000, 0x00000000ee200000, 0x00000000ee200000|100%| E|CS|TAMS 0x00000000ee100000, 0x00000000ee100000| Complete 
| 226|0x00000000ee200000, 0x00000000ee300000, 0x00000000ee300000|100%| E|CS|TAMS 0x00000000ee200000, 0x00000000ee200000| Complete 
| 227|0x00000000ee300000, 0x00000000ee400000, 0x00000000ee400000|100%| E|CS|TAMS 0x00000000ee300000, 0x00000000ee300000| Complete 
| 228|0x00000000ee400000, 0x00000000ee500000, 0x00000000ee500000|100%| E|CS|TAMS 0x00000000ee400000, 0x00000000ee400000| Complete 
| 229|0x00000000ee500000, 0x00000000ee600000, 0x00000000ee600000|100%| E|CS|TAMS 0x00000000ee500000, 0x00000000ee500000| Complete 
| 230|0x00000000ee600000, 0x00000000ee700000, 0x00000000ee700000|100%| E|CS|TAMS 0x00000000ee600000, 0x00000000ee600000| Complete 
| 231|0x00000000ee700000, 0x00000000ee800000, 0x00000000ee800000|100%| E|CS|TAMS 0x00000000ee700000, 0x00000000ee700000| Complete 
| 232|0x00000000ee800000, 0x00000000ee900000, 0x00000000ee900000|100%| E|CS|TAMS 0x00000000ee800000, 0x00000000ee800000| Complete 
| 233|0x00000000ee900000, 0x00000000eea00000, 0x00000000eea00000|100%| E|CS|TAMS 0x00000000ee900000, 0x00000000ee900000| Complete 
| 234|0x00000000eea00000, 0x00000000eeb00000, 0x00000000eeb00000|100%| E|CS|TAMS 0x00000000eea00000, 0x00000000eea00000| Complete 
| 235|0x00000000eeb00000, 0x00000000eec00000, 0x00000000eec00000|100%| E|CS|TAMS 0x00000000eeb00000, 0x00000000eeb00000| Complete 
| 236|0x00000000eec00000, 0x00000000eed00000, 0x00000000eed00000|100%| E|CS|TAMS 0x00000000eec00000, 0x00000000eec00000| Complete 
| 237|0x00000000eed00000, 0x00000000eee00000, 0x00000000eee00000|100%| E|CS|TAMS 0x00000000eed00000, 0x00000000eed00000| Complete 
| 238|0x00000000eee00000, 0x00000000eef00000, 0x00000000eef00000|100%| E|CS|TAMS 0x00000000eee00000, 0x00000000eee00000| Complete 
| 239|0x00000000eef00000, 0x00000000ef000000, 0x00000000ef000000|100%| E|CS|TAMS 0x00000000eef00000, 0x00000000eef00000| Complete 
| 240|0x00000000ef000000, 0x00000000ef0ffce8, 0x00000000ef100000| 99%| E|  |TAMS 0x00000000ef000000, 0x00000000ef000000| Complete 
| 241|0x00000000ef100000, 0x00000000ef200000, 0x00000000ef200000|100%| E|CS|TAMS 0x00000000ef100000, 0x00000000ef100000| Complete 
| 242|0x00000000ef200000, 0x00000000ef300000, 0x00000000ef300000|100%| E|CS|TAMS 0x00000000ef200000, 0x00000000ef200000| Complete 
| 243|0x00000000ef300000, 0x00000000ef400000, 0x00000000ef400000|100%| E|CS|TAMS 0x00000000ef300000, 0x00000000ef300000| Complete 
| 244|0x00000000ef400000, 0x00000000ef500000, 0x00000000ef500000|100%| E|CS|TAMS 0x00000000ef400000, 0x00000000ef400000| Complete 
| 245|0x00000000ef500000, 0x00000000ef600000, 0x00000000ef600000|100%| E|CS|TAMS 0x00000000ef500000, 0x00000000ef500000| Complete 
| 246|0x00000000ef600000, 0x00000000ef700000, 0x00000000ef700000|100%| E|CS|TAMS 0x00000000ef600000, 0x00000000ef600000| Complete 
| 247|0x00000000ef700000, 0x00000000ef800000, 0x00000000ef800000|100%| E|CS|TAMS 0x00000000ef700000, 0x00000000ef700000| Complete 
| 248|0x00000000ef800000, 0x00000000ef900000, 0x00000000ef900000|100%| E|CS|TAMS 0x00000000ef800000, 0x00000000ef800000| Complete 
| 249|0x00000000ef900000, 0x00000000efa00000, 0x00000000efa00000|100%| E|CS|TAMS 0x00000000ef900000, 0x00000000ef900000| Complete 
| 250|0x00000000efa00000, 0x00000000efb00000, 0x00000000efb00000|100%| E|CS|TAMS 0x00000000efa00000, 0x00000000efa00000| Complete 
| 251|0x00000000efb00000, 0x00000000efc00000, 0x00000000efc00000|100%| E|CS|TAMS 0x00000000efb00000, 0x00000000efb00000| Complete 
| 252|0x00000000efc00000, 0x00000000efd00000, 0x00000000efd00000|100%| E|CS|TAMS 0x00000000efc00000, 0x00000000efc00000| Complete 
| 253|0x00000000efd00000, 0x00000000efe00000, 0x00000000efe00000|100%| E|CS|TAMS 0x00000000efd00000, 0x00000000efd00000| Complete 
| 254|0x00000000efe00000, 0x00000000eff00000, 0x00000000eff00000|100%| E|CS|TAMS 0x00000000efe00000, 0x00000000efe00000| Complete 
| 255|0x00000000eff00000, 0x00000000f0000000, 0x00000000f0000000|100%| E|CS|TAMS 0x00000000eff00000, 0x00000000eff00000| Complete 

Card table byte_map: [0x000001a4391b0000,0x000001a4392b0000] _byte_map_base: 0x000001a438ab0000

Marking Bits (Prev, Next): (CMBitMap*) 0x000001a42291f190, (CMBitMap*) 0x000001a42291f1d0
 Prev Bits: [0x000001a4393b0000, 0x000001a439bb0000)
 Next Bits: [0x000001a439bb0000, 0x000001a43a3b0000)

Polling page: 0x000001a4208f0000

Metaspace:

Usage:
  Non-class:     39.84 MB used.
      Class:      6.62 MB used.
       Both:     46.46 MB used.

Virtual space:
  Non-class space:       64.00 MB reserved,      40.12 MB ( 63%) committed,  1 nodes.
      Class space:      320.00 MB reserved,       6.88 MB (  2%) committed,  1 nodes.
             Both:      384.00 MB reserved,      47.00 MB ( 12%) committed. 

Chunk freelists:
   Non-Class:  7.68 MB
       Class:  9.04 MB
        Both:  16.72 MB

MaxMetaspaceSize: 384.00 MB
CompressedClassSpaceSize: 320.00 MB
Initial GC threshold: 21.00 MB
Current GC threshold: 59.00 MB
CDS: on
MetaspaceReclaimPolicy: balanced
 - commit_granule_bytes: 65536.
 - commit_granule_words: 8192.
 - virtual_space_node_default_size: 8388608.
 - enlarge_chunks_in_place: 1.
 - new_chunks_are_fully_committed: 0.
 - uncommit_free_chunks: 1.
 - use_allocation_guard: 0.
 - handle_deallocations: 1.


Internal statistics:

num_allocs_failed_limit: 6.
num_arena_births: 528.
num_arena_deaths: 0.
num_vsnodes_births: 2.
num_vsnodes_deaths: 0.
num_space_committed: 752.
num_space_uncommitted: 0.
num_chunks_returned_to_freelist: 6.
num_chunks_taken_from_freelist: 2419.
num_chunk_merges: 6.
num_chunk_splits: 1591.
num_chunks_enlarged: 1075.
num_inconsistent_stats: 0.

CodeHeap 'non-profiled nmethods': size=120000Kb used=2352Kb max_used=2963Kb free=117647Kb
 bounds [0x000001a431c80000, 0x000001a431f70000, 0x000001a4391b0000]
CodeHeap 'profiled nmethods': size=120000Kb used=9261Kb max_used=10460Kb free=110738Kb
 bounds [0x000001a42a1b0000, 0x000001a42abf0000, 0x000001a4316e0000]
CodeHeap 'non-nmethods': size=5760Kb used=2329Kb max_used=2384Kb free=3430Kb
 bounds [0x000001a4316e0000, 0x000001a431950000, 0x000001a431c80000]
 total_blobs=5529 nmethods=4687 adapters=753
 compilation: enabled
              stopped_count=0, restarted_count=0
 full_count=0

Compilation events (20 events):
Event: 27.995 Thread 0x000001a43c96f610 5497       3       java.util.Comparator$$Lambda$190/0x000001a43e16d6c0::compare (10 bytes)
Event: 27.996 Thread 0x000001a43c96f610 nmethod 5497 0x000001a42a772190 code [0x000001a42a772360, 0x000001a42a772848]
Event: 28.005 Thread 0x000001a43c96f610 5499       3       org.codehaus.groovy.runtime.GroovyCategorySupport::getCategoryMethods (21 bytes)
Event: 28.005 Thread 0x000001a43c96f610 nmethod 5499 0x000001a42a771810 code [0x000001a42a771a00, 0x000001a42a771fe8]
Event: 28.005 Thread 0x000001a43c96f610 5501       3       groovy.lang.MetaClassImpl::getMethods (173 bytes)
Event: 28.007 Thread 0x000001a43c96f610 nmethod 5501 0x000001a42a1f0390 code [0x000001a42a1f06a0, 0x000001a42a1f1a78]
Event: 28.007 Thread 0x000001a43c96f610 5500       3       org.codehaus.groovy.runtime.GroovyCategorySupport$MyThreadLocal::getInfoNullable (24 bytes)
Event: 28.007 Thread 0x000001a43c96f610 nmethod 5500 0x000001a42a87a090 code [0x000001a42a87a260, 0x000001a42a87a778]
Event: 28.007 Thread 0x000001a43c96f610 5502       3       org.codehaus.groovy.reflection.CachedField::isStatic (8 bytes)
Event: 28.008 Thread 0x000001a43c96f610 nmethod 5502 0x000001a42a372510 code [0x000001a42a3726c0, 0x000001a42a372918]
Event: 28.028 Thread 0x000001a43c96f610 5503       3       sun.reflect.generics.reflectiveObjects.ParameterizedTypeImpl::toString (209 bytes)
Event: 28.030 Thread 0x000001a43c96f610 nmethod 5503 0x000001a42a22ad10 code [0x000001a42a22b120, 0x000001a42a22c8d8]
Event: 28.030 Thread 0x000001a43c96f610 5504       3       java.util.StringJoiner::setEmptyValue (20 bytes)
Event: 28.031 Thread 0x000001a43c96f610 nmethod 5504 0x000001a42a879710 code [0x000001a42a8798e0, 0x000001a42a879d98]
Event: 28.035 Thread 0x000001a43c96f610 5505       3       com.sun.beans.util.Cache::getEntryValue (33 bytes)
Event: 28.036 Thread 0x000001a43c96f610 nmethod 5505 0x000001a42a45ce10 code [0x000001a42a45cfe0, 0x000001a42a45d3d8]
Event: 28.036 Thread 0x000001a43c96f610 5506       3       com.sun.beans.introspect.PropertyInfo::getInfo (61 bytes)
Event: 28.037 Thread 0x000001a43c96f610 nmethod 5506 0x000001a42a58a290 code [0x000001a42a58a480, 0x000001a42a58abb8]
Event: 28.039 Thread 0x000001a43c96f610 5507       3       java.beans.FeatureDescriptor::<init> (137 bytes)
Event: 28.040 Thread 0x000001a43c96f610 nmethod 5507 0x000001a42a410590 code [0x000001a42a410820, 0x000001a42a411658]

GC Heap History (12 events):
Event: 1.447 GC heap before
{Heap before GC invocations=0 (full 0):
 garbage-first heap   total 262144K, used 13312K [0x00000000e0000000, 0x0000000100000000)
  region size 1024K, 13 young (13312K), 0 survivors (0K)
 Metaspace       used 1025K, committed 1152K, reserved 393216K
  class space    used 79K, committed 128K, reserved 327680K
}
Event: 1.461 GC heap after
{Heap after GC invocations=1 (full 0):
 garbage-first heap   total 262144K, used 2760K [0x00000000e0000000, 0x0000000100000000)
  region size 1024K, 2 young (2048K), 2 survivors (2048K)
 Metaspace       used 1025K, committed 1152K, reserved 393216K
  class space    used 79K, committed 128K, reserved 327680K
}
Event: 5.042 GC heap before
{Heap before GC invocations=1 (full 0):
 garbage-first heap   total 262144K, used 23240K [0x00000000e0000000, 0x0000000100000000)
  region size 1024K, 18 young (18432K), 2 survivors (2048K)
 Metaspace       used 3700K, committed 3904K, reserved 393216K
  class space    used 465K, committed 576K, reserved 327680K
}
Event: 5.048 GC heap after
{Heap after GC invocations=2 (full 0):
 garbage-first heap   total 262144K, used 10860K [0x00000000e0000000, 0x0000000100000000)
  region size 1024K, 3 young (3072K), 3 survivors (3072K)
 Metaspace       used 3700K, committed 3904K, reserved 393216K
  class space    used 465K, committed 576K, reserved 327680K
}
Event: 5.971 GC heap before
{Heap before GC invocations=2 (full 0):
 garbage-first heap   total 262144K, used 33388K [0x00000000e0000000, 0x0000000100000000)
  region size 1024K, 25 young (25600K), 3 survivors (3072K)
 Metaspace       used 4040K, committed 4224K, reserved 393216K
  class space    used 495K, committed 576K, reserved 327680K
}
Event: 5.974 GC heap after
{Heap after GC invocations=3 (full 0):
 garbage-first heap   total 262144K, used 12125K [0x00000000e0000000, 0x0000000100000000)
  region size 1024K, 1 young (1024K), 1 survivors (1024K)
 Metaspace       used 4040K, committed 4224K, reserved 393216K
  class space    used 495K, committed 576K, reserved 327680K
}
Event: 14.497 GC heap before
{Heap before GC invocations=3 (full 0):
 garbage-first heap   total 262144K, used 128861K [0x00000000e0000000, 0x0000000100000000)
  region size 1024K, 115 young (117760K), 1 survivors (1024K)
 Metaspace       used 20859K, committed 21184K, reserved 393216K
  class space    used 3055K, committed 3264K, reserved 327680K
}
Event: 14.517 GC heap after
{Heap after GC invocations=4 (full 0):
 garbage-first heap   total 262144K, used 23180K [0x00000000e0000000, 0x0000000100000000)
  region size 1024K, 12 young (12288K), 12 survivors (12288K)
 Metaspace       used 20859K, committed 21184K, reserved 393216K
  class space    used 3055K, committed 3264K, reserved 327680K
}
Event: 14.669 GC heap before
{Heap before GC invocations=4 (full 0):
 garbage-first heap   total 262144K, used 25228K [0x00000000e0000000, 0x0000000100000000)
  region size 1024K, 15 young (15360K), 12 survivors (12288K)
 Metaspace       used 21205K, committed 21504K, reserved 393216K
  class space    used 3112K, committed 3264K, reserved 327680K
}
Event: 14.695 GC heap after
{Heap after GC invocations=5 (full 0):
 garbage-first heap   total 262144K, used 24215K [0x00000000e0000000, 0x0000000100000000)
  region size 1024K, 1 young (1024K), 1 survivors (1024K)
 Metaspace       used 21205K, committed 21504K, reserved 393216K
  class space    used 3112K, committed 3264K, reserved 327680K
}
Event: 20.357 GC heap before
{Heap before GC invocations=6 (full 0):
 garbage-first heap   total 262144K, used 141975K [0x00000000e0000000, 0x0000000100000000)
  region size 1024K, 113 young (115712K), 1 survivors (1024K)
 Metaspace       used 35677K, committed 36096K, reserved 393216K
  class space    used 4961K, committed 5184K, reserved 327680K
}
Event: 20.371 GC heap after
{Heap after GC invocations=7 (full 0):
 garbage-first heap   total 262144K, used 32294K [0x00000000e0000000, 0x0000000100000000)
  region size 1024K, 9 young (9216K), 9 survivors (9216K)
 Metaspace       used 35677K, committed 36096K, reserved 393216K
  class space    used 4961K, committed 5184K, reserved 327680K
}

Deoptimization events (20 events):
Event: 26.456 Thread 0x000001a456c76a50 Uncommon trap: trap_request=0xffffffde fr.pc=0x000001a431ed2f80 relative=0x00000000000006a0
Event: 26.456 Thread 0x000001a456c76a50 Uncommon trap: reason=class_check action=maybe_recompile pc=0x000001a431ed2f80 method=java.util.regex.Matcher.search(I)Z @ 121 c2
Event: 26.456 Thread 0x000001a456c76a50 DEOPT PACKING pc=0x000001a431ed2f80 sp=0x00000022e8ef8350
Event: 26.456 Thread 0x000001a456c76a50 DEOPT UNPACKING pc=0x000001a4317323a3 sp=0x00000022e8ef8310 mode 2
Event: 26.456 Thread 0x000001a456c76a50 Uncommon trap: trap_request=0xffffffde fr.pc=0x000001a431ed2f80 relative=0x00000000000006a0
Event: 26.456 Thread 0x000001a456c76a50 Uncommon trap: reason=class_check action=maybe_recompile pc=0x000001a431ed2f80 method=java.util.regex.Matcher.search(I)Z @ 121 c2
Event: 26.456 Thread 0x000001a456c76a50 DEOPT PACKING pc=0x000001a431ed2f80 sp=0x00000022e8ef8350
Event: 26.456 Thread 0x000001a456c76a50 DEOPT UNPACKING pc=0x000001a4317323a3 sp=0x00000022e8ef8310 mode 2
Event: 26.988 Thread 0x000001a456c76a50 DEOPT PACKING pc=0x000001a42aa82fd9 sp=0x00000022e8ef8cd0
Event: 26.988 Thread 0x000001a456c76a50 DEOPT UNPACKING pc=0x000001a431732b43 sp=0x00000022e8ef81c8 mode 0
Event: 27.013 Thread 0x000001a456c76a50 Uncommon trap: trap_request=0xffffff76 fr.pc=0x000001a431e76ea8 relative=0x0000000000000208
Event: 27.014 Thread 0x000001a456c76a50 Uncommon trap: reason=predicate action=maybe_recompile pc=0x000001a431e76ea8 method=sun.instrument.TransformerManager.transform(Ljava/lang/Module;Ljava/lang/ClassLoader;Ljava/lang/String;Ljava/lang/Class;Ljava/security/ProtectionDomain;[B)[B @ 21 c2
Event: 27.014 Thread 0x000001a456c76a50 DEOPT PACKING pc=0x000001a431e76ea8 sp=0x00000022e8ef7ad0
Event: 27.014 Thread 0x000001a456c76a50 DEOPT UNPACKING pc=0x000001a4317323a3 sp=0x00000022e8ef79e0 mode 2
Event: 27.014 Thread 0x000001a456c76a50 Uncommon trap: trap_request=0xffffff45 fr.pc=0x000001a431e7b6d0 relative=0x00000000000000b0
Event: 27.014 Thread 0x000001a456c76a50 Uncommon trap: reason=unstable_if action=reinterpret pc=0x000001a431e7b6d0 method=org.gradle.internal.agents.DefaultClassFileTransformer.transform(Ljava/lang/ClassLoader;Ljava/lang/String;Ljava/lang/Class;Ljava/security/ProtectionDomain;[B)[B @ 4 c2
Event: 27.014 Thread 0x000001a456c76a50 DEOPT PACKING pc=0x000001a431e7b6d0 sp=0x00000022e8ef7990
Event: 27.014 Thread 0x000001a456c76a50 DEOPT UNPACKING pc=0x000001a4317323a3 sp=0x00000022e8ef78a8 mode 2
Event: 27.234 Thread 0x000001a456c76a50 DEOPT PACKING pc=0x000001a42a2923bd sp=0x00000022e8ef7a20
Event: 27.234 Thread 0x000001a456c76a50 DEOPT UNPACKING pc=0x000001a431732b43 sp=0x00000022e8ef6ea8 mode 0

Classes unloaded (0 events):
No events

Classes redefined (0 events):
No events

Internal exceptions (20 events):
Event: 23.296 Thread 0x000001a456c76a50 Exception <a 'java/lang/NoSuchMethodError'{0x00000000ec6dd368}: 'int java.lang.invoke.DirectMethodHandle$Holder.invokeInterface(java.lang.Object, java.lang.Object, java.lang.Object, java.lang.Object)'> (0x00000000ec6dd368) 
thrown [s\open\src\hotspot\share\interpreter\linkResolver.cpp, line 759]
Event: 24.193 Thread 0x000001a456c76a50 Exception <a 'java/lang/NoSuchMethodError'{0x00000000ebecbca0}: 'java.lang.Object java.lang.invoke.DirectMethodHandle$Holder.newInvokeSpecial(java.lang.Object, java.lang.Object, java.lang.Object, java.lang.Object, int, java.lang.Object)'> (0x00000000ebecbca0) 
thrown [s\open\src\hotspot\share\interpreter\linkResolver.cpp, line 759]
Event: 24.194 Thread 0x000001a456c76a50 Exception <a 'java/lang/NoSuchMethodError'{0x00000000ebed0d08}: 'java.lang.Object java.lang.invoke.Invokers$Holder.linkToTargetMethod(java.lang.Object, java.lang.Object, java.lang.Object, int, java.lang.Object, java.lang.Object)'> (0x00000000ebed0d08) 
thrown [s\open\src\hotspot\share\interpreter\linkResolver.cpp, line 759]
Event: 27.248 Thread 0x000001a456c76a50 Exception <a 'java/lang/ClassNotFoundException'{0x00000000e982c870}: sun/misc/SharedSecrets> (0x00000000e982c870) 
thrown [s\open\src\hotspot\share\classfile\systemDictionary.cpp, line 256]
Event: 27.248 Thread 0x000001a456c76a50 Exception <a 'java/lang/NoClassDefFoundError'{0x00000000e982db90}: org/jetbrains/kotlin/gradle/plugin/KotlinPluginWrapper> (0x00000000e982db90) 
thrown [s\open\src\hotspot\share\classfile\systemDictionary.cpp, line 245]
Event: 27.249 Thread 0x000001a456c76a50 Exception <a 'java/lang/NoClassDefFoundError'{0x00000000e9833ca0}: org/graalvm/buildtools/gradle/NativeImagePlugin> (0x00000000e9833ca0) 
thrown [s\open\src\hotspot\share\classfile\systemDictionary.cpp, line 245]
Event: 27.430 Thread 0x000001a456c76a50 Exception <a 'java/lang/ClassNotFoundException'{0x00000000e96025a0}: io/spring/gradle/dependencymanagement/internal/dsl/StandardDependencyManagementExtensionBeanInfo> (0x00000000e96025a0) 
thrown [s\open\src\hotspot\share\classfile\systemDictionary.cpp, line 256]
Event: 27.430 Thread 0x000001a456c76a50 Exception <a 'java/lang/ClassNotFoundException'{0x00000000e960b710}: io/spring/gradle/dependencymanagement/internal/dsl/StandardDependencyManagementExtensionCustomizer> (0x00000000e960b710) 
thrown [s\open\src\hotspot\share\classfile\systemDictionary.cpp, line 256]
Event: 27.669 Thread 0x000001a456c76a50 Exception <a 'java/lang/ClassNotFoundException'{0x00000000e9368f78}: io/spring/gradle/dependencymanagement/internal/dsl/StandardImportsHandlerBeanInfo> (0x00000000e9368f78) 
thrown [s\open\src\hotspot\share\classfile\systemDictionary.cpp, line 256]
Event: 27.673 Thread 0x000001a456c76a50 Exception <a 'java/lang/ClassNotFoundException'{0x00000000e9373240}: io/spring/gradle/dependencymanagement/internal/dsl/StandardImportsHandlerCustomizer> (0x00000000e9373240) 
thrown [s\open\src\hotspot\share\classfile\systemDictionary.cpp, line 256]
Event: 27.836 Thread 0x000001a456c76a50 Exception <a 'java/lang/ClassNotFoundException'{0x00000000e929a660}: build_58n8pixflywctpna6t2cjdchwBeanInfo> (0x00000000e929a660) 
thrown [s\open\src\hotspot\share\classfile\systemDictionary.cpp, line 256]
Event: 27.836 Thread 0x000001a456c76a50 Exception <a 'java/lang/ClassNotFoundException'{0x00000000e92a1040}: build_58n8pixflywctpna6t2cjdchwCustomizer> (0x00000000e92a1040) 
thrown [s\open\src\hotspot\share\classfile\systemDictionary.cpp, line 256]
Event: 27.938 Thread 0x000001a456c76a50 Exception <a 'java/lang/ClassNotFoundException'{0x00000000e919b0c8}: org/gradle/api/internal/project/DefaultProject_DecoratedBeanInfo> (0x00000000e919b0c8) 
thrown [s\open\src\hotspot\share\classfile\systemDictionary.cpp, line 256]
Event: 27.939 Thread 0x000001a456c76a50 Exception <a 'java/lang/ClassNotFoundException'{0x00000000e91ace08}: org/gradle/api/internal/project/DefaultProjectBeanInfo> (0x00000000e91ace08) 
thrown [s\open\src\hotspot\share\classfile\systemDictionary.cpp, line 256]
Event: 27.940 Thread 0x000001a456c76a50 Exception <a 'java/lang/ClassNotFoundException'{0x00000000e91bec08}: org/gradle/api/internal/project/DefaultProjectCustomizer> (0x00000000e91bec08) 
thrown [s\open\src\hotspot\share\classfile\systemDictionary.cpp, line 256]
Event: 27.960 Thread 0x000001a456c76a50 Exception <a 'java/lang/ClassNotFoundException'{0x00000000e906e1c0}: org/gradle/api/internal/project/DefaultProject_DecoratedCustomizer> (0x00000000e906e1c0) 
thrown [s\open\src\hotspot\share\classfile\systemDictionary.cpp, line 256]
Event: 28.018 Thread 0x000001a456c76a50 Exception <a 'java/lang/ClassNotFoundException'{0x00000000e8f377a0}: org/gradle/api/plugins/internal/DefaultJavaPluginExtension_DecoratedBeanInfo> (0x00000000e8f377a0) 
thrown [s\open\src\hotspot\share\classfile\systemDictionary.cpp, line 256]
Event: 28.019 Thread 0x000001a456c76a50 Exception <a 'java/lang/ClassNotFoundException'{0x00000000e8f4e0a0}: org/gradle/api/plugins/internal/DefaultJavaPluginExtensionBeanInfo> (0x00000000e8f4e0a0) 
thrown [s\open\src\hotspot\share\classfile\systemDictionary.cpp, line 256]
Event: 28.026 Thread 0x000001a456c76a50 Exception <a 'java/lang/ClassNotFoundException'{0x00000000e8f649a8}: org/gradle/api/plugins/internal/DefaultJavaPluginExtensionCustomizer> (0x00000000e8f649a8) 
thrown [s\open\src\hotspot\share\classfile\systemDictionary.cpp, line 256]
Event: 28.038 Thread 0x000001a456c76a50 Exception <a 'java/lang/ClassNotFoundException'{0x00000000e8f9d9f0}: org/gradle/api/plugins/internal/DefaultJavaPluginExtension_DecoratedCustomizer> (0x00000000e8f9d9f0) 
thrown [s\open\src\hotspot\share\classfile\systemDictionary.cpp, line 256]

VM Operations (20 events):
Event: 23.280 Executing VM operation: HandshakeAllThreads
Event: 23.280 Executing VM operation: HandshakeAllThreads done
Event: 23.294 Executing VM operation: HandshakeAllThreads
Event: 23.295 Executing VM operation: HandshakeAllThreads done
Event: 23.911 Executing VM operation: ICBufferFull
Event: 23.911 Executing VM operation: ICBufferFull done
Event: 24.131 Executing VM operation: HandshakeAllThreads
Event: 24.131 Executing VM operation: HandshakeAllThreads done
Event: 25.104 Executing VM operation: HandshakeAllThreads
Event: 25.120 Executing VM operation: HandshakeAllThreads done
Event: 25.120 Executing VM operation: Cleanup
Event: 25.122 Executing VM operation: Cleanup done
Event: 25.134 Executing VM operation: HandshakeAllThreads
Event: 25.134 Executing VM operation: HandshakeAllThreads done
Event: 25.161 Executing VM operation: HandshakeAllThreads
Event: 25.161 Executing VM operation: HandshakeAllThreads done
Event: 26.162 Executing VM operation: Cleanup
Event: 26.181 Executing VM operation: Cleanup done
Event: 27.184 Executing VM operation: Cleanup
Event: 27.205 Executing VM operation: Cleanup done

Events (20 events):
Event: 25.467 loading class com/sun/org/apache/xerces/internal/utils/XMLSecurityManager$NameMap done
Event: 25.467 loading class com/sun/org/apache/xerces/internal/utils/XMLSecurityPropertyManager
Event: 25.467 loading class com/sun/org/apache/xerces/internal/utils/XMLSecurityPropertyManager done
Event: 25.467 loading class com/sun/org/apache/xerces/internal/utils/XMLSecurityPropertyManager$State
Event: 25.467 loading class com/sun/org/apache/xerces/internal/utils/XMLSecurityPropertyManager$State done
Event: 25.467 loading class com/sun/org/apache/xerces/internal/utils/XMLSecurityPropertyManager$Property
Event: 25.467 loading class com/sun/org/apache/xerces/internal/utils/XMLSecurityPropertyManager$Property done
Event: 25.812 loading class java/util/regex/Pattern$SliceI
Event: 25.812 loading class java/util/regex/Pattern$SliceI done
Event: 25.947 Thread 0x000001a43c9d17a0 Thread added: 0x000001a43c9d17a0
Event: 27.248 loading class sun/misc/SharedSecrets
Event: 27.248 loading class sun/misc/SharedSecrets done
Event: 27.945 loading class sun/reflect/generics/tree/BooleanSignature
Event: 27.946 loading class sun/reflect/generics/tree/BooleanSignature done
Event: 27.994 loading class org/xml/sax/Locator
Event: 27.994 loading class org/xml/sax/Locator done
Event: 27.994 loading class org/xml/sax/SAXParseException
Event: 27.994 loading class org/xml/sax/SAXParseException done
Event: 27.996 loading class org/xml/sax/Attributes
Event: 27.996 loading class org/xml/sax/Attributes done


Dynamic libraries:
0x00007ff611ae0000 - 0x00007ff611af0000 	C:\Program Files\Java\jdk-17\bin\java.exe
0x00007ff9fbb70000 - 0x00007ff9fbd68000 	C:\Windows\SYSTEM32\ntdll.dll
0x00007ff9fa0a0000 - 0x00007ff9fa15d000 	C:\Windows\System32\KERNEL32.DLL
0x00007ff9f9830000 - 0x00007ff9f9b26000 	C:\Windows\System32\KERNELBASE.dll
0x00007ff9f9450000 - 0x00007ff9f9550000 	C:\Windows\System32\ucrtbase.dll
0x00007ff9f3870000 - 0x00007ff9f3889000 	C:\Program Files\Java\jdk-17\bin\jli.dll
0x00007ff9fb690000 - 0x00007ff9fb73f000 	C:\Windows\System32\ADVAPI32.dll
0x00007ff9fb840000 - 0x00007ff9fb8de000 	C:\Windows\System32\msvcrt.dll
0x00007ff9fa2e0000 - 0x00007ff9fa37c000 	C:\Windows\System32\sechost.dll
0x00007ff9fb8e0000 - 0x00007ff9fba06000 	C:\Windows\System32\RPCRT4.dll
0x00007ff9fb4f0000 - 0x00007ff9fb68e000 	C:\Windows\System32\USER32.dll
0x00007ff9f9550000 - 0x00007ff9f9572000 	C:\Windows\System32\win32u.dll
0x00007ff9fa820000 - 0x00007ff9fa84c000 	C:\Windows\System32\GDI32.dll
0x00007ff9f95d0000 - 0x00007ff9f96ea000 	C:\Windows\System32\gdi32full.dll
0x00007ff9f9b30000 - 0x00007ff9f9bcd000 	C:\Windows\System32\msvcp_win.dll
0x00007ff9f3850000 - 0x00007ff9f386b000 	C:\Program Files\Java\jdk-17\bin\VCRUNTIME140.dll
0x00007ff9ea5a0000 - 0x00007ff9ea83a000 	C:\Windows\WinSxS\amd64_microsoft.windows.common-controls_6595b64144ccf1df_6.0.19041.3636_none_60b6a03d71f818d5\COMCTL32.dll
0x00007ff9e8ae0000 - 0x00007ff9e8aea000 	C:\Windows\SYSTEM32\VERSION.dll
0x00007ff9fa1e0000 - 0x00007ff9fa210000 	C:\Windows\System32\IMM32.DLL
0x00007ff9f4030000 - 0x00007ff9f403c000 	C:\Program Files\Java\jdk-17\bin\vcruntime140_1.dll
0x00007ff9d5330000 - 0x00007ff9d53be000 	C:\Program Files\Java\jdk-17\bin\msvcp140.dll
0x00007ff9a1350000 - 0x00007ff9a1f2f000 	C:\Program Files\Java\jdk-17\bin\server\jvm.dll
0x00007ff9fb7c0000 - 0x00007ff9fb7c8000 	C:\Windows\System32\PSAPI.DLL
0x00007ff9e6990000 - 0x00007ff9e6999000 	C:\Windows\SYSTEM32\WSOCK32.dll
0x00007ff9fb7d0000 - 0x00007ff9fb83b000 	C:\Windows\System32\WS2_32.dll
0x00007ff9e8100000 - 0x00007ff9e8127000 	C:\Windows\SYSTEM32\WINMM.dll
0x00007ff9f7110000 - 0x00007ff9f7122000 	C:\Windows\SYSTEM32\kernel.appcore.dll
0x00007ff9f3b70000 - 0x00007ff9f3b7a000 	C:\Program Files\Java\jdk-17\bin\jimage.dll
0x00007ff9e4830000 - 0x00007ff9e4a14000 	C:\Windows\SYSTEM32\DBGHELP.DLL
0x00007ff9e1530000 - 0x00007ff9e1564000 	C:\Windows\SYSTEM32\dbgcore.DLL
0x00007ff9f96f0000 - 0x00007ff9f9772000 	C:\Windows\System32\bcryptPrimitives.dll
0x00007ff9f3840000 - 0x00007ff9f384e000 	C:\Program Files\Java\jdk-17\bin\instrument.dll
0x00007ff9f3760000 - 0x00007ff9f3785000 	C:\Program Files\Java\jdk-17\bin\java.dll
0x00007ff9d30a0000 - 0x00007ff9d3177000 	C:\Program Files\Java\jdk-17\bin\jsvml.dll
0x00007ff9fada0000 - 0x00007ff9fb4e5000 	C:\Windows\System32\SHELL32.dll
0x00007ff9f7310000 - 0x00007ff9f7aab000 	C:\Windows\SYSTEM32\windows.storage.dll
0x00007ff9f9d40000 - 0x00007ff9fa094000 	C:\Windows\System32\combase.dll
0x00007ff9f8bc0000 - 0x00007ff9f8bed000 	C:\Windows\SYSTEM32\Wldp.dll
0x00007ff9fa430000 - 0x00007ff9fa4dd000 	C:\Windows\System32\SHCORE.dll
0x00007ff9fa860000 - 0x00007ff9fa8b5000 	C:\Windows\System32\shlwapi.dll
0x00007ff9f9180000 - 0x00007ff9f91a5000 	C:\Windows\SYSTEM32\profapi.dll
0x00007ff9f36b0000 - 0x00007ff9f36c8000 	C:\Program Files\Java\jdk-17\bin\zip.dll
0x00007ff9f3820000 - 0x00007ff9f3839000 	C:\Program Files\Java\jdk-17\bin\net.dll
0x00007ff9edc40000 - 0x00007ff9edd4a000 	C:\Windows\SYSTEM32\WINHTTP.dll
0x00007ff9f8920000 - 0x00007ff9f898a000 	C:\Windows\system32\mswsock.dll
0x00007ff9f3740000 - 0x00007ff9f3756000 	C:\Program Files\Java\jdk-17\bin\nio.dll
0x00007ff9f3730000 - 0x00007ff9f3740000 	C:\Program Files\Java\jdk-17\bin\verify.dll
0x00007ff9bb270000 - 0x00007ff9bb297000 	C:\Users\Administrator\.gradle\native\c067742578af261105cb4f569cf0c3c89f3d7b1fecec35dd04571415982c5e48\windows-amd64\native-platform.dll
0x00007ff9d2e30000 - 0x00007ff9d2f74000 	C:\Users\Administrator\.gradle\native\38dada09dfb8b06ba9b0570ebf7e218e3eb74d4ef43ca46872605cf95ebc2f47\windows-amd64\native-platform-file-events.dll
0x00007ff9f2140000 - 0x00007ff9f214a000 	C:\Program Files\Java\jdk-17\bin\management.dll
0x00007ff9f1fb0000 - 0x00007ff9f1fbb000 	C:\Program Files\Java\jdk-17\bin\management_ext.dll
0x00007ff9f8b10000 - 0x00007ff9f8b28000 	C:\Windows\SYSTEM32\CRYPTSP.dll
0x00007ff9f8250000 - 0x00007ff9f8284000 	C:\Windows\system32\rsaenh.dll
0x00007ff9f9420000 - 0x00007ff9f9447000 	C:\Windows\System32\bcrypt.dll
0x00007ff9f9140000 - 0x00007ff9f916e000 	C:\Windows\SYSTEM32\USERENV.dll
0x00007ff9f8b30000 - 0x00007ff9f8b3c000 	C:\Windows\SYSTEM32\CRYPTBASE.dll
0x00007ff9f8610000 - 0x00007ff9f864b000 	C:\Windows\SYSTEM32\IPHLPAPI.DLL
0x00007ff9fad90000 - 0x00007ff9fad98000 	C:\Windows\System32\NSI.dll
0x00007ff9efb50000 - 0x00007ff9efb67000 	C:\Windows\SYSTEM32\dhcpcsvc6.DLL
0x00007ff9f0ba0000 - 0x00007ff9f0bbd000 	C:\Windows\SYSTEM32\dhcpcsvc.DLL
0x00007ff9f8650000 - 0x00007ff9f871a000 	C:\Windows\SYSTEM32\DNSAPI.dll
0x00007ff9f1f60000 - 0x00007ff9f1f6e000 	C:\Program Files\Java\jdk-17\bin\sunmscapi.dll
0x00007ff9f9250000 - 0x00007ff9f93ad000 	C:\Windows\System32\CRYPT32.dll
0x00007ff9f8c30000 - 0x00007ff9f8c57000 	C:\Windows\SYSTEM32\ncrypt.dll
0x00007ff9f8bf0000 - 0x00007ff9f8c2b000 	C:\Windows\SYSTEM32\NTASN1.dll
0x00007ff9b1720000 - 0x00007ff9b1727000 	C:\Windows\system32\wshunix.dll

dbghelp: loaded successfully - version: 4.0.5 - missing functions: none
symbol engine: initialized successfully - sym options: 0x614 - pdb path: .;C:\Program Files\Java\jdk-17\bin;C:\Windows\SYSTEM32;C:\Windows\WinSxS\amd64_microsoft.windows.common-controls_6595b64144ccf1df_6.0.19041.3636_none_60b6a03d71f818d5;C:\Program Files\Java\jdk-17\bin\server;C:\Users\Administrator\.gradle\native\c067742578af261105cb4f569cf0c3c89f3d7b1fecec35dd04571415982c5e48\windows-amd64;C:\Users\Administrator\.gradle\native\38dada09dfb8b06ba9b0570ebf7e218e3eb74d4ef43ca46872605cf95ebc2f47\windows-amd64

VM Arguments:
jvm_args: --add-opens=java.base/java.util=ALL-UNNAMED --add-opens=java.base/java.lang=ALL-UNNAMED --add-opens=java.base/java.lang.invoke=ALL-UNNAMED --add-opens=java.prefs/java.util.prefs=ALL-UNNAMED --add-opens=java.base/java.nio.charset=ALL-UNNAMED --add-opens=java.base/java.net=ALL-UNNAMED --add-opens=java.base/java.util.concurrent.atomic=ALL-UNNAMED -XX:MaxMetaspaceSize=384m -XX:+HeapDumpOnOutOfMemoryError -Xms256m -Xmx512m -Dfile.encoding=x-windows-949 -Duser.country=KR -Duser.language=ko -Duser.variant -javaagent:C:\Users\Administrator\.gradle\wrapper\dists\gradle-8.7-bin\bhs2wmbdwecv87pi65oeuq5iu\gradle-8.7\lib\agents\gradle-instrumentation-agent-8.7.jar 
java_command: org.gradle.launcher.daemon.bootstrap.GradleDaemon 8.7
java_class_path (initial): C:\Users\Administrator\.gradle\wrapper\dists\gradle-8.7-bin\bhs2wmbdwecv87pi65oeuq5iu\gradle-8.7\lib\gradle-launcher-8.7.jar
Launcher Type: SUN_STANDARD

[Global flags]
     intx CICompilerCount                          = 3                                         {product} {ergonomic}
   size_t CompressedClassSpaceSize                 = 335544320                                 {product} {ergonomic}
     uint ConcGCThreads                            = 1                                         {product} {ergonomic}
     uint G1ConcRefinementThreads                  = 4                                         {product} {ergonomic}
   size_t G1HeapRegionSize                         = 1048576                                   {product} {ergonomic}
    uintx GCDrainStackTargetSize                   = 64                                        {product} {ergonomic}
     bool HeapDumpOnOutOfMemoryError               = true                                   {manageable} {command line}
   size_t InitialHeapSize                          = 268435456                                 {product} {command line}
   size_t MarkStackSize                            = 4194304                                   {product} {ergonomic}
   size_t MaxHeapSize                              = 536870912                                 {product} {command line}
   size_t MaxMetaspaceSize                         = 402653184                                 {product} {command line}
   size_t MaxNewSize                               = 321912832                                 {product} {ergonomic}
   size_t MinHeapDeltaBytes                        = 1048576                                   {product} {ergonomic}
   size_t MinHeapSize                              = 268435456                                 {product} {command line}
    uintx NonNMethodCodeHeapSize                   = 5832780                                {pd product} {ergonomic}
    uintx NonProfiledCodeHeapSize                  = 122912730                              {pd product} {ergonomic}
    uintx ProfiledCodeHeapSize                     = 122912730                              {pd product} {ergonomic}
    uintx ReservedCodeCacheSize                    = 251658240                              {pd product} {ergonomic}
     bool SegmentedCodeCache                       = true                                      {product} {ergonomic}
   size_t SoftMaxHeapSize                          = 536870912                              {manageable} {ergonomic}
     bool UseCompressedClassPointers               = true                           {product lp64_product} {ergonomic}
     bool UseCompressedOops                        = true                           {product lp64_product} {ergonomic}
     bool UseG1GC                                  = true                                      {product} {ergonomic}
     bool UseLargePagesIndividualAllocation        = false                                  {pd product} {ergonomic}

Logging:
Log output configuration:
 #0: stdout all=warning uptime,level,tags
 #1: stderr all=off uptime,level,tags

Environment Variables:
JAVA_HOME=C:\ Program Files\ Java\ jdk-17
PATH=C:\oraclexe\app\oracle\product\11.2.0\server\bin;;C:\oraclexe\app\oracle\product\11.2.0\server\bin;C:\Program Files\Common Files\Oracle\Java\javapath;C:\Windows\system32;C:\Windows;C:\Windows\System32\Wbem;C:\Windows\System32\WindowsPowerShell\v1.0\;C:\Windows\System32\OpenSSH\;C:\Program Files\Git\cmd;C:\ Program Files\ Java\ jdk-17\ bin;C:\Users\Administrator\AppData\Local\Microsoft\WindowsApps;C:\Program Files\JetBrains\IntelliJ IDEA Community Edition 2023.3.6\bin;;C:\Users\Administrator\AppData\Local\Programs\Microsoft VS Code\bin;;C:\Program Files\JetBrains\IntelliJ IDEA 2024.1.1\bin;
USERNAME=Administrator
OS=Windows_NT
PROCESSOR_IDENTIFIER=Intel64 Family 6 Model 42 Stepping 7, GenuineIntel



---------------  S Y S T E M  ---------------

OS:
 Windows 10 , 64 bit Build 19041 (10.0.19041.3636)
OS uptime: 0 days 1:32 hours

CPU: total 4 (initial active 4) (2 cores per cpu, 2 threads per core) family 6 model 42 stepping 7 microcode 0x2f, cx8, cmov, fxsr, ht, mmx, sse, sse2, sse3, ssse3, sse4.1, sse4.2, popcnt, tsc, tscinvbit, avx, aes, clmul, vzeroupper, clflush

Memory: 4k page, system-wide physical 8139M (336M free)
TotalPageFile size 10039M (AvailPageFile size 257M)
current process WorkingSet (physical memory assigned to process): 319M, peak: 321M
current process commit charge ("private bytes"): 456M, peak: 459M

vm_info: Java HotSpot(TM) 64-Bit Server VM (17.0.10+11-LTS-240) for windows-amd64 JRE (17.0.10+11-LTS-240), built on Dec 19 2023 21:47:25 by "mach5one" with MS VC++ 17.1 (VS2022)

END.
