#
# There is insufficient memory for the Java Runtime Environment to continue.
# Native memory allocation (malloc) failed to allocate 1920976 bytes for Chunk::new
# Possible reasons:
#   The system is out of physical RAM or swap space
#   The process is running with CompressedOops enabled, and the Java Heap may be blocking the growth of the native heap
# Possible solutions:
#   Reduce memory load on the system
#   Increase physical memory or swap space
#   Check if swap backing store is full
#   Decrease Java heap size (-Xmx/-Xms)
#   Decrease number of Java threads
#   Decrease Java thread stack sizes (-Xss)
#   Set larger code cache with -XX:ReservedCodeCacheSize=
#   JVM is running with Unscaled Compressed Oops mode in which the Java heap is
#     placed in the first 4GB address space. The Java Heap base address is the
#     maximum limit for the native heap growth. Please use -XX:HeapBaseMinAddress
#     to set the Java Heap base and to place the Java Heap above 4GB virtual address.
# This output file may be truncated or incomplete.
#
#  Out of Memory Error (arena.cpp:189), pid=10008, tid=6408
#
# JRE version: Java(TM) SE Runtime Environment (17.0.10+11) (build 17.0.10+11-LTS-240)
# Java VM: Java HotSpot(TM) 64-Bit Server VM (17.0.10+11-LTS-240, mixed mode, sharing, tiered, compressed oops, compressed class ptrs, g1 gc, windows-amd64)
# No core dump will be written. Minidumps are not enabled by default on client versions of Windows
#

---------------  S U M M A R Y ------------

Command Line: --add-opens=java.base/java.util=ALL-UNNAMED --add-opens=java.base/java.lang=ALL-UNNAMED --add-opens=java.base/java.lang.invoke=ALL-UNNAMED --add-opens=java.prefs/java.util.prefs=ALL-UNNAMED --add-opens=java.base/java.nio.charset=ALL-UNNAMED --add-opens=java.base/java.net=ALL-UNNAMED --add-opens=java.base/java.util.concurrent.atomic=ALL-UNNAMED -XX:MaxMetaspaceSize=384m -XX:+HeapDumpOnOutOfMemoryError -Xms256m -Xmx512m -Dfile.encoding=x-windows-949 -Duser.country=KR -Duser.language=ko -Duser.variant -javaagent:C:\Users\Administrator\.gradle\wrapper\dists\gradle-8.7-bin\bhs2wmbdwecv87pi65oeuq5iu\gradle-8.7\lib\agents\gradle-instrumentation-agent-8.7.jar org.gradle.launcher.daemon.bootstrap.GradleDaemon 8.7

Host: Intel(R) Core(TM) i5-2450M CPU @ 2.50GHz, 4 cores, 7G,  Windows 10 , 64 bit Build 19041 (10.0.19041.3636)
Time: Sat Jun  1 17:13:05 2024  Windows 10 , 64 bit Build 19041 (10.0.19041.3636) elapsed time: 718.927930 seconds (0d 0h 11m 58s)

---------------  T H R E A D  ---------------

Current thread (0x000002c0be737de0):  JavaThread "C2 CompilerThread0" daemon [_thread_in_native, id=6408, stack(0x000000fcc7b00000,0x000000fcc7c00000)]


Current CompileTask:
C2: 718928 14722   !   4       java.net.URLClassLoader::findClass (47 bytes)

Stack: [0x000000fcc7b00000,0x000000fcc7c00000]
Native frames: (J=compiled Java code, j=interpreted, Vv=VM code, C=native code)
V  [jvm.dll+0x677a5a]
V  [jvm.dll+0x7d8b2d]
V  [jvm.dll+0x7da48e]
V  [jvm.dll+0x7daaf3]
V  [jvm.dll+0x2455ff]
V  [jvm.dll+0xaaafb]
V  [jvm.dll+0xab09c]
V  [jvm.dll+0x361b5f]
V  [jvm.dll+0x32c211]
V  [jvm.dll+0x32b6aa]
V  [jvm.dll+0x21794f]
V  [jvm.dll+0x216d81]
V  [jvm.dll+0x1a3410]
V  [jvm.dll+0x226aeb]
V  [jvm.dll+0x224cab]
V  [jvm.dll+0x78e45c]
V  [jvm.dll+0x78888a]
V  [jvm.dll+0x676935]
C  [ucrtbase.dll+0x21bb2]
C  [KERNEL32.DLL+0x17344]
C  [ntdll.dll+0x526b1]


---------------  P R O C E S S  ---------------

Threads class SMR info:
_java_thread_list=0x000002c0da109590, length=34, elements={
0x000002c0a46b0890, 0x000002c0be711500, 0x000002c0be712290, 0x000002c0be7323a0,
0x000002c0be732e70, 0x000002c0be735850, 0x000002c0be737130, 0x000002c0be737de0,
0x000002c0be7387a0, 0x000002c0be7ae690, 0x000002c0be8358a0, 0x000002c0be8c8890,
0x000002c0d9529150, 0x000002c0da645a90, 0x000002c0d9a6e600, 0x000002c0da7408c0,
0x000002c0da740dd0, 0x000002c0da7412e0, 0x000002c0da73e040, 0x000002c0dabe14a0,
0x000002c0dabe28e0, 0x000002c0dabe0a80, 0x000002c0dabe3810, 0x000002c0dad33e00,
0x000002c0dad34310, 0x000002c0dad36170, 0x000002c0dad329c0, 0x000002c0dad36b90,
0x000002c0dad333e0, 0x000002c0dad370a0, 0x000002c0dad32ed0, 0x000002c0dad34d30,
0x000002c0dad31fa0, 0x000002c0bea4f0d0
}

Java Threads: ( => current thread )
  0x000002c0a46b0890 JavaThread "main" [_thread_blocked, id=3388, stack(0x000000fcc6e00000,0x000000fcc6f00000)]
  0x000002c0be711500 JavaThread "Reference Handler" daemon [_thread_blocked, id=7984, stack(0x000000fcc7500000,0x000000fcc7600000)]
  0x000002c0be712290 JavaThread "Finalizer" daemon [_thread_blocked, id=6256, stack(0x000000fcc7600000,0x000000fcc7700000)]
  0x000002c0be7323a0 JavaThread "Signal Dispatcher" daemon [_thread_blocked, id=3872, stack(0x000000fcc7700000,0x000000fcc7800000)]
  0x000002c0be732e70 JavaThread "Attach Listener" daemon [_thread_blocked, id=9316, stack(0x000000fcc7800000,0x000000fcc7900000)]
  0x000002c0be735850 JavaThread "Service Thread" daemon [_thread_blocked, id=3300, stack(0x000000fcc7900000,0x000000fcc7a00000)]
  0x000002c0be737130 JavaThread "Monitor Deflation Thread" daemon [_thread_blocked, id=10132, stack(0x000000fcc7a00000,0x000000fcc7b00000)]
=>0x000002c0be737de0 JavaThread "C2 CompilerThread0" daemon [_thread_in_native, id=6408, stack(0x000000fcc7b00000,0x000000fcc7c00000)]
  0x000002c0be7387a0 JavaThread "C1 CompilerThread0" daemon [_thread_blocked, id=7136, stack(0x000000fcc7c00000,0x000000fcc7d00000)]
  0x000002c0be7ae690 JavaThread "Sweeper thread" daemon [_thread_blocked, id=7280, stack(0x000000fcc7d00000,0x000000fcc7e00000)]
  0x000002c0be8358a0 JavaThread "Common-Cleaner" daemon [_thread_blocked, id=352, stack(0x000000fcc7e00000,0x000000fcc7f00000)]
  0x000002c0be8c8890 JavaThread "Notification Thread" daemon [_thread_blocked, id=1868, stack(0x000000fcc7f00000,0x000000fcc8000000)]
  0x000002c0d9529150 JavaThread "Daemon health stats" [_thread_blocked, id=7496, stack(0x000000fcc8500000,0x000000fcc8600000)]
  0x000002c0da645a90 JavaThread "Incoming local TCP Connector on port 61600" [_thread_in_native, id=4420, stack(0x000000fcc8600000,0x000000fcc8700000)]
  0x000002c0d9a6e600 JavaThread "Daemon periodic checks" [_thread_blocked, id=10016, stack(0x000000fcc8700000,0x000000fcc8800000)]
  0x000002c0da7408c0 JavaThread "Cache worker for journal cache (C:\Users\Administrator\.gradle\caches\journal-1)" [_thread_blocked, id=7296, stack(0x000000fcc8f00000,0x000000fcc9000000)]
  0x000002c0da740dd0 JavaThread "File lock request listener" [_thread_in_native, id=9712, stack(0x000000fcc9000000,0x000000fcc9100000)]
  0x000002c0da7412e0 JavaThread "Cache worker for file hash cache (C:\Users\Administrator\.gradle\caches\8.7\fileHashes)" [_thread_blocked, id=8408, stack(0x000000fcc9100000,0x000000fcc9200000)]
  0x000002c0da73e040 JavaThread "File watcher server" daemon [_thread_in_native, id=4400, stack(0x000000fcc8100000,0x000000fcc8200000)]
  0x000002c0dabe14a0 JavaThread "File watcher consumer" daemon [_thread_blocked, id=9128, stack(0x000000fcc9300000,0x000000fcc9400000)]
  0x000002c0dabe28e0 JavaThread "Cache worker for file content cache (C:\Users\Administrator\.gradle\caches\8.7\fileContent)" [_thread_blocked, id=3472, stack(0x000000fcc9800000,0x000000fcc9900000)]
  0x000002c0dabe0a80 JavaThread "jar transforms" [_thread_blocked, id=7908, stack(0x000000fcc9900000,0x000000fcc9a00000)]
  0x000002c0dabe3810 JavaThread "jar transforms Thread 2" [_thread_blocked, id=2316, stack(0x000000fcc9a00000,0x000000fcc9b00000)]
  0x000002c0dad33e00 JavaThread "jar transforms Thread 3" [_thread_blocked, id=9296, stack(0x000000fcc9700000,0x000000fcc9800000)]
  0x000002c0dad34310 JavaThread "jar transforms Thread 4" [_thread_blocked, id=5692, stack(0x000000fcc9b00000,0x000000fcc9c00000)]
  0x000002c0dad36170 JavaThread "Memory manager" [_thread_blocked, id=8436, stack(0x000000fcca500000,0x000000fcca600000)]
  0x000002c0dad329c0 JavaThread "Daemon Thread 5" [_thread_blocked, id=1292, stack(0x000000fcc6b00000,0x000000fcc6c00000)]
  0x000002c0dad36b90 JavaThread "Daemon Thread 6" [_thread_blocked, id=9804, stack(0x000000fcc6d00000,0x000000fcc6e00000)]
  0x000002c0dad333e0 JavaThread "Handler for socket connection from /127.0.0.1:61600 to /127.0.0.1:62132" [_thread_in_native, id=4332, stack(0x000000fcc8800000,0x000000fcc8900000)]
  0x000002c0dad370a0 JavaThread "Cancel handler" [_thread_blocked, id=9208, stack(0x000000fcc8900000,0x000000fcc8a00000)]
  0x000002c0dad32ed0 JavaThread "Daemon worker Thread 5" [_thread_blocked, id=2376, stack(0x000000fcc6c00000,0x000000fcc6d00000)]
  0x000002c0dad34d30 JavaThread "Asynchronous log dispatcher for DefaultDaemonConnection: socket connection from /127.0.0.1:61600 to /127.0.0.1:62132" [_thread_blocked, id=1176, stack(0x000000fcc8a00000,0x000000fcc8b00000)]
  0x000002c0dad31fa0 JavaThread "included builds" [_thread_blocked, id=9780, stack(0x000000fcc9f00000,0x000000fcca000000)]
  0x000002c0bea4f0d0 JavaThread "C2 CompilerThread1" daemon [_thread_in_native, id=9940, stack(0x000000fcc9200000,0x000000fcc9300000)]

Other Threads:
  0x000002c0be70c590 VMThread "VM Thread" [stack: 0x000000fcc7400000,0x000000fcc7500000] [id=1168]
  0x000002c0a46b1660 WatcherThread [stack: 0x000000fcc8000000,0x000000fcc8100000] [id=9064]
  0x000002c0a46dd960 GCTaskThread "GC Thread#0" [stack: 0x000000fcc6f00000,0x000000fcc7000000] [id=4484]
  0x000002c0d80cfde0 GCTaskThread "GC Thread#1" [stack: 0x000000fcc8200000,0x000000fcc8300000] [id=5032]
  0x000002c0d82031f0 GCTaskThread "GC Thread#2" [stack: 0x000000fcc8300000,0x000000fcc8400000] [id=9032]
  0x000002c0d8493850 GCTaskThread "GC Thread#3" [stack: 0x000000fcc8400000,0x000000fcc8500000] [id=4216]
  0x000002c0a46e37d0 ConcurrentGCThread "G1 Main Marker" [stack: 0x000000fcc7000000,0x000000fcc7100000] [id=6088]
  0x000002c0a46e40f0 ConcurrentGCThread "G1 Conc#0" [stack: 0x000000fcc7100000,0x000000fcc7200000] [id=4452]
  0x000002c0a478dea0 ConcurrentGCThread "G1 Refine#0" [stack: 0x000000fcc7200000,0x000000fcc7300000] [id=7272]
  0x000002c0d8e47b80 ConcurrentGCThread "G1 Refine#1" [stack: 0x000000fcc9d00000,0x000000fcc9e00000] [id=4024]
  0x000002c0daa73830 ConcurrentGCThread "G1 Refine#2" [stack: 0x000000fcccd00000,0x000000fccce00000] [id=9260]
  0x000002c0a478e7e0 ConcurrentGCThread "G1 Service" [stack: 0x000000fcc7300000,0x000000fcc7400000] [id=6640]

Threads with active compile tasks:
C2 CompilerThread0   718966 14722   !   4       java.net.URLClassLoader::findClass (47 bytes)
C2 CompilerThread1   718966 14786   !   4       java.io.ObjectOutputStream::writeObject0 (620 bytes)

VM state: not at safepoint (normal execution)

VM Mutex/Monitor currently owned by a thread: None

Heap address: 0x00000000e0000000, size: 512 MB, Compressed Oops mode: 32-bit

CDS archive(s) mapped at: [0x000002c0bf000000-0x000002c0bfbd0000-0x000002c0bfbd0000), size 12386304, SharedBaseAddress: 0x000002c0bf000000, ArchiveRelocationMode: 1.
Compressed class space mapped at: 0x000002c0c0000000-0x000002c0d4000000, reserved size: 335544320
Narrow klass base: 0x000002c0bf000000, Narrow klass shift: 0, Narrow klass range: 0x100000000

GC Precious Log:
 CPUs: 4 total, 4 available
 Memory: 8139M
 Large Page Support: Disabled
 NUMA Support: Disabled
 Compressed Oops: Enabled (32-bit)
 Heap Region Size: 1M
 Heap Min Capacity: 256M
 Heap Initial Capacity: 256M
 Heap Max Capacity: 512M
 Pre-touch: Disabled
 Parallel Workers: 4
 Concurrent Workers: 1
 Concurrent Refinement Workers: 4
 Periodic GC: Disabled

Heap:
 garbage-first heap   total 262144K, used 48949K [0x00000000e0000000, 0x0000000100000000)
  region size 1024K, 7 young (7168K), 0 survivors (0K)
 Metaspace       used 58575K, committed 59200K, reserved 393216K
  class space    used 7874K, committed 8192K, reserved 327680K

Heap Regions: E=young(eden), S=young(survivor), O=old, HS=humongous(starts), HC=humongous(continues), CS=collection set, F=free, OA=open archive, CA=closed archive, TAMS=top-at-mark-start (previous, next)
|   0|0x00000000e0000000, 0x00000000e00fffe8, 0x00000000e0100000| 99%| O|  |TAMS 0x00000000e0000000, 0x00000000e0000000| Untracked 
|   1|0x00000000e0100000, 0x00000000e0200000, 0x00000000e0200000|100%|HS|  |TAMS 0x00000000e0200000, 0x00000000e0100000| Untracked 
|   2|0x00000000e0200000, 0x00000000e0300000, 0x00000000e0300000|100%|HC|  |TAMS 0x00000000e0300000, 0x00000000e0200000| Untracked 
|   3|0x00000000e0300000, 0x00000000e0400000, 0x00000000e0400000|100%|HC|  |TAMS 0x00000000e0400000, 0x00000000e0300000| Untracked 
|   4|0x00000000e0400000, 0x00000000e0500000, 0x00000000e0500000|100%|HC|  |TAMS 0x00000000e0500000, 0x00000000e0400000| Untracked 
|   5|0x00000000e0500000, 0x00000000e0600000, 0x00000000e0600000|100%| O|  |TAMS 0x00000000e0600000, 0x00000000e0500000| Untracked 
|   6|0x00000000e0600000, 0x00000000e06fe948, 0x00000000e0700000| 99%| O|  |TAMS 0x00000000e0600000, 0x00000000e0600000| Untracked 
|   7|0x00000000e0700000, 0x00000000e07fed10, 0x00000000e0800000| 99%| O|  |TAMS 0x00000000e0700000, 0x00000000e0700000| Untracked 
|   8|0x00000000e0800000, 0x00000000e0900000, 0x00000000e0900000|100%| O|  |TAMS 0x00000000e0900000, 0x00000000e0800000| Untracked 
|   9|0x00000000e0900000, 0x00000000e0a00000, 0x00000000e0a00000|100%| O|  |TAMS 0x00000000e0900000, 0x00000000e0900000| Untracked 
|  10|0x00000000e0a00000, 0x00000000e0affff0, 0x00000000e0b00000| 99%| O|  |TAMS 0x00000000e0a00000, 0x00000000e0a00000| Untracked 
|  11|0x00000000e0b00000, 0x00000000e0bfffd8, 0x00000000e0c00000| 99%| O|  |TAMS 0x00000000e0b00000, 0x00000000e0b00000| Untracked 
|  12|0x00000000e0c00000, 0x00000000e0d00000, 0x00000000e0d00000|100%| O|  |TAMS 0x00000000e0d00000, 0x00000000e0c00000| Untracked 
|  13|0x00000000e0d00000, 0x00000000e0e00000, 0x00000000e0e00000|100%| O|  |TAMS 0x00000000e0e00000, 0x00000000e0d00000| Untracked 
|  14|0x00000000e0e00000, 0x00000000e0eff8d8, 0x00000000e0f00000| 99%| O|  |TAMS 0x00000000e0e00000, 0x00000000e0e00000| Untracked 
|  15|0x00000000e0f00000, 0x00000000e1000000, 0x00000000e1000000|100%| O|  |TAMS 0x00000000e0f00000, 0x00000000e0f00000| Untracked 
|  16|0x00000000e1000000, 0x00000000e10ffff0, 0x00000000e1100000| 99%| O|  |TAMS 0x00000000e1000000, 0x00000000e1000000| Untracked 
|  17|0x00000000e1100000, 0x00000000e11ffc70, 0x00000000e1200000| 99%| O|  |TAMS 0x00000000e1100000, 0x00000000e1100000| Untracked 
|  18|0x00000000e1200000, 0x00000000e12fffd8, 0x00000000e1300000| 99%| O|  |TAMS 0x00000000e1200000, 0x00000000e1200000| Untracked 
|  19|0x00000000e1300000, 0x00000000e13ffff8, 0x00000000e1400000| 99%| O|  |TAMS 0x00000000e1300000, 0x00000000e1300000| Untracked 
|  20|0x00000000e1400000, 0x00000000e14f23a0, 0x00000000e1500000| 94%| O|  |TAMS 0x00000000e1400000, 0x00000000e1400000| Untracked 
|  21|0x00000000e1500000, 0x00000000e15fffd8, 0x00000000e1600000| 99%| O|  |TAMS 0x00000000e1500000, 0x00000000e1500000| Untracked 
|  22|0x00000000e1600000, 0x00000000e16fffe8, 0x00000000e1700000| 99%| O|  |TAMS 0x00000000e1600000, 0x00000000e1600000| Untracked 
|  23|0x00000000e1700000, 0x00000000e17fffe0, 0x00000000e1800000| 99%| O|  |TAMS 0x00000000e1700000, 0x00000000e1700000| Untracked 
|  24|0x00000000e1800000, 0x00000000e18fffe8, 0x00000000e1900000| 99%| O|  |TAMS 0x00000000e1800000, 0x00000000e1800000| Untracked 
|  25|0x00000000e1900000, 0x00000000e19fffe8, 0x00000000e1a00000| 99%| O|  |TAMS 0x00000000e1900000, 0x00000000e1900000| Untracked 
|  26|0x00000000e1a00000, 0x00000000e1afddd0, 0x00000000e1b00000| 99%| O|  |TAMS 0x00000000e1a00000, 0x00000000e1a00000| Untracked 
|  27|0x00000000e1b00000, 0x00000000e1bff750, 0x00000000e1c00000| 99%| O|  |TAMS 0x00000000e1b00000, 0x00000000e1b00000| Untracked 
|  28|0x00000000e1c00000, 0x00000000e1cffff0, 0x00000000e1d00000| 99%| O|  |TAMS 0x00000000e1c00000, 0x00000000e1c00000| Untracked 
|  29|0x00000000e1d00000, 0x00000000e1dffff0, 0x00000000e1e00000| 99%| O|  |TAMS 0x00000000e1d00000, 0x00000000e1d00000| Untracked 
|  30|0x00000000e1e00000, 0x00000000e1f00000, 0x00000000e1f00000|100%| O|  |TAMS 0x00000000e1e00000, 0x00000000e1e00000| Untracked 
|  31|0x00000000e1f00000, 0x00000000e1ffffd8, 0x00000000e2000000| 99%| O|  |TAMS 0x00000000e1f00000, 0x00000000e1f00000| Untracked 
|  32|0x00000000e2000000, 0x00000000e2100000, 0x00000000e2100000|100%| O|  |TAMS 0x00000000e2000000, 0x00000000e2000000| Untracked 
|  33|0x00000000e2100000, 0x00000000e21fffb8, 0x00000000e2200000| 99%| O|  |TAMS 0x00000000e2100000, 0x00000000e2100000| Untracked 
|  34|0x00000000e2200000, 0x00000000e22fffe8, 0x00000000e2300000| 99%| O|  |TAMS 0x00000000e2200000, 0x00000000e2200000| Untracked 
|  35|0x00000000e2300000, 0x00000000e23ffff8, 0x00000000e2400000| 99%| O|  |TAMS 0x00000000e2300000, 0x00000000e2300000| Untracked 
|  36|0x00000000e2400000, 0x00000000e24ffff0, 0x00000000e2500000| 99%| O|  |TAMS 0x00000000e2400000, 0x00000000e2400000| Untracked 
|  37|0x00000000e2500000, 0x00000000e25fffe8, 0x00000000e2600000| 99%| O|  |TAMS 0x00000000e2500000, 0x00000000e2500000| Untracked 
|  38|0x00000000e2600000, 0x00000000e2700000, 0x00000000e2700000|100%| O|  |TAMS 0x00000000e2600000, 0x00000000e2600000| Untracked 
|  39|0x00000000e2700000, 0x00000000e27fffe0, 0x00000000e2800000| 99%| O|  |TAMS 0x00000000e2700000, 0x00000000e2700000| Untracked 
|  40|0x00000000e2800000, 0x00000000e28ffff0, 0x00000000e2900000| 99%| O|  |TAMS 0x00000000e2800000, 0x00000000e2800000| Untracked 
|  41|0x00000000e2900000, 0x00000000e2970cb0, 0x00000000e2a00000| 44%| O|  |TAMS 0x00000000e2900000, 0x00000000e2900000| Untracked 
|  42|0x00000000e2a00000, 0x00000000e2a02950, 0x00000000e2b00000|  1%| O|  |TAMS 0x00000000e2a00000, 0x00000000e2a00000| Untracked 
|  43|0x00000000e2b00000, 0x00000000e2b00000, 0x00000000e2c00000|  0%| F|  |TAMS 0x00000000e2b00000, 0x00000000e2b00000| Untracked 
|  44|0x00000000e2c00000, 0x00000000e2c00000, 0x00000000e2d00000|  0%| F|  |TAMS 0x00000000e2c00000, 0x00000000e2c00000| Untracked 
|  45|0x00000000e2d00000, 0x00000000e2d00000, 0x00000000e2e00000|  0%| F|  |TAMS 0x00000000e2d00000, 0x00000000e2d00000| Untracked 
|  46|0x00000000e2e00000, 0x00000000e2e00000, 0x00000000e2f00000|  0%| F|  |TAMS 0x00000000e2e00000, 0x00000000e2e00000| Untracked 
|  47|0x00000000e2f00000, 0x00000000e2f00000, 0x00000000e3000000|  0%| F|  |TAMS 0x00000000e2f00000, 0x00000000e2f00000| Untracked 
|  48|0x00000000e3000000, 0x00000000e3046d10, 0x00000000e3100000| 27%| O|  |TAMS 0x00000000e3000000, 0x00000000e3000000| Untracked 
|  49|0x00000000e3100000, 0x00000000e3100000, 0x00000000e3200000|  0%| F|  |TAMS 0x00000000e3100000, 0x00000000e3100000| Untracked 
|  50|0x00000000e3200000, 0x00000000e3200000, 0x00000000e3300000|  0%| F|  |TAMS 0x00000000e3200000, 0x00000000e3200000| Untracked 
|  51|0x00000000e3300000, 0x00000000e3300000, 0x00000000e3400000|  0%| F|  |TAMS 0x00000000e3300000, 0x00000000e3300000| Untracked 
|  52|0x00000000e3400000, 0x00000000e3400000, 0x00000000e3500000|  0%| F|  |TAMS 0x00000000e3400000, 0x00000000e3400000| Untracked 
|  53|0x00000000e3500000, 0x00000000e3500000, 0x00000000e3600000|  0%| F|  |TAMS 0x00000000e3500000, 0x00000000e3500000| Untracked 
|  54|0x00000000e3600000, 0x00000000e3600000, 0x00000000e3700000|  0%| F|  |TAMS 0x00000000e3600000, 0x00000000e3600000| Untracked 
|  55|0x00000000e3700000, 0x00000000e3700000, 0x00000000e3800000|  0%| F|  |TAMS 0x00000000e3700000, 0x00000000e3700000| Untracked 
|  56|0x00000000e3800000, 0x00000000e3800000, 0x00000000e3900000|  0%| F|  |TAMS 0x00000000e3800000, 0x00000000e3800000| Untracked 
|  57|0x00000000e3900000, 0x00000000e3900000, 0x00000000e3a00000|  0%| F|  |TAMS 0x00000000e3900000, 0x00000000e3900000| Untracked 
|  58|0x00000000e3a00000, 0x00000000e3a00000, 0x00000000e3b00000|  0%| F|  |TAMS 0x00000000e3a00000, 0x00000000e3a00000| Untracked 
|  59|0x00000000e3b00000, 0x00000000e3b00000, 0x00000000e3c00000|  0%| F|  |TAMS 0x00000000e3b00000, 0x00000000e3b00000| Untracked 
|  60|0x00000000e3c00000, 0x00000000e3c00000, 0x00000000e3d00000|  0%| F|  |TAMS 0x00000000e3c00000, 0x00000000e3c00000| Untracked 
|  61|0x00000000e3d00000, 0x00000000e3d00000, 0x00000000e3e00000|  0%| F|  |TAMS 0x00000000e3d00000, 0x00000000e3d00000| Untracked 
|  62|0x00000000e3e00000, 0x00000000e3e00000, 0x00000000e3f00000|  0%| F|  |TAMS 0x00000000e3e00000, 0x00000000e3e00000| Untracked 
|  63|0x00000000e3f00000, 0x00000000e3f00000, 0x00000000e4000000|  0%| F|  |TAMS 0x00000000e3f00000, 0x00000000e3f00000| Untracked 
|  64|0x00000000e4000000, 0x00000000e4000000, 0x00000000e4100000|  0%| F|  |TAMS 0x00000000e4000000, 0x00000000e4000000| Untracked 
|  65|0x00000000e4100000, 0x00000000e4100000, 0x00000000e4200000|  0%| F|  |TAMS 0x00000000e4100000, 0x00000000e4100000| Untracked 
|  66|0x00000000e4200000, 0x00000000e4200000, 0x00000000e4300000|  0%| F|  |TAMS 0x00000000e4200000, 0x00000000e4200000| Untracked 
|  67|0x00000000e4300000, 0x00000000e4300000, 0x00000000e4400000|  0%| F|  |TAMS 0x00000000e4300000, 0x00000000e4300000| Untracked 
|  68|0x00000000e4400000, 0x00000000e4400000, 0x00000000e4500000|  0%| F|  |TAMS 0x00000000e4400000, 0x00000000e4400000| Untracked 
|  69|0x00000000e4500000, 0x00000000e4500000, 0x00000000e4600000|  0%| F|  |TAMS 0x00000000e4500000, 0x00000000e4500000| Untracked 
|  70|0x00000000e4600000, 0x00000000e4600000, 0x00000000e4700000|  0%| F|  |TAMS 0x00000000e4600000, 0x00000000e4600000| Untracked 
|  71|0x00000000e4700000, 0x00000000e4700000, 0x00000000e4800000|  0%| F|  |TAMS 0x00000000e4700000, 0x00000000e4700000| Untracked 
|  72|0x00000000e4800000, 0x00000000e4800000, 0x00000000e4900000|  0%| F|  |TAMS 0x00000000e4800000, 0x00000000e4800000| Untracked 
|  73|0x00000000e4900000, 0x00000000e4900000, 0x00000000e4a00000|  0%| F|  |TAMS 0x00000000e4900000, 0x00000000e4900000| Untracked 
|  74|0x00000000e4a00000, 0x00000000e4a00000, 0x00000000e4b00000|  0%| F|  |TAMS 0x00000000e4a00000, 0x00000000e4a00000| Untracked 
|  75|0x00000000e4b00000, 0x00000000e4b00000, 0x00000000e4c00000|  0%| F|  |TAMS 0x00000000e4b00000, 0x00000000e4b00000| Untracked 
|  76|0x00000000e4c00000, 0x00000000e4c00000, 0x00000000e4d00000|  0%| F|  |TAMS 0x00000000e4c00000, 0x00000000e4c00000| Untracked 
|  77|0x00000000e4d00000, 0x00000000e4d00000, 0x00000000e4e00000|  0%| F|  |TAMS 0x00000000e4d00000, 0x00000000e4d00000| Untracked 
|  78|0x00000000e4e00000, 0x00000000e4e00000, 0x00000000e4f00000|  0%| F|  |TAMS 0x00000000e4e00000, 0x00000000e4e00000| Untracked 
|  79|0x00000000e4f00000, 0x00000000e4f00000, 0x00000000e5000000|  0%| F|  |TAMS 0x00000000e4f00000, 0x00000000e4f00000| Untracked 
|  80|0x00000000e5000000, 0x00000000e5000000, 0x00000000e5100000|  0%| F|  |TAMS 0x00000000e5000000, 0x00000000e5000000| Untracked 
|  81|0x00000000e5100000, 0x00000000e5100000, 0x00000000e5200000|  0%| F|  |TAMS 0x00000000e5100000, 0x00000000e5100000| Untracked 
|  82|0x00000000e5200000, 0x00000000e5200000, 0x00000000e5300000|  0%| F|  |TAMS 0x00000000e5200000, 0x00000000e5200000| Untracked 
|  83|0x00000000e5300000, 0x00000000e5300000, 0x00000000e5400000|  0%| F|  |TAMS 0x00000000e5300000, 0x00000000e5300000| Untracked 
|  84|0x00000000e5400000, 0x00000000e5400000, 0x00000000e5500000|  0%| F|  |TAMS 0x00000000e5400000, 0x00000000e5400000| Untracked 
|  85|0x00000000e5500000, 0x00000000e5500000, 0x00000000e5600000|  0%| F|  |TAMS 0x00000000e5500000, 0x00000000e5500000| Untracked 
|  86|0x00000000e5600000, 0x00000000e5600000, 0x00000000e5700000|  0%| F|  |TAMS 0x00000000e5600000, 0x00000000e5600000| Untracked 
|  87|0x00000000e5700000, 0x00000000e5700000, 0x00000000e5800000|  0%| F|  |TAMS 0x00000000e5700000, 0x00000000e5700000| Untracked 
|  88|0x00000000e5800000, 0x00000000e5800000, 0x00000000e5900000|  0%| F|  |TAMS 0x00000000e5800000, 0x00000000e5800000| Untracked 
|  89|0x00000000e5900000, 0x00000000e5900000, 0x00000000e5a00000|  0%| F|  |TAMS 0x00000000e5900000, 0x00000000e5900000| Untracked 
|  90|0x00000000e5a00000, 0x00000000e5a00000, 0x00000000e5b00000|  0%| F|  |TAMS 0x00000000e5a00000, 0x00000000e5a00000| Untracked 
|  91|0x00000000e5b00000, 0x00000000e5b00000, 0x00000000e5c00000|  0%| F|  |TAMS 0x00000000e5b00000, 0x00000000e5b00000| Untracked 
|  92|0x00000000e5c00000, 0x00000000e5c00000, 0x00000000e5d00000|  0%| F|  |TAMS 0x00000000e5c00000, 0x00000000e5c00000| Untracked 
|  93|0x00000000e5d00000, 0x00000000e5d00000, 0x00000000e5e00000|  0%| F|  |TAMS 0x00000000e5d00000, 0x00000000e5d00000| Untracked 
|  94|0x00000000e5e00000, 0x00000000e5e00000, 0x00000000e5f00000|  0%| F|  |TAMS 0x00000000e5e00000, 0x00000000e5e00000| Untracked 
|  95|0x00000000e5f00000, 0x00000000e5f00000, 0x00000000e6000000|  0%| F|  |TAMS 0x00000000e5f00000, 0x00000000e5f00000| Untracked 
|  96|0x00000000e6000000, 0x00000000e6000000, 0x00000000e6100000|  0%| F|  |TAMS 0x00000000e6000000, 0x00000000e6000000| Untracked 
|  97|0x00000000e6100000, 0x00000000e6100000, 0x00000000e6200000|  0%| F|  |TAMS 0x00000000e6100000, 0x00000000e6100000| Untracked 
|  98|0x00000000e6200000, 0x00000000e6200000, 0x00000000e6300000|  0%| F|  |TAMS 0x00000000e6200000, 0x00000000e6200000| Untracked 
|  99|0x00000000e6300000, 0x00000000e6300000, 0x00000000e6400000|  0%| F|  |TAMS 0x00000000e6300000, 0x00000000e6300000| Untracked 
| 100|0x00000000e6400000, 0x00000000e6400000, 0x00000000e6500000|  0%| F|  |TAMS 0x00000000e6400000, 0x00000000e6400000| Untracked 
| 101|0x00000000e6500000, 0x00000000e6500000, 0x00000000e6600000|  0%| F|  |TAMS 0x00000000e6500000, 0x00000000e6500000| Untracked 
| 102|0x00000000e6600000, 0x00000000e6600000, 0x00000000e6700000|  0%| F|  |TAMS 0x00000000e6600000, 0x00000000e6600000| Untracked 
| 103|0x00000000e6700000, 0x00000000e6700000, 0x00000000e6800000|  0%| F|  |TAMS 0x00000000e6700000, 0x00000000e6700000| Untracked 
| 104|0x00000000e6800000, 0x00000000e6800000, 0x00000000e6900000|  0%| F|  |TAMS 0x00000000e6800000, 0x00000000e6800000| Untracked 
| 105|0x00000000e6900000, 0x00000000e69fe970, 0x00000000e6a00000| 99%| O|  |TAMS 0x00000000e6900000, 0x00000000e6900000| Untracked 
| 106|0x00000000e6a00000, 0x00000000e6a00000, 0x00000000e6b00000|  0%| F|  |TAMS 0x00000000e6a00000, 0x00000000e6a00000| Untracked 
| 107|0x00000000e6b00000, 0x00000000e6b00000, 0x00000000e6c00000|  0%| F|  |TAMS 0x00000000e6b00000, 0x00000000e6b00000| Untracked 
| 108|0x00000000e6c00000, 0x00000000e6c288f0, 0x00000000e6d00000| 15%| O|  |TAMS 0x00000000e6c00000, 0x00000000e6c00000| Untracked 
| 109|0x00000000e6d00000, 0x00000000e6d00000, 0x00000000e6e00000|  0%| F|  |TAMS 0x00000000e6d00000, 0x00000000e6d00000| Untracked 
| 110|0x00000000e6e00000, 0x00000000e6e00000, 0x00000000e6f00000|  0%| F|  |TAMS 0x00000000e6e00000, 0x00000000e6e00000| Untracked 
| 111|0x00000000e6f00000, 0x00000000e6f00000, 0x00000000e7000000|  0%| F|  |TAMS 0x00000000e6f00000, 0x00000000e6f00000| Untracked 
| 112|0x00000000e7000000, 0x00000000e7000000, 0x00000000e7100000|  0%| F|  |TAMS 0x00000000e7000000, 0x00000000e7000000| Untracked 
| 113|0x00000000e7100000, 0x00000000e7100000, 0x00000000e7200000|  0%| F|  |TAMS 0x00000000e7100000, 0x00000000e7100000| Untracked 
| 114|0x00000000e7200000, 0x00000000e7200000, 0x00000000e7300000|  0%| F|  |TAMS 0x00000000e7200000, 0x00000000e7200000| Untracked 
| 115|0x00000000e7300000, 0x00000000e7300000, 0x00000000e7400000|  0%| F|  |TAMS 0x00000000e7300000, 0x00000000e7300000| Untracked 
| 116|0x00000000e7400000, 0x00000000e7400000, 0x00000000e7500000|  0%| F|  |TAMS 0x00000000e7400000, 0x00000000e7400000| Untracked 
| 117|0x00000000e7500000, 0x00000000e7500000, 0x00000000e7600000|  0%| F|  |TAMS 0x00000000e7500000, 0x00000000e7500000| Untracked 
| 118|0x00000000e7600000, 0x00000000e7600000, 0x00000000e7700000|  0%| F|  |TAMS 0x00000000e7600000, 0x00000000e7600000| Untracked 
| 119|0x00000000e7700000, 0x00000000e7700000, 0x00000000e7800000|  0%| F|  |TAMS 0x00000000e7700000, 0x00000000e7700000| Untracked 
| 120|0x00000000e7800000, 0x00000000e7800000, 0x00000000e7900000|  0%| F|  |TAMS 0x00000000e7800000, 0x00000000e7800000| Untracked 
| 121|0x00000000e7900000, 0x00000000e7900000, 0x00000000e7a00000|  0%| F|  |TAMS 0x00000000e7900000, 0x00000000e7900000| Untracked 
| 122|0x00000000e7a00000, 0x00000000e7a00000, 0x00000000e7b00000|  0%| F|  |TAMS 0x00000000e7a00000, 0x00000000e7a00000| Untracked 
| 123|0x00000000e7b00000, 0x00000000e7b00000, 0x00000000e7c00000|  0%| F|  |TAMS 0x00000000e7b00000, 0x00000000e7b00000| Untracked 
| 124|0x00000000e7c00000, 0x00000000e7c00000, 0x00000000e7d00000|  0%| F|  |TAMS 0x00000000e7c00000, 0x00000000e7c00000| Untracked 
| 125|0x00000000e7d00000, 0x00000000e7d00000, 0x00000000e7e00000|  0%| F|  |TAMS 0x00000000e7d00000, 0x00000000e7d00000| Untracked 
| 126|0x00000000e7e00000, 0x00000000e7e00000, 0x00000000e7f00000|  0%| F|  |TAMS 0x00000000e7e00000, 0x00000000e7e00000| Untracked 
| 127|0x00000000e7f00000, 0x00000000e7f00000, 0x00000000e8000000|  0%| F|  |TAMS 0x00000000e7f00000, 0x00000000e7f00000| Untracked 
| 128|0x00000000e8000000, 0x00000000e8000000, 0x00000000e8100000|  0%| F|  |TAMS 0x00000000e8000000, 0x00000000e8000000| Untracked 
| 129|0x00000000e8100000, 0x00000000e8100000, 0x00000000e8200000|  0%| F|  |TAMS 0x00000000e8100000, 0x00000000e8100000| Untracked 
| 130|0x00000000e8200000, 0x00000000e8200000, 0x00000000e8300000|  0%| F|  |TAMS 0x00000000e8200000, 0x00000000e8200000| Untracked 
| 131|0x00000000e8300000, 0x00000000e8300000, 0x00000000e8400000|  0%| F|  |TAMS 0x00000000e8300000, 0x00000000e8300000| Untracked 
| 132|0x00000000e8400000, 0x00000000e8400000, 0x00000000e8500000|  0%| F|  |TAMS 0x00000000e8400000, 0x00000000e8400000| Untracked 
| 133|0x00000000e8500000, 0x00000000e8500000, 0x00000000e8600000|  0%| F|  |TAMS 0x00000000e8500000, 0x00000000e8500000| Untracked 
| 134|0x00000000e8600000, 0x00000000e8600000, 0x00000000e8700000|  0%| F|  |TAMS 0x00000000e8600000, 0x00000000e8600000| Untracked 
| 135|0x00000000e8700000, 0x00000000e8700000, 0x00000000e8800000|  0%| F|  |TAMS 0x00000000e8700000, 0x00000000e8700000| Untracked 
| 136|0x00000000e8800000, 0x00000000e8800000, 0x00000000e8900000|  0%| F|  |TAMS 0x00000000e8800000, 0x00000000e8800000| Untracked 
| 137|0x00000000e8900000, 0x00000000e8900000, 0x00000000e8a00000|  0%| F|  |TAMS 0x00000000e8900000, 0x00000000e8900000| Untracked 
| 138|0x00000000e8a00000, 0x00000000e8a00000, 0x00000000e8b00000|  0%| F|  |TAMS 0x00000000e8a00000, 0x00000000e8a00000| Untracked 
| 139|0x00000000e8b00000, 0x00000000e8b00000, 0x00000000e8c00000|  0%| F|  |TAMS 0x00000000e8b00000, 0x00000000e8b00000| Untracked 
| 140|0x00000000e8c00000, 0x00000000e8c00000, 0x00000000e8d00000|  0%| F|  |TAMS 0x00000000e8c00000, 0x00000000e8c00000| Untracked 
| 141|0x00000000e8d00000, 0x00000000e8d00000, 0x00000000e8e00000|  0%| F|  |TAMS 0x00000000e8d00000, 0x00000000e8d00000| Untracked 
| 142|0x00000000e8e00000, 0x00000000e8e00000, 0x00000000e8f00000|  0%| F|  |TAMS 0x00000000e8e00000, 0x00000000e8e00000| Untracked 
| 143|0x00000000e8f00000, 0x00000000e8f00000, 0x00000000e9000000|  0%| F|  |TAMS 0x00000000e8f00000, 0x00000000e8f00000| Untracked 
| 144|0x00000000e9000000, 0x00000000e9000000, 0x00000000e9100000|  0%| F|  |TAMS 0x00000000e9000000, 0x00000000e9000000| Untracked 
| 145|0x00000000e9100000, 0x00000000e9100000, 0x00000000e9200000|  0%| F|  |TAMS 0x00000000e9100000, 0x00000000e9100000| Untracked 
| 146|0x00000000e9200000, 0x00000000e9200000, 0x00000000e9300000|  0%| F|  |TAMS 0x00000000e9200000, 0x00000000e9200000| Untracked 
| 147|0x00000000e9300000, 0x00000000e9300000, 0x00000000e9400000|  0%| F|  |TAMS 0x00000000e9300000, 0x00000000e9300000| Untracked 
| 148|0x00000000e9400000, 0x00000000e9400000, 0x00000000e9500000|  0%| F|  |TAMS 0x00000000e9400000, 0x00000000e9400000| Untracked 
| 149|0x00000000e9500000, 0x00000000e9500000, 0x00000000e9600000|  0%| F|  |TAMS 0x00000000e9500000, 0x00000000e9500000| Untracked 
| 150|0x00000000e9600000, 0x00000000e9600000, 0x00000000e9700000|  0%| F|  |TAMS 0x00000000e9600000, 0x00000000e9600000| Untracked 
| 151|0x00000000e9700000, 0x00000000e9700000, 0x00000000e9800000|  0%| F|  |TAMS 0x00000000e9700000, 0x00000000e9700000| Untracked 
| 152|0x00000000e9800000, 0x00000000e9800000, 0x00000000e9900000|  0%| F|  |TAMS 0x00000000e9800000, 0x00000000e9800000| Untracked 
| 153|0x00000000e9900000, 0x00000000e9900000, 0x00000000e9a00000|  0%| F|  |TAMS 0x00000000e9900000, 0x00000000e9900000| Untracked 
| 154|0x00000000e9a00000, 0x00000000e9a00000, 0x00000000e9b00000|  0%| F|  |TAMS 0x00000000e9a00000, 0x00000000e9a00000| Untracked 
| 155|0x00000000e9b00000, 0x00000000e9b00000, 0x00000000e9c00000|  0%| F|  |TAMS 0x00000000e9b00000, 0x00000000e9b00000| Untracked 
| 156|0x00000000e9c00000, 0x00000000e9c00000, 0x00000000e9d00000|  0%| F|  |TAMS 0x00000000e9c00000, 0x00000000e9c00000| Untracked 
| 157|0x00000000e9d00000, 0x00000000e9d00000, 0x00000000e9e00000|  0%| F|  |TAMS 0x00000000e9d00000, 0x00000000e9d00000| Untracked 
| 158|0x00000000e9e00000, 0x00000000e9e00000, 0x00000000e9f00000|  0%| F|  |TAMS 0x00000000e9e00000, 0x00000000e9e00000| Untracked 
| 159|0x00000000e9f00000, 0x00000000e9f00000, 0x00000000ea000000|  0%| F|  |TAMS 0x00000000e9f00000, 0x00000000e9f00000| Untracked 
| 160|0x00000000ea000000, 0x00000000ea000000, 0x00000000ea100000|  0%| F|  |TAMS 0x00000000ea000000, 0x00000000ea000000| Untracked 
| 161|0x00000000ea100000, 0x00000000ea100000, 0x00000000ea200000|  0%| F|  |TAMS 0x00000000ea100000, 0x00000000ea100000| Untracked 
| 162|0x00000000ea200000, 0x00000000ea200000, 0x00000000ea300000|  0%| F|  |TAMS 0x00000000ea200000, 0x00000000ea200000| Untracked 
| 163|0x00000000ea300000, 0x00000000ea300000, 0x00000000ea400000|  0%| F|  |TAMS 0x00000000ea300000, 0x00000000ea300000| Untracked 
| 164|0x00000000ea400000, 0x00000000ea400000, 0x00000000ea500000|  0%| F|  |TAMS 0x00000000ea400000, 0x00000000ea400000| Untracked 
| 165|0x00000000ea500000, 0x00000000ea500000, 0x00000000ea600000|  0%| F|  |TAMS 0x00000000ea500000, 0x00000000ea500000| Untracked 
| 166|0x00000000ea600000, 0x00000000ea600000, 0x00000000ea700000|  0%| F|  |TAMS 0x00000000ea600000, 0x00000000ea600000| Untracked 
| 167|0x00000000ea700000, 0x00000000ea700000, 0x00000000ea800000|  0%| F|  |TAMS 0x00000000ea700000, 0x00000000ea700000| Untracked 
| 168|0x00000000ea800000, 0x00000000ea800000, 0x00000000ea900000|  0%| F|  |TAMS 0x00000000ea800000, 0x00000000ea800000| Untracked 
| 169|0x00000000ea900000, 0x00000000ea900000, 0x00000000eaa00000|  0%| F|  |TAMS 0x00000000ea900000, 0x00000000ea900000| Untracked 
| 170|0x00000000eaa00000, 0x00000000eaa00000, 0x00000000eab00000|  0%| F|  |TAMS 0x00000000eaa00000, 0x00000000eaa00000| Untracked 
| 171|0x00000000eab00000, 0x00000000eab00000, 0x00000000eac00000|  0%| F|  |TAMS 0x00000000eab00000, 0x00000000eab00000| Untracked 
| 172|0x00000000eac00000, 0x00000000eac00000, 0x00000000ead00000|  0%| F|  |TAMS 0x00000000eac00000, 0x00000000eac00000| Untracked 
| 173|0x00000000ead00000, 0x00000000ead00000, 0x00000000eae00000|  0%| F|  |TAMS 0x00000000ead00000, 0x00000000ead00000| Untracked 
| 174|0x00000000eae00000, 0x00000000eae00000, 0x00000000eaf00000|  0%| F|  |TAMS 0x00000000eae00000, 0x00000000eae00000| Untracked 
| 175|0x00000000eaf00000, 0x00000000eaf00000, 0x00000000eb000000|  0%| F|  |TAMS 0x00000000eaf00000, 0x00000000eaf00000| Untracked 
| 176|0x00000000eb000000, 0x00000000eb000000, 0x00000000eb100000|  0%| F|  |TAMS 0x00000000eb000000, 0x00000000eb000000| Untracked 
| 177|0x00000000eb100000, 0x00000000eb100000, 0x00000000eb200000|  0%| F|  |TAMS 0x00000000eb100000, 0x00000000eb100000| Untracked 
| 178|0x00000000eb200000, 0x00000000eb200000, 0x00000000eb300000|  0%| F|  |TAMS 0x00000000eb200000, 0x00000000eb200000| Untracked 
| 179|0x00000000eb300000, 0x00000000eb300000, 0x00000000eb400000|  0%| F|  |TAMS 0x00000000eb300000, 0x00000000eb300000| Untracked 
| 180|0x00000000eb400000, 0x00000000eb400000, 0x00000000eb500000|  0%| F|  |TAMS 0x00000000eb400000, 0x00000000eb400000| Untracked 
| 181|0x00000000eb500000, 0x00000000eb500000, 0x00000000eb600000|  0%| F|  |TAMS 0x00000000eb500000, 0x00000000eb500000| Untracked 
| 182|0x00000000eb600000, 0x00000000eb600000, 0x00000000eb700000|  0%| F|  |TAMS 0x00000000eb600000, 0x00000000eb600000| Untracked 
| 183|0x00000000eb700000, 0x00000000eb700000, 0x00000000eb800000|  0%| F|  |TAMS 0x00000000eb700000, 0x00000000eb700000| Untracked 
| 184|0x00000000eb800000, 0x00000000eb800000, 0x00000000eb900000|  0%| F|  |TAMS 0x00000000eb800000, 0x00000000eb800000| Untracked 
| 185|0x00000000eb900000, 0x00000000eb900000, 0x00000000eba00000|  0%| F|  |TAMS 0x00000000eb900000, 0x00000000eb900000| Untracked 
| 186|0x00000000eba00000, 0x00000000eba00000, 0x00000000ebb00000|  0%| F|  |TAMS 0x00000000eba00000, 0x00000000eba00000| Untracked 
| 187|0x00000000ebb00000, 0x00000000ebb00000, 0x00000000ebc00000|  0%| F|  |TAMS 0x00000000ebb00000, 0x00000000ebb00000| Untracked 
| 188|0x00000000ebc00000, 0x00000000ebc00000, 0x00000000ebd00000|  0%| F|  |TAMS 0x00000000ebc00000, 0x00000000ebc00000| Untracked 
| 189|0x00000000ebd00000, 0x00000000ebd00000, 0x00000000ebe00000|  0%| F|  |TAMS 0x00000000ebd00000, 0x00000000ebd00000| Untracked 
| 190|0x00000000ebe00000, 0x00000000ebe00000, 0x00000000ebf00000|  0%| F|  |TAMS 0x00000000ebe00000, 0x00000000ebe00000| Untracked 
| 191|0x00000000ebf00000, 0x00000000ebf00000, 0x00000000ec000000|  0%| F|  |TAMS 0x00000000ebf00000, 0x00000000ebf00000| Untracked 
| 192|0x00000000ec000000, 0x00000000ec000000, 0x00000000ec100000|  0%| F|  |TAMS 0x00000000ec000000, 0x00000000ec000000| Untracked 
| 193|0x00000000ec100000, 0x00000000ec100000, 0x00000000ec200000|  0%| F|  |TAMS 0x00000000ec100000, 0x00000000ec100000| Untracked 
| 194|0x00000000ec200000, 0x00000000ec200000, 0x00000000ec300000|  0%| F|  |TAMS 0x00000000ec200000, 0x00000000ec200000| Untracked 
| 195|0x00000000ec300000, 0x00000000ec300000, 0x00000000ec400000|  0%| F|  |TAMS 0x00000000ec300000, 0x00000000ec300000| Untracked 
| 196|0x00000000ec400000, 0x00000000ec400000, 0x00000000ec500000|  0%| F|  |TAMS 0x00000000ec400000, 0x00000000ec400000| Untracked 
| 197|0x00000000ec500000, 0x00000000ec500000, 0x00000000ec600000|  0%| F|  |TAMS 0x00000000ec500000, 0x00000000ec500000| Untracked 
| 198|0x00000000ec600000, 0x00000000ec600000, 0x00000000ec700000|  0%| F|  |TAMS 0x00000000ec600000, 0x00000000ec600000| Untracked 
| 199|0x00000000ec700000, 0x00000000ec700000, 0x00000000ec800000|  0%| F|  |TAMS 0x00000000ec700000, 0x00000000ec700000| Untracked 
| 200|0x00000000ec800000, 0x00000000ec800000, 0x00000000ec900000|  0%| F|  |TAMS 0x00000000ec800000, 0x00000000ec800000| Untracked 
| 201|0x00000000ec900000, 0x00000000ec900000, 0x00000000eca00000|  0%| F|  |TAMS 0x00000000ec900000, 0x00000000ec900000| Untracked 
| 202|0x00000000eca00000, 0x00000000eca00000, 0x00000000ecb00000|  0%| F|  |TAMS 0x00000000eca00000, 0x00000000eca00000| Untracked 
| 203|0x00000000ecb00000, 0x00000000ecb00000, 0x00000000ecc00000|  0%| F|  |TAMS 0x00000000ecb00000, 0x00000000ecb00000| Untracked 
| 204|0x00000000ecc00000, 0x00000000ecc00000, 0x00000000ecd00000|  0%| F|  |TAMS 0x00000000ecc00000, 0x00000000ecc00000| Untracked 
| 205|0x00000000ecd00000, 0x00000000ecd00000, 0x00000000ece00000|  0%| F|  |TAMS 0x00000000ecd00000, 0x00000000ecd00000| Untracked 
| 206|0x00000000ece00000, 0x00000000ece00000, 0x00000000ecf00000|  0%| F|  |TAMS 0x00000000ece00000, 0x00000000ece00000| Untracked 
| 207|0x00000000ecf00000, 0x00000000ecf00000, 0x00000000ed000000|  0%| F|  |TAMS 0x00000000ecf00000, 0x00000000ecf00000| Untracked 
| 208|0x00000000ed000000, 0x00000000ed000000, 0x00000000ed100000|  0%| F|  |TAMS 0x00000000ed000000, 0x00000000ed000000| Untracked 
| 209|0x00000000ed100000, 0x00000000ed100000, 0x00000000ed200000|  0%| F|  |TAMS 0x00000000ed100000, 0x00000000ed100000| Untracked 
| 210|0x00000000ed200000, 0x00000000ed200000, 0x00000000ed300000|  0%| F|  |TAMS 0x00000000ed200000, 0x00000000ed200000| Untracked 
| 211|0x00000000ed300000, 0x00000000ed300000, 0x00000000ed400000|  0%| F|  |TAMS 0x00000000ed300000, 0x00000000ed300000| Untracked 
| 212|0x00000000ed400000, 0x00000000ed400000, 0x00000000ed500000|  0%| F|  |TAMS 0x00000000ed400000, 0x00000000ed400000| Untracked 
| 213|0x00000000ed500000, 0x00000000ed500000, 0x00000000ed600000|  0%| F|  |TAMS 0x00000000ed500000, 0x00000000ed500000| Untracked 
| 214|0x00000000ed600000, 0x00000000ed600000, 0x00000000ed700000|  0%| F|  |TAMS 0x00000000ed600000, 0x00000000ed600000| Untracked 
| 215|0x00000000ed700000, 0x00000000ed700000, 0x00000000ed800000|  0%| F|  |TAMS 0x00000000ed700000, 0x00000000ed700000| Untracked 
| 216|0x00000000ed800000, 0x00000000ed800000, 0x00000000ed900000|  0%| F|  |TAMS 0x00000000ed800000, 0x00000000ed800000| Untracked 
| 217|0x00000000ed900000, 0x00000000ed900000, 0x00000000eda00000|  0%| F|  |TAMS 0x00000000ed900000, 0x00000000ed900000| Untracked 
| 218|0x00000000eda00000, 0x00000000eda00000, 0x00000000edb00000|  0%| F|  |TAMS 0x00000000eda00000, 0x00000000eda00000| Untracked 
| 219|0x00000000edb00000, 0x00000000edb00000, 0x00000000edc00000|  0%| F|  |TAMS 0x00000000edb00000, 0x00000000edb00000| Untracked 
| 220|0x00000000edc00000, 0x00000000edc00000, 0x00000000edd00000|  0%| F|  |TAMS 0x00000000edc00000, 0x00000000edc00000| Untracked 
| 221|0x00000000edd00000, 0x00000000edd00000, 0x00000000ede00000|  0%| F|  |TAMS 0x00000000edd00000, 0x00000000edd00000| Untracked 
| 222|0x00000000ede00000, 0x00000000ede00000, 0x00000000edf00000|  0%| F|  |TAMS 0x00000000ede00000, 0x00000000ede00000| Untracked 
| 223|0x00000000edf00000, 0x00000000edf00000, 0x00000000ee000000|  0%| F|  |TAMS 0x00000000edf00000, 0x00000000edf00000| Untracked 
| 224|0x00000000ee000000, 0x00000000ee000000, 0x00000000ee100000|  0%| F|  |TAMS 0x00000000ee000000, 0x00000000ee000000| Untracked 
| 225|0x00000000ee100000, 0x00000000ee100000, 0x00000000ee200000|  0%| F|  |TAMS 0x00000000ee100000, 0x00000000ee100000| Untracked 
| 226|0x00000000ee200000, 0x00000000ee200000, 0x00000000ee300000|  0%| F|  |TAMS 0x00000000ee200000, 0x00000000ee200000| Untracked 
| 227|0x00000000ee300000, 0x00000000ee300000, 0x00000000ee400000|  0%| F|  |TAMS 0x00000000ee300000, 0x00000000ee300000| Untracked 
| 228|0x00000000ee400000, 0x00000000ee400000, 0x00000000ee500000|  0%| F|  |TAMS 0x00000000ee400000, 0x00000000ee400000| Untracked 
| 229|0x00000000ee500000, 0x00000000ee500000, 0x00000000ee600000|  0%| F|  |TAMS 0x00000000ee500000, 0x00000000ee500000| Untracked 
| 230|0x00000000ee600000, 0x00000000ee600000, 0x00000000ee700000|  0%| F|  |TAMS 0x00000000ee600000, 0x00000000ee600000| Untracked 
| 231|0x00000000ee700000, 0x00000000ee700000, 0x00000000ee800000|  0%| F|  |TAMS 0x00000000ee700000, 0x00000000ee700000| Untracked 
| 232|0x00000000ee800000, 0x00000000ee800000, 0x00000000ee900000|  0%| F|  |TAMS 0x00000000ee800000, 0x00000000ee800000| Untracked 
| 233|0x00000000ee900000, 0x00000000ee900000, 0x00000000eea00000|  0%| F|  |TAMS 0x00000000ee900000, 0x00000000ee900000| Untracked 
| 234|0x00000000eea00000, 0x00000000eea00000, 0x00000000eeb00000|  0%| F|  |TAMS 0x00000000eea00000, 0x00000000eea00000| Untracked 
| 235|0x00000000eeb00000, 0x00000000eeb00000, 0x00000000eec00000|  0%| F|  |TAMS 0x00000000eeb00000, 0x00000000eeb00000| Untracked 
| 236|0x00000000eec00000, 0x00000000eec00000, 0x00000000eed00000|  0%| F|  |TAMS 0x00000000eec00000, 0x00000000eec00000| Untracked 
| 237|0x00000000eed00000, 0x00000000eed00000, 0x00000000eee00000|  0%| F|  |TAMS 0x00000000eed00000, 0x00000000eed00000| Untracked 
| 238|0x00000000eee00000, 0x00000000eee00000, 0x00000000eef00000|  0%| F|  |TAMS 0x00000000eee00000, 0x00000000eee00000| Untracked 
| 239|0x00000000eef00000, 0x00000000eef00000, 0x00000000ef000000|  0%| F|  |TAMS 0x00000000eef00000, 0x00000000eef00000| Untracked 
| 240|0x00000000ef000000, 0x00000000ef000000, 0x00000000ef100000|  0%| F|  |TAMS 0x00000000ef000000, 0x00000000ef000000| Untracked 
| 241|0x00000000ef100000, 0x00000000ef100000, 0x00000000ef200000|  0%| F|  |TAMS 0x00000000ef100000, 0x00000000ef100000| Untracked 
| 242|0x00000000ef200000, 0x00000000ef200000, 0x00000000ef300000|  0%| F|  |TAMS 0x00000000ef200000, 0x00000000ef200000| Untracked 
| 243|0x00000000ef300000, 0x00000000ef300000, 0x00000000ef400000|  0%| F|  |TAMS 0x00000000ef300000, 0x00000000ef300000| Untracked 
| 244|0x00000000ef400000, 0x00000000ef400000, 0x00000000ef500000|  0%| F|  |TAMS 0x00000000ef400000, 0x00000000ef400000| Untracked 
| 245|0x00000000ef500000, 0x00000000ef500000, 0x00000000ef600000|  0%| F|  |TAMS 0x00000000ef500000, 0x00000000ef500000| Untracked 
| 246|0x00000000ef600000, 0x00000000ef600000, 0x00000000ef700000|  0%| F|  |TAMS 0x00000000ef600000, 0x00000000ef600000| Untracked 
| 247|0x00000000ef700000, 0x00000000ef700000, 0x00000000ef800000|  0%| F|  |TAMS 0x00000000ef700000, 0x00000000ef700000| Untracked 
| 248|0x00000000ef800000, 0x00000000ef800000, 0x00000000ef900000|  0%| F|  |TAMS 0x00000000ef800000, 0x00000000ef800000| Untracked 
| 249|0x00000000ef900000, 0x00000000ef9919c0, 0x00000000efa00000| 56%| E|  |TAMS 0x00000000ef900000, 0x00000000ef900000| Complete 
| 250|0x00000000efa00000, 0x00000000efb00000, 0x00000000efb00000|100%| E|CS|TAMS 0x00000000efa00000, 0x00000000efa00000| Complete 
| 251|0x00000000efb00000, 0x00000000efc00000, 0x00000000efc00000|100%| E|CS|TAMS 0x00000000efb00000, 0x00000000efb00000| Complete 
| 252|0x00000000efc00000, 0x00000000efd00000, 0x00000000efd00000|100%| E|CS|TAMS 0x00000000efc00000, 0x00000000efc00000| Complete 
| 253|0x00000000efd00000, 0x00000000efe00000, 0x00000000efe00000|100%| E|CS|TAMS 0x00000000efd00000, 0x00000000efd00000| Complete 
| 254|0x00000000efe00000, 0x00000000eff00000, 0x00000000eff00000|100%| E|CS|TAMS 0x00000000efe00000, 0x00000000efe00000| Complete 
| 255|0x00000000eff00000, 0x00000000f0000000, 0x00000000f0000000|100%| E|  |TAMS 0x00000000eff00000, 0x00000000eff00000| Complete 

Card table byte_map: [0x000002c0baf70000,0x000002c0bb070000] _byte_map_base: 0x000002c0ba870000

Marking Bits (Prev, Next): (CMBitMap*) 0x000002c0a46deee0, (CMBitMap*) 0x000002c0a46deea0
 Prev Bits: [0x000002c0bb970000, 0x000002c0bc170000)
 Next Bits: [0x000002c0bb170000, 0x000002c0bb970000)

Polling page: 0x000002c0a2650000

Metaspace:

Usage:
  Non-class:     49.51 MB used.
      Class:      7.69 MB used.
       Both:     57.20 MB used.

Virtual space:
  Non-class space:       64.00 MB reserved,      49.81 MB ( 78%) committed,  1 nodes.
      Class space:      320.00 MB reserved,       8.00 MB (  2%) committed,  1 nodes.
             Both:      384.00 MB reserved,      57.81 MB ( 15%) committed. 

Chunk freelists:
   Non-Class:  13.48 MB
       Class:  7.97 MB
        Both:  21.45 MB

MaxMetaspaceSize: 384.00 MB
CompressedClassSpaceSize: 320.00 MB
Initial GC threshold: 21.00 MB
Current GC threshold: 96.25 MB
CDS: on
MetaspaceReclaimPolicy: balanced
 - commit_granule_bytes: 65536.
 - commit_granule_words: 8192.
 - virtual_space_node_default_size: 8388608.
 - enlarge_chunks_in_place: 1.
 - new_chunks_are_fully_committed: 0.
 - uncommit_free_chunks: 1.
 - use_allocation_guard: 0.
 - handle_deallocations: 1.


Internal statistics:

num_allocs_failed_limit: 6.
num_arena_births: 986.
num_arena_deaths: 90.
num_vsnodes_births: 2.
num_vsnodes_deaths: 0.
num_space_committed: 925.
num_space_uncommitted: 0.
num_chunks_returned_to_freelist: 103.
num_chunks_taken_from_freelist: 3634.
num_chunk_merges: 41.
num_chunk_splits: 2191.
num_chunks_enlarged: 1251.
num_inconsistent_stats: 0.

CodeHeap 'non-profiled nmethods': size=120000Kb used=9866Kb max_used=9911Kb free=110133Kb
 bounds [0x000002c0b3a40000, 0x000002c0b4400000, 0x000002c0baf70000]
CodeHeap 'profiled nmethods': size=120000Kb used=23345Kb max_used=25767Kb free=96654Kb
 bounds [0x000002c0abf70000, 0x000002c0ad8a0000, 0x000002c0b34a0000]
CodeHeap 'non-nmethods': size=5760Kb used=2338Kb max_used=2403Kb free=3421Kb
 bounds [0x000002c0b34a0000, 0x000002c0b3710000, 0x000002c0b3a40000]
 total_blobs=12995 nmethods=12145 adapters=761
 compilation: enabled
              stopped_count=0, restarted_count=0
 full_count=0

Compilation events (20 events):
Event: 718.904 Thread 0x000002c0be7387a0 14784       3       java.io.ObjectStreamField::appendClassSignature (69 bytes)
Event: 718.905 Thread 0x000002c0be7387a0 nmethod 14784 0x000002c0ac992f90 code [0x000002c0ac993200, 0x000002c0ac9939b8]
Event: 718.905 Thread 0x000002c0be7387a0 14785       1       java.io.ObjectStreamField::getOffset (5 bytes)
Event: 718.905 Thread 0x000002c0be7387a0 nmethod 14785 0x000002c0b3eed690 code [0x000002c0b3eed820, 0x000002c0b3eed8f8]
Event: 718.907 Thread 0x000002c0be7387a0 14787       3       java.lang.ClassLoader::<init> (10 bytes)
Event: 718.907 Thread 0x000002c0be7387a0 nmethod 14787 0x000002c0ac379310 code [0x000002c0ac3794c0, 0x000002c0ac3796b8]
Event: 718.907 Thread 0x000002c0be7387a0 14789       3       java.security.CodeSource::<init> (52 bytes)
Event: 718.908 Thread 0x000002c0be7387a0 nmethod 14789 0x000002c0ac1c0490 code [0x000002c0ac1c0660, 0x000002c0ac1c0bf8]
Event: 718.908 Thread 0x000002c0be7387a0 14788       3       java.lang.ClassLoader::checkCreateClassLoader (5 bytes)
Event: 718.908 Thread 0x000002c0be7387a0 nmethod 14788 0x000002c0ac42ee90 code [0x000002c0ac42f060, 0x000002c0ac42f4e8]
Event: 718.908 Thread 0x000002c0be7387a0 14791   !   3       java.io.ObjectOutputStream::writeObject (38 bytes)
Event: 718.909 Thread 0x000002c0be7387a0 nmethod 14791 0x000002c0ac947a10 code [0x000002c0ac947be0, 0x000002c0ac947f38]
Event: 718.909 Thread 0x000002c0be7387a0 14792   !   3       org.gradle.internal.serialize.ExceptionReplacingObjectOutputStream$1::transform (15 bytes)
Event: 718.909 Thread 0x000002c0be7387a0 nmethod 14792 0x000002c0ac4fbe10 code [0x000002c0ac4fc020, 0x000002c0ac4fc7d8]
Event: 718.909 Thread 0x000002c0be7387a0 14793       3       org.gradle.internal.serialize.ExceptionReplacingObjectOutputStream::doReplaceObject (25 bytes)
Event: 718.910 Thread 0x000002c0be7387a0 nmethod 14793 0x000002c0ac37da90 code [0x000002c0ac37dc60, 0x000002c0ac37e268]
Event: 718.910 Thread 0x000002c0be7387a0 14795       1       java.io.SerialCallbackContext::getDesc (5 bytes)
Event: 718.910 Thread 0x000002c0be7387a0 nmethod 14795 0x000002c0b3eed390 code [0x000002c0b3eed520, 0x000002c0b3eed5f8]
Event: 718.914 Thread 0x000002c0bea4f0d0 nmethod 14781% 0x000002c0b414ac10 code [0x000002c0b414ade0, 0x000002c0b414b748]
Event: 718.914 Thread 0x000002c0bea4f0d0 14786   !   4       java.io.ObjectOutputStream::writeObject0 (620 bytes)

GC Heap History (20 events):
Event: 17.343 GC heap before
{Heap before GC invocations=9 (full 0):
 garbage-first heap   total 262144K, used 178295K [0x00000000e0000000, 0x0000000100000000)
  region size 1024K, 153 young (156672K), 18 survivors (18432K)
 Metaspace       used 53634K, committed 54080K, reserved 393216K
  class space    used 7457K, committed 7680K, reserved 327680K
}
Event: 17.383 GC heap after
{Heap after GC invocations=10 (full 0):
 garbage-first heap   total 262144K, used 48498K [0x00000000e0000000, 0x0000000100000000)
  region size 1024K, 17 young (17408K), 17 survivors (17408K)
 Metaspace       used 53634K, committed 54080K, reserved 393216K
  class space    used 7457K, committed 7680K, reserved 327680K
}
Event: 111.185 GC heap before
{Heap before GC invocations=10 (full 0):
 garbage-first heap   total 262144K, used 186738K [0x00000000e0000000, 0x0000000100000000)
  region size 1024K, 153 young (156672K), 17 survivors (17408K)
 Metaspace       used 55749K, committed 56384K, reserved 393216K
  class space    used 7675K, committed 8000K, reserved 327680K
}
Event: 111.215 GC heap after
{Heap after GC invocations=11 (full 0):
 garbage-first heap   total 262144K, used 50176K [0x00000000e0000000, 0x0000000100000000)
  region size 1024K, 9 young (9216K), 9 survivors (9216K)
 Metaspace       used 55749K, committed 56384K, reserved 393216K
  class space    used 7675K, committed 8000K, reserved 327680K
}
Event: 156.832 GC heap before
{Heap before GC invocations=11 (full 0):
 garbage-first heap   total 262144K, used 196608K [0x00000000e0000000, 0x0000000100000000)
  region size 1024K, 153 young (156672K), 9 survivors (9216K)
 Metaspace       used 56310K, committed 56960K, reserved 393216K
  class space    used 7680K, committed 8000K, reserved 327680K
}
Event: 156.851 GC heap after
{Heap after GC invocations=12 (full 0):
 garbage-first heap   total 262144K, used 52716K [0x00000000e0000000, 0x0000000100000000)
  region size 1024K, 12 young (12288K), 12 survivors (12288K)
 Metaspace       used 56310K, committed 56960K, reserved 393216K
  class space    used 7680K, committed 8000K, reserved 327680K
}
Event: 177.018 GC heap before
{Heap before GC invocations=12 (full 0):
 garbage-first heap   total 262144K, used 196076K [0x00000000e0000000, 0x0000000100000000)
  region size 1024K, 153 young (156672K), 12 survivors (12288K)
 Metaspace       used 56643K, committed 57280K, reserved 393216K
  class space    used 7682K, committed 8000K, reserved 327680K
}
Event: 177.044 GC heap after
{Heap after GC invocations=13 (full 0):
 garbage-first heap   total 262144K, used 55795K [0x00000000e0000000, 0x0000000100000000)
  region size 1024K, 8 young (8192K), 8 survivors (8192K)
 Metaspace       used 56643K, committed 57280K, reserved 393216K
  class space    used 7682K, committed 8000K, reserved 327680K
}
Event: 283.540 GC heap before
{Heap before GC invocations=13 (full 0):
 garbage-first heap   total 262144K, used 203251K [0x00000000e0000000, 0x0000000100000000)
  region size 1024K, 153 young (156672K), 8 survivors (8192K)
 Metaspace       used 57038K, committed 57664K, reserved 393216K
  class space    used 7722K, committed 8064K, reserved 327680K
}
Event: 283.559 GC heap after
{Heap after GC invocations=14 (full 0):
 garbage-first heap   total 262144K, used 59285K [0x00000000e0000000, 0x0000000100000000)
  region size 1024K, 12 young (12288K), 12 survivors (12288K)
 Metaspace       used 57038K, committed 57664K, reserved 393216K
  class space    used 7722K, committed 8064K, reserved 327680K
}
Event: 324.860 GC heap before
{Heap before GC invocations=14 (full 0):
 garbage-first heap   total 262144K, used 202645K [0x00000000e0000000, 0x0000000100000000)
  region size 1024K, 153 young (156672K), 12 survivors (12288K)
 Metaspace       used 57884K, committed 58496K, reserved 393216K
  class space    used 7831K, committed 8128K, reserved 327680K
}
Event: 324.866 GC heap after
{Heap after GC invocations=15 (full 0):
 garbage-first heap   total 262144K, used 50464K [0x00000000e0000000, 0x0000000100000000)
  region size 1024K, 2 young (2048K), 2 survivors (2048K)
 Metaspace       used 57884K, committed 58496K, reserved 393216K
  class space    used 7831K, committed 8128K, reserved 327680K
}
Event: 350.858 GC heap before
{Heap before GC invocations=15 (full 0):
 garbage-first heap   total 262144K, used 204064K [0x00000000e0000000, 0x0000000100000000)
  region size 1024K, 153 young (156672K), 2 survivors (2048K)
 Metaspace       used 58120K, committed 58816K, reserved 393216K
  class space    used 7851K, committed 8192K, reserved 327680K
}
Event: 350.868 GC heap after
{Heap after GC invocations=16 (full 0):
 garbage-first heap   total 262144K, used 54200K [0x00000000e0000000, 0x0000000100000000)
  region size 1024K, 6 young (6144K), 6 survivors (6144K)
 Metaspace       used 58120K, committed 58816K, reserved 393216K
  class space    used 7851K, committed 8192K, reserved 327680K
}
Event: 374.557 GC heap before
{Heap before GC invocations=16 (full 0):
 garbage-first heap   total 262144K, used 203704K [0x00000000e0000000, 0x0000000100000000)
  region size 1024K, 153 young (156672K), 6 survivors (6144K)
 Metaspace       used 58208K, committed 58880K, reserved 393216K
  class space    used 7852K, committed 8192K, reserved 327680K
}
Event: 374.573 GC heap after
{Heap after GC invocations=17 (full 0):
 garbage-first heap   total 262144K, used 58830K [0x00000000e0000000, 0x0000000100000000)
  region size 1024K, 10 young (10240K), 10 survivors (10240K)
 Metaspace       used 58208K, committed 58880K, reserved 393216K
  class space    used 7852K, committed 8192K, reserved 327680K
}
Event: 713.207 GC heap before
{Heap before GC invocations=17 (full 0):
 garbage-first heap   total 262144K, used 204238K [0x00000000e0000000, 0x0000000100000000)
  region size 1024K, 153 young (156672K), 10 survivors (10240K)
 Metaspace       used 58347K, committed 59008K, reserved 393216K
  class space    used 7853K, committed 8192K, reserved 327680K
}
Event: 713.213 GC heap after
{Heap after GC invocations=18 (full 0):
 garbage-first heap   total 262144K, used 50976K [0x00000000e0000000, 0x0000000100000000)
  region size 1024K, 2 young (2048K), 2 survivors (2048K)
 Metaspace       used 58347K, committed 59008K, reserved 393216K
  class space    used 7853K, committed 8192K, reserved 327680K
}
Event: 717.869 GC heap before
{Heap before GC invocations=18 (full 0):
 garbage-first heap   total 262144K, used 154400K [0x00000000e0000000, 0x0000000100000000)
  region size 1024K, 105 young (107520K), 2 survivors (2048K)
 Metaspace       used 58420K, committed 59136K, reserved 393216K
  class space    used 7853K, committed 8192K, reserved 327680K
}
Event: 717.984 GC heap after
{Heap after GC invocations=19 (full 1):
 garbage-first heap   total 262144K, used 43829K [0x00000000e0000000, 0x0000000100000000)
  region size 1024K, 0 young (0K), 0 survivors (0K)
 Metaspace       used 58330K, committed 59136K, reserved 393216K
  class space    used 7830K, committed 8192K, reserved 327680K
}

Deoptimization events (20 events):
Event: 718.869 Thread 0x000002c0dad32ed0 Uncommon trap: trap_request=0xffffff45 fr.pc=0x000002c0b3cb3508 relative=0x00000000000005c8
Event: 718.869 Thread 0x000002c0dad32ed0 Uncommon trap: reason=unstable_if action=reinterpret pc=0x000002c0b3cb3508 method=java.lang.ref.SoftReference.get()Ljava/lang/Object; @ 6 c2
Event: 718.869 Thread 0x000002c0dad32ed0 DEOPT PACKING pc=0x000002c0b3cb3508 sp=0x000000fcc6cfd750
Event: 718.869 Thread 0x000002c0dad32ed0 DEOPT UNPACKING pc=0x000002c0b34f23a3 sp=0x000000fcc6cfd630 mode 2
Event: 718.871 Thread 0x000002c0dad32ed0 Uncommon trap: trap_request=0xffffffc6 fr.pc=0x000002c0b4197f64 relative=0x00000000000005e4
Event: 718.871 Thread 0x000002c0dad32ed0 Uncommon trap: reason=bimorphic_or_optimized_type_check action=maybe_recompile pc=0x000002c0b4197f64 method=java.util.concurrent.CopyOnWriteArrayList.indexOfRange(Ljava/lang/Object;[Ljava/lang/Object;II)I @ 46 c2
Event: 718.871 Thread 0x000002c0dad32ed0 DEOPT PACKING pc=0x000002c0b4197f64 sp=0x000000fcc6cfd060
Event: 718.871 Thread 0x000002c0dad32ed0 DEOPT UNPACKING pc=0x000002c0b34f23a3 sp=0x000000fcc6cfd030 mode 2
Event: 718.871 Thread 0x000002c0dad32ed0 Uncommon trap: trap_request=0xffffffc6 fr.pc=0x000002c0b4197f64 relative=0x00000000000005e4
Event: 718.871 Thread 0x000002c0dad32ed0 Uncommon trap: reason=bimorphic_or_optimized_type_check action=maybe_recompile pc=0x000002c0b4197f64 method=java.util.concurrent.CopyOnWriteArrayList.indexOfRange(Ljava/lang/Object;[Ljava/lang/Object;II)I @ 46 c2
Event: 718.871 Thread 0x000002c0dad32ed0 DEOPT PACKING pc=0x000002c0b4197f64 sp=0x000000fcc6cfd060
Event: 718.871 Thread 0x000002c0dad32ed0 DEOPT UNPACKING pc=0x000002c0b34f23a3 sp=0x000000fcc6cfd030 mode 2
Event: 718.871 Thread 0x000002c0dad32ed0 Uncommon trap: trap_request=0xffffffc6 fr.pc=0x000002c0b4197f64 relative=0x00000000000005e4
Event: 718.871 Thread 0x000002c0dad32ed0 Uncommon trap: reason=bimorphic_or_optimized_type_check action=maybe_recompile pc=0x000002c0b4197f64 method=java.util.concurrent.CopyOnWriteArrayList.indexOfRange(Ljava/lang/Object;[Ljava/lang/Object;II)I @ 46 c2
Event: 718.871 Thread 0x000002c0dad32ed0 DEOPT PACKING pc=0x000002c0b4197f64 sp=0x000000fcc6cfcf10
Event: 718.871 Thread 0x000002c0dad32ed0 DEOPT UNPACKING pc=0x000002c0b34f23a3 sp=0x000000fcc6cfcee0 mode 2
Event: 718.871 Thread 0x000002c0dad32ed0 Uncommon trap: trap_request=0xffffffc6 fr.pc=0x000002c0b4197f64 relative=0x00000000000005e4
Event: 718.871 Thread 0x000002c0dad32ed0 Uncommon trap: reason=bimorphic_or_optimized_type_check action=maybe_recompile pc=0x000002c0b4197f64 method=java.util.concurrent.CopyOnWriteArrayList.indexOfRange(Ljava/lang/Object;[Ljava/lang/Object;II)I @ 46 c2
Event: 718.871 Thread 0x000002c0dad32ed0 DEOPT PACKING pc=0x000002c0b4197f64 sp=0x000000fcc6cfcc00
Event: 718.871 Thread 0x000002c0dad32ed0 DEOPT UNPACKING pc=0x000002c0b34f23a3 sp=0x000000fcc6cfcbd0 mode 2

Classes unloaded (20 events):
Event: 717.911 Thread 0x000002c0be70c590 Unloading class 0x000002c0c01dc800 'java/lang/invoke/LambdaForm$MH+0x000002c0c01dc800'
Event: 717.911 Thread 0x000002c0be70c590 Unloading class 0x000002c0c01dc400 'java/lang/invoke/LambdaForm$BMH+0x000002c0c01dc400'
Event: 717.911 Thread 0x000002c0be70c590 Unloading class 0x000002c0c010a400 'java/lang/invoke/LambdaForm$DMH+0x000002c0c010a400'
Event: 717.911 Thread 0x000002c0be70c590 Unloading class 0x000002c0c0109c00 'java/lang/invoke/LambdaForm$DMH+0x000002c0c0109c00'
Event: 717.911 Thread 0x000002c0be70c590 Unloading class 0x000002c0c0109800 'java/lang/invoke/LambdaForm$MH+0x000002c0c0109800'
Event: 717.911 Thread 0x000002c0be70c590 Unloading class 0x000002c0c0109400 'java/lang/invoke/LambdaForm$MH+0x000002c0c0109400'
Event: 717.911 Thread 0x000002c0be70c590 Unloading class 0x000002c0c0109000 'java/lang/invoke/LambdaForm$MH+0x000002c0c0109000'
Event: 717.911 Thread 0x000002c0be70c590 Unloading class 0x000002c0c0108c00 'java/lang/invoke/LambdaForm$MH+0x000002c0c0108c00'
Event: 717.911 Thread 0x000002c0be70c590 Unloading class 0x000002c0c0108800 'java/lang/invoke/LambdaForm$MH+0x000002c0c0108800'
Event: 717.911 Thread 0x000002c0be70c590 Unloading class 0x000002c0c0108400 'java/lang/invoke/LambdaForm$MH+0x000002c0c0108400'
Event: 717.911 Thread 0x000002c0be70c590 Unloading class 0x000002c0c0108000 'java/lang/invoke/LambdaForm$MH+0x000002c0c0108000'
Event: 717.911 Thread 0x000002c0be70c590 Unloading class 0x000002c0c00de400 'java/lang/invoke/LambdaForm$MH+0x000002c0c00de400'
Event: 717.911 Thread 0x000002c0be70c590 Unloading class 0x000002c0c00ddc00 'java/lang/invoke/LambdaForm$MH+0x000002c0c00ddc00'
Event: 717.911 Thread 0x000002c0be70c590 Unloading class 0x000002c0c00dd800 'java/lang/invoke/LambdaForm$MH+0x000002c0c00dd800'
Event: 717.911 Thread 0x000002c0be70c590 Unloading class 0x000002c0c00dd400 'java/lang/invoke/LambdaForm$MH+0x000002c0c00dd400'
Event: 717.911 Thread 0x000002c0be70c590 Unloading class 0x000002c0c00dd000 'java/lang/invoke/LambdaForm$MH+0x000002c0c00dd000'
Event: 717.911 Thread 0x000002c0be70c590 Unloading class 0x000002c0c00dc800 'java/lang/invoke/LambdaForm$MH+0x000002c0c00dc800'
Event: 717.911 Thread 0x000002c0be70c590 Unloading class 0x000002c0c002ac00 'java/lang/invoke/LambdaForm$MH+0x000002c0c002ac00'
Event: 717.911 Thread 0x000002c0be70c590 Unloading class 0x000002c0c002a800 'java/lang/invoke/LambdaForm$MH+0x000002c0c002a800'
Event: 717.911 Thread 0x000002c0be70c590 Unloading class 0x000002c0c0028400 'java/lang/invoke/LambdaForm$MH+0x000002c0c0028400'

Classes redefined (0 events):
No events

Internal exceptions (20 events):
Event: 718.180 Thread 0x000002c0dda43130 Exception <a 'sun/nio/fs/WindowsException'{0x00000000eff0a520}> (0x00000000eff0a520) 
thrown [s\open\src\hotspot\share\prims\jni.cpp, line 516]
Event: 718.181 Thread 0x000002c0dda43130 Exception <a 'sun/nio/fs/WindowsException'{0x00000000eff0b478}> (0x00000000eff0b478) 
thrown [s\open\src\hotspot\share\prims\jni.cpp, line 516]
Event: 718.223 Thread 0x000002c0dda43130 Exception <a 'sun/nio/fs/WindowsException'{0x00000000eff0c3e8}> (0x00000000eff0c3e8) 
thrown [s\open\src\hotspot\share\prims\jni.cpp, line 516]
Event: 718.223 Thread 0x000002c0dda43130 Exception <a 'sun/nio/fs/WindowsException'{0x00000000eff0d340}> (0x00000000eff0d340) 
thrown [s\open\src\hotspot\share\prims\jni.cpp, line 516]
Event: 718.238 Thread 0x000002c0dda43130 Exception <a 'sun/nio/fs/WindowsException'{0x00000000eff0e2b0}> (0x00000000eff0e2b0) 
thrown [s\open\src\hotspot\share\prims\jni.cpp, line 516]
Event: 718.239 Thread 0x000002c0dda43130 Exception <a 'sun/nio/fs/WindowsException'{0x00000000eff0f208}> (0x00000000eff0f208) 
thrown [s\open\src\hotspot\share\prims\jni.cpp, line 516]
Event: 718.270 Thread 0x000002c0dda43130 Exception <a 'sun/nio/fs/WindowsException'{0x00000000eff10178}> (0x00000000eff10178) 
thrown [s\open\src\hotspot\share\prims\jni.cpp, line 516]
Event: 718.272 Thread 0x000002c0dda43130 Exception <a 'sun/nio/fs/WindowsException'{0x00000000eff110d0}> (0x00000000eff110d0) 
thrown [s\open\src\hotspot\share\prims\jni.cpp, line 516]
Event: 718.320 Thread 0x000002c0dda43130 Exception <a 'sun/nio/fs/WindowsException'{0x00000000eff12040}> (0x00000000eff12040) 
thrown [s\open\src\hotspot\share\prims\jni.cpp, line 516]
Event: 718.320 Thread 0x000002c0dda43130 Exception <a 'sun/nio/fs/WindowsException'{0x00000000eff12f98}> (0x00000000eff12f98) 
thrown [s\open\src\hotspot\share\prims\jni.cpp, line 516]
Event: 718.349 Thread 0x000002c0dda43130 Exception <a 'sun/nio/fs/WindowsException'{0x00000000eff141c0}> (0x00000000eff141c0) 
thrown [s\open\src\hotspot\share\prims\jni.cpp, line 516]
Event: 718.350 Thread 0x000002c0dda43130 Exception <a 'sun/nio/fs/WindowsException'{0x00000000eff15118}> (0x00000000eff15118) 
thrown [s\open\src\hotspot\share\prims\jni.cpp, line 516]
Event: 718.353 Thread 0x000002c0dda43130 Exception <a 'java/lang/reflect/InvocationTargetException'{0x00000000eff17e10}> (0x00000000eff17e10) 
thrown [s\open\src\hotspot\share\runtime\reflection.cpp, line 1121]
Event: 718.373 Thread 0x000002c0dda43130 Implicit null exception at 0x000002c0b3d31f07 to 0x000002c0b3d37118
Event: 718.379 Thread 0x000002c0dda43130 Implicit null exception at 0x000002c0b3d3cb07 to 0x000002c0b3d41d18
Event: 718.489 Thread 0x000002c0dad338f0 Implicit null exception at 0x000002c0b3c7576f to 0x000002c0b3c75ad4
Event: 718.491 Thread 0x000002c0dad338f0 Exception <a 'java/lang/NoSuchMethodError'{0x00000000efef0570}: static Lorg/gradle/internal/build/event/types/DefaultTaskFailureResult;.<clinit>()V> (0x00000000efef0570) 
thrown [s\open\src\hotspot\share\prims\jni.cpp, line 1107]
Event: 718.494 Thread 0x000002c0dad338f0 Exception <a 'java/lang/NoSuchMethodError'{0x00000000efd07d68}: static Lorg/gradle/internal/build/event/types/DefaultFailure;.<clinit>()V> (0x00000000efd07d68) 
thrown [s\open\src\hotspot\share\prims\jni.cpp, line 1107]
Event: 718.561 Thread 0x000002c0dad32ed0 Exception <a 'java/lang/NoSuchMethodError'{0x00000000efc16558}: 'void java.lang.invoke.DirectMethodHandle$Holder.invokeStatic(java.lang.Object, int, java.lang.Object)'> (0x00000000efc16558) 
thrown [s\open\src\hotspot\share\interpreter\linkResolver.cpp, line 759]
Event: 718.869 Thread 0x000002c0dad32ed0 Implicit null exception at 0x000002c0b3cb2f96 to 0x000002c0b3cb34f0

VM Operations (20 events):
Event: 715.399 Executing VM operation: HandshakeAllThreads
Event: 715.400 Executing VM operation: HandshakeAllThreads done
Event: 716.401 Executing VM operation: Cleanup
Event: 716.401 Executing VM operation: Cleanup done
Event: 716.701 Executing VM operation: HandshakeAllThreads
Event: 716.717 Executing VM operation: HandshakeAllThreads done
Event: 717.729 Executing VM operation: Cleanup
Event: 717.730 Executing VM operation: Cleanup done
Event: 717.869 Executing VM operation: G1CollectFull
Event: 717.985 Executing VM operation: G1CollectFull done
Event: 718.353 Executing VM operation: HandshakeAllThreads
Event: 718.353 Executing VM operation: HandshakeAllThreads done
Event: 718.376 Executing VM operation: HandshakeAllThreads
Event: 718.376 Executing VM operation: HandshakeAllThreads done
Event: 718.574 Executing VM operation: HandshakeAllThreads
Event: 718.618 Executing VM operation: HandshakeAllThreads done
Event: 718.792 Executing VM operation: HandshakeAllThreads
Event: 718.841 Executing VM operation: HandshakeAllThreads done
Event: 718.843 Executing VM operation: HandshakeAllThreads
Event: 718.843 Executing VM operation: HandshakeAllThreads done

Events (20 events):
Event: 718.384 loading class java/lang/StackTraceElement$HashedModules
Event: 718.384 loading class java/lang/StackTraceElement$HashedModules done
Event: 718.548 loading class java/util/logging/LogRecord
Event: 718.549 loading class java/util/logging/LogRecord done
Event: 718.690 Thread 0x000002c0dad37ac0 Thread exited: 0x000002c0dad37ac0
Event: 718.728 Thread 0x000002c0dda412d0 Thread exited: 0x000002c0dda412d0
Event: 718.751 Thread 0x000002c0dad35c60 Thread exited: 0x000002c0dad35c60
Event: 718.778 Thread 0x000002c0dad35750 Thread exited: 0x000002c0dad35750
Event: 718.778 Thread 0x000002c0dad324b0 Thread exited: 0x000002c0dad324b0
Event: 718.778 Thread 0x000002c0dda43130 Thread exited: 0x000002c0dda43130
Event: 718.778 Thread 0x000002c0dda40dc0 Thread exited: 0x000002c0dda40dc0
Event: 718.787 Thread 0x000002c0d93488d0 Thread added: 0x000002c0d93488d0
Event: 718.829 Thread 0x000002c0d93488d0 Thread exited: 0x000002c0d93488d0
Event: 718.859 loading class java/lang/Short$ShortCache
Event: 718.859 loading class java/lang/Short$ShortCache done
Event: 718.875 loading class java/io/NotSerializableException
Event: 718.875 loading class java/io/NotSerializableException done
Event: 718.892 Thread 0x000002c0bea4f0d0 Thread added: 0x000002c0bea4f0d0
Event: 718.895 loading class java/util/Collections$EmptyListIterator
Event: 718.895 loading class java/util/Collections$EmptyListIterator done


Dynamic libraries:
0x00007ff611ae0000 - 0x00007ff611af0000 	C:\Program Files\Java\jdk-17\bin\java.exe
0x00007ff9fbb70000 - 0x00007ff9fbd68000 	C:\Windows\SYSTEM32\ntdll.dll
0x00007ff9fa0a0000 - 0x00007ff9fa15d000 	C:\Windows\System32\KERNEL32.DLL
0x00007ff9f9830000 - 0x00007ff9f9b26000 	C:\Windows\System32\KERNELBASE.dll
0x00007ff9f9450000 - 0x00007ff9f9550000 	C:\Windows\System32\ucrtbase.dll
0x00007ff9d4590000 - 0x00007ff9d45ab000 	C:\Program Files\Java\jdk-17\bin\VCRUNTIME140.dll
0x00007ff9d7690000 - 0x00007ff9d76a9000 	C:\Program Files\Java\jdk-17\bin\jli.dll
0x00007ff9fb690000 - 0x00007ff9fb73f000 	C:\Windows\System32\ADVAPI32.dll
0x00007ff9fb840000 - 0x00007ff9fb8de000 	C:\Windows\System32\msvcrt.dll
0x00007ff9fa2e0000 - 0x00007ff9fa37c000 	C:\Windows\System32\sechost.dll
0x00007ff9fb8e0000 - 0x00007ff9fba06000 	C:\Windows\System32\RPCRT4.dll
0x00007ff9fb4f0000 - 0x00007ff9fb68e000 	C:\Windows\System32\USER32.dll
0x00007ff9f9550000 - 0x00007ff9f9572000 	C:\Windows\System32\win32u.dll
0x00007ff9fa820000 - 0x00007ff9fa84c000 	C:\Windows\System32\GDI32.dll
0x00007ff9f95d0000 - 0x00007ff9f96ea000 	C:\Windows\System32\gdi32full.dll
0x00007ff9ea5a0000 - 0x00007ff9ea83a000 	C:\Windows\WinSxS\amd64_microsoft.windows.common-controls_6595b64144ccf1df_6.0.19041.3636_none_60b6a03d71f818d5\COMCTL32.dll
0x00007ff9f9b30000 - 0x00007ff9f9bcd000 	C:\Windows\System32\msvcp_win.dll
0x00007ff9e8ae0000 - 0x00007ff9e8aea000 	C:\Windows\SYSTEM32\VERSION.dll
0x00007ff9fa1e0000 - 0x00007ff9fa210000 	C:\Windows\System32\IMM32.DLL
0x00007ff9e9410000 - 0x00007ff9e941c000 	C:\Program Files\Java\jdk-17\bin\vcruntime140_1.dll
0x00007ff9d2720000 - 0x00007ff9d27ae000 	C:\Program Files\Java\jdk-17\bin\msvcp140.dll
0x00007ff999160000 - 0x00007ff999d3f000 	C:\Program Files\Java\jdk-17\bin\server\jvm.dll
0x00007ff9fb7c0000 - 0x00007ff9fb7c8000 	C:\Windows\System32\PSAPI.DLL
0x00007ff9e6990000 - 0x00007ff9e6999000 	C:\Windows\SYSTEM32\WSOCK32.dll
0x00007ff9fb7d0000 - 0x00007ff9fb83b000 	C:\Windows\System32\WS2_32.dll
0x00007ff9e8100000 - 0x00007ff9e8127000 	C:\Windows\SYSTEM32\WINMM.dll
0x00007ff9f7110000 - 0x00007ff9f7122000 	C:\Windows\SYSTEM32\kernel.appcore.dll
0x00007ff9e8d20000 - 0x00007ff9e8d2a000 	C:\Program Files\Java\jdk-17\bin\jimage.dll
0x00007ff9e4830000 - 0x00007ff9e4a14000 	C:\Windows\SYSTEM32\DBGHELP.DLL
0x00007ff9e1530000 - 0x00007ff9e1564000 	C:\Windows\SYSTEM32\dbgcore.DLL
0x00007ff9f96f0000 - 0x00007ff9f9772000 	C:\Windows\System32\bcryptPrimitives.dll
0x00007ff9e8b90000 - 0x00007ff9e8b9e000 	C:\Program Files\Java\jdk-17\bin\instrument.dll
0x00007ff9d4450000 - 0x00007ff9d4475000 	C:\Program Files\Java\jdk-17\bin\java.dll
0x00007ff9d1b50000 - 0x00007ff9d1c27000 	C:\Program Files\Java\jdk-17\bin\jsvml.dll
0x00007ff9fada0000 - 0x00007ff9fb4e5000 	C:\Windows\System32\SHELL32.dll
0x00007ff9f7310000 - 0x00007ff9f7aab000 	C:\Windows\SYSTEM32\windows.storage.dll
0x00007ff9f9d40000 - 0x00007ff9fa094000 	C:\Windows\System32\combase.dll
0x00007ff9f8bc0000 - 0x00007ff9f8bed000 	C:\Windows\SYSTEM32\Wldp.dll
0x00007ff9fa430000 - 0x00007ff9fa4dd000 	C:\Windows\System32\SHCORE.dll
0x00007ff9fa860000 - 0x00007ff9fa8b5000 	C:\Windows\System32\shlwapi.dll
0x00007ff9f9180000 - 0x00007ff9f91a5000 	C:\Windows\SYSTEM32\profapi.dll
0x00007ff9d3c40000 - 0x00007ff9d3c58000 	C:\Program Files\Java\jdk-17\bin\zip.dll
0x00007ff9d3c20000 - 0x00007ff9d3c39000 	C:\Program Files\Java\jdk-17\bin\net.dll
0x00007ff9edc40000 - 0x00007ff9edd4a000 	C:\Windows\SYSTEM32\WINHTTP.dll
0x00007ff9f8920000 - 0x00007ff9f898a000 	C:\Windows\system32\mswsock.dll
0x00007ff9d3be0000 - 0x00007ff9d3bf6000 	C:\Program Files\Java\jdk-17\bin\nio.dll
0x00007ff9e8470000 - 0x00007ff9e8480000 	C:\Program Files\Java\jdk-17\bin\verify.dll
0x00007ff9d5330000 - 0x00007ff9d5357000 	C:\Users\Administrator\.gradle\native\c067742578af261105cb4f569cf0c3c89f3d7b1fecec35dd04571415982c5e48\windows-amd64\native-platform.dll
0x00007ff9b9fe0000 - 0x00007ff9ba124000 	C:\Users\Administrator\.gradle\native\38dada09dfb8b06ba9b0570ebf7e218e3eb74d4ef43ca46872605cf95ebc2f47\windows-amd64\native-platform-file-events.dll
0x00007ff9e4f90000 - 0x00007ff9e4f9a000 	C:\Program Files\Java\jdk-17\bin\management.dll
0x00007ff9e04b0000 - 0x00007ff9e04bb000 	C:\Program Files\Java\jdk-17\bin\management_ext.dll
0x00007ff9f8b10000 - 0x00007ff9f8b28000 	C:\Windows\SYSTEM32\CRYPTSP.dll
0x00007ff9f8250000 - 0x00007ff9f8284000 	C:\Windows\system32\rsaenh.dll
0x00007ff9f9420000 - 0x00007ff9f9447000 	C:\Windows\System32\bcrypt.dll
0x00007ff9f9140000 - 0x00007ff9f916e000 	C:\Windows\SYSTEM32\USERENV.dll
0x00007ff9f8b30000 - 0x00007ff9f8b3c000 	C:\Windows\SYSTEM32\CRYPTBASE.dll
0x00007ff9f8610000 - 0x00007ff9f864b000 	C:\Windows\SYSTEM32\IPHLPAPI.DLL
0x00007ff9fad90000 - 0x00007ff9fad98000 	C:\Windows\System32\NSI.dll
0x00007ff9efb50000 - 0x00007ff9efb67000 	C:\Windows\SYSTEM32\dhcpcsvc6.DLL
0x00007ff9f0ba0000 - 0x00007ff9f0bbd000 	C:\Windows\SYSTEM32\dhcpcsvc.DLL
0x00007ff9f8650000 - 0x00007ff9f871a000 	C:\Windows\SYSTEM32\DNSAPI.dll
0x00007ff9db690000 - 0x00007ff9db69e000 	C:\Program Files\Java\jdk-17\bin\sunmscapi.dll
0x00007ff9f9250000 - 0x00007ff9f93ad000 	C:\Windows\System32\CRYPT32.dll
0x00007ff9f8c30000 - 0x00007ff9f8c57000 	C:\Windows\SYSTEM32\ncrypt.dll
0x00007ff9f8bf0000 - 0x00007ff9f8c2b000 	C:\Windows\SYSTEM32\NTASN1.dll
0x00007ff9b1720000 - 0x00007ff9b1727000 	C:\Windows\system32\wshunix.dll

dbghelp: loaded successfully - version: 4.0.5 - missing functions: none
symbol engine: initialized successfully - sym options: 0x614 - pdb path: .;C:\Program Files\Java\jdk-17\bin;C:\Windows\SYSTEM32;C:\Windows\WinSxS\amd64_microsoft.windows.common-controls_6595b64144ccf1df_6.0.19041.3636_none_60b6a03d71f818d5;C:\Program Files\Java\jdk-17\bin\server;C:\Users\Administrator\.gradle\native\c067742578af261105cb4f569cf0c3c89f3d7b1fecec35dd04571415982c5e48\windows-amd64;C:\Users\Administrator\.gradle\native\38dada09dfb8b06ba9b0570ebf7e218e3eb74d4ef43ca46872605cf95ebc2f47\windows-amd64

VM Arguments:
jvm_args: --add-opens=java.base/java.util=ALL-UNNAMED --add-opens=java.base/java.lang=ALL-UNNAMED --add-opens=java.base/java.lang.invoke=ALL-UNNAMED --add-opens=java.prefs/java.util.prefs=ALL-UNNAMED --add-opens=java.base/java.nio.charset=ALL-UNNAMED --add-opens=java.base/java.net=ALL-UNNAMED --add-opens=java.base/java.util.concurrent.atomic=ALL-UNNAMED -XX:MaxMetaspaceSize=384m -XX:+HeapDumpOnOutOfMemoryError -Xms256m -Xmx512m -Dfile.encoding=x-windows-949 -Duser.country=KR -Duser.language=ko -Duser.variant -javaagent:C:\Users\Administrator\.gradle\wrapper\dists\gradle-8.7-bin\bhs2wmbdwecv87pi65oeuq5iu\gradle-8.7\lib\agents\gradle-instrumentation-agent-8.7.jar 
java_command: org.gradle.launcher.daemon.bootstrap.GradleDaemon 8.7
java_class_path (initial): C:\Users\Administrator\.gradle\wrapper\dists\gradle-8.7-bin\bhs2wmbdwecv87pi65oeuq5iu\gradle-8.7\lib\gradle-launcher-8.7.jar
Launcher Type: SUN_STANDARD

[Global flags]
     intx CICompilerCount                          = 3                                         {product} {ergonomic}
   size_t CompressedClassSpaceSize                 = 335544320                                 {product} {ergonomic}
     uint ConcGCThreads                            = 1                                         {product} {ergonomic}
     uint G1ConcRefinementThreads                  = 4                                         {product} {ergonomic}
   size_t G1HeapRegionSize                         = 1048576                                   {product} {ergonomic}
    uintx GCDrainStackTargetSize                   = 64                                        {product} {ergonomic}
     bool HeapDumpOnOutOfMemoryError               = true                                   {manageable} {command line}
   size_t InitialHeapSize                          = 268435456                                 {product} {command line}
   size_t MarkStackSize                            = 4194304                                   {product} {ergonomic}
   size_t MaxHeapSize                              = 536870912                                 {product} {command line}
   size_t MaxMetaspaceSize                         = 402653184                                 {product} {command line}
   size_t MaxNewSize                               = 321912832                                 {product} {ergonomic}
   size_t MinHeapDeltaBytes                        = 1048576                                   {product} {ergonomic}
   size_t MinHeapSize                              = 268435456                                 {product} {command line}
    uintx NonNMethodCodeHeapSize                   = 5832780                                {pd product} {ergonomic}
    uintx NonProfiledCodeHeapSize                  = 122912730                              {pd product} {ergonomic}
    uintx ProfiledCodeHeapSize                     = 122912730                              {pd product} {ergonomic}
    uintx ReservedCodeCacheSize                    = 251658240                              {pd product} {ergonomic}
     bool SegmentedCodeCache                       = true                                      {product} {ergonomic}
   size_t SoftMaxHeapSize                          = 536870912                              {manageable} {ergonomic}
     bool UseCompressedClassPointers               = true                           {product lp64_product} {ergonomic}
     bool UseCompressedOops                        = true                           {product lp64_product} {ergonomic}
     bool UseG1GC                                  = true                                      {product} {ergonomic}
     bool UseLargePagesIndividualAllocation        = false                                  {pd product} {ergonomic}

Logging:
Log output configuration:
 #0: stdout all=warning uptime,level,tags
 #1: stderr all=off uptime,level,tags

Environment Variables:
JAVA_HOME=C:\ Program Files\ Java\ jdk-17
PATH=C:\oraclexe\app\oracle\product\11.2.0\server\bin;;C:\oraclexe\app\oracle\product\11.2.0\server\bin;C:\Program Files\Common Files\Oracle\Java\javapath;C:\Windows\system32;C:\Windows;C:\Windows\System32\Wbem;C:\Windows\System32\WindowsPowerShell\v1.0\;C:\Windows\System32\OpenSSH\;C:\Program Files\Git\cmd;C:\ Program Files\ Java\ jdk-17\ bin;C:\Users\Administrator\AppData\Local\Microsoft\WindowsApps;C:\Program Files\JetBrains\IntelliJ IDEA Community Edition 2023.3.6\bin;;C:\Users\Administrator\AppData\Local\Programs\Microsoft VS Code\bin;;C:\Program Files\JetBrains\IntelliJ IDEA 2024.1.1\bin;
USERNAME=Administrator
OS=Windows_NT
PROCESSOR_IDENTIFIER=Intel64 Family 6 Model 42 Stepping 7, GenuineIntel



---------------  S Y S T E M  ---------------

OS:
 Windows 10 , 64 bit Build 19041 (10.0.19041.3636)
OS uptime: 0 days 3:05 hours

CPU: total 4 (initial active 4) (2 cores per cpu, 2 threads per core) family 6 model 42 stepping 7 microcode 0x2f, cx8, cmov, fxsr, ht, mmx, sse, sse2, sse3, ssse3, sse4.1, sse4.2, popcnt, tsc, tscinvbit, avx, aes, clmul, vzeroupper, clflush

Memory: 4k page, system-wide physical 8139M (704M free)
TotalPageFile size 10039M (AvailPageFile size 5M)
current process WorkingSet (physical memory assigned to process): 435M, peak: 440M
current process commit charge ("private bytes"): 507M, peak: 521M

vm_info: Java HotSpot(TM) 64-Bit Server VM (17.0.10+11-LTS-240) for windows-amd64 JRE (17.0.10+11-LTS-240), built on Dec 19 2023 21:47:25 by "mach5one" with MS VC++ 17.1 (VS2022)

END.
